#XSPEC version: 12.12.1
#Build Date/Time: Fri Jul  1 23:38:21 2022
#
!XSPEC12> data GRB201227A_n4.pha 
#
#1 spectrum  in use
# 
#Spectral Data File: GRB201227A_n4.pha  Spectrum 1
#Net count rate (cts/s) for Spectrum:1  8.136e+03 +/- 3.741e+02 (85.4 % total)
# Assigned to Data Group 1 and Plot Group 1
#  Noticed Channels:  1-128
#  Telescope: GLAST Instrument: GBM  Channel Type: PHA
#  Exposure Time: 0.0682 sec
# Using fit statistic: chi
# Using Background File                GRB201227A_n4.bak
#  Background Exposure Time: 0.07425 sec
# Using Response (RMF) File            GRB201227A_n4.rsp for Source 1
#
#
!XSPEC12> setpl en
#
!XSPEC12> cpd /xw
#
!XSPEC12> pl lda
#
!XSPEC12> setplot rebin 5
#
!XSPEC12> setplot rebin snr 5 5 
#***Error: min significance parameter is invalid.
#
!XSPEC12> setplot rebin snr 5 
#***Error: min significance parameter is invalid.
#
!XSPEC12> help(setplot)
#invalid command name "help(setplot)"
#
!XSPEC12> help setplot
#couldn't execute "firefox": no such file or directory
#
!XSPEC12> setplot rebin 1 10 1
#
!XSPEC12> pl lda
#
!XSPEC12> lmod grb
#Model package grb successfully loaded.
#
!XSPEC12> mod cpllfux
#
#***XSPEC Error:  No model component named cpllfux
#cpllfux is not a valid model component name.
# Additive Models: 
#agauss      cemekl      equil       nlapec      qsosed      vnpshock    
#agnsed      cevmkl      expdec      npeggrb*    raymond     voigt       
#agnslim     cflow       ezdiskbb    npegpow*    redge       vpshock     
#apec        compLS      gadem       nphgrb*     refsch      vraymond    
#bapec       compPS      gaussian    nphpow*     rnei        vrnei       
#bbody       compST      gnei        npow*       sbpl*       vsedov      
#bbodyrad    compTT      grad        npshock     sedov       vtapec      
#bexrav      compbb      grbcomp     nsa         sirf        vvapec      
#bexriv      compmag     grbeiso2*   nsagrav     slimbh      vvgnei      
#bkn2pow     comptb      grbjet      nsatmos     smaug       vvnei       
#bknpower    compth      grbliso2*   nsmax       snapec      vvnpshock   
#bmc         cph         grbm        nsmaxg      srcut       vvpshock    
#bremss      cplflux*    hatm        nsx         sresc       vvrnei      
#brnei       cplinear    jet         nteea       ssa         vvsedov     
#btapec      cutoffpl    kerrbb      nthComp     step        vvtapec     
#bvapec      cutplep*    kerrd       optxagn     tapec       vvwdem      
#bvrnei      disk        kerrdisk    optxagnf    twosbpl*    vwdem       
#bvtapec     diskbb      kyrline     pegcut*     vapec       wdem        
#bvvapec     diskir      laor        pegpwrlw    vbremss     zagauss     
#bvvrnei     diskline    laor2       pexmon      vcph        zbbody      
#bvvtapec    diskm       logpar      pexrav      vequil      zbknpower   
#bwcycl      disko       lorentz     pexriv      vgadem      zbremss     
#c6mekl      diskpbb     meka        plcabs      vgnei       zcutoffpl   
#c6pmekl     diskpn      mekal       posm        vmcflow     zgauss      
#c6pvmkl     eplogpar    mkcflow     powerlaw    vmeka       zkerrbb     
#c6vmekl     eqpair      nei         pphcut*     vmekal      zlogpar     
#carbatm     eqtherm     ngrbep*     pshock      vnei        zpowerlw    
#
#
# Multiplicative Models: 
#SSS_ice     constant    ismdust     polpow      wndabs      zphabs      
#TBabs       cyclabs     log10con    pwab        xion        zredden     
#TBfeo       dust        logconst    redden      xscat       zsmdust     
#TBgas       edge        lyman       smedge      zTBabs      zvarabs     
#TBgrain     expabs      notch       spexpcut    zbabs       zvfeabs     
#TBpcf       expfac      olivineabs  spline      zdust       zvphabs     
#TBrel       gabs        pcfabs      swind1      zedge       zwabs       
#TBvarabs    heilin      phabs       uvred       zhighect    zwndabs     
#absori      highecut    plabs       varabs      zigm        zxipab      
#acisabs     hrefl       polconst    vphabs      zpcfabs     zxipcf      
#cabs        ismabs      pollin      wabs        
#
#
# Convolution Models: 
#cflux       ireflect    kyconv      reflect     thcomp      xilconv     
#clumin      kdblur      lsmooth     rfxconv     vashift     zashift     
#cpflux      kdblur2     partcov     rgsxsrc     vmshift     zmshift     
#gsmooth     kerrconv    rdblur      simpl       
#
#
# Mixing Models: 
#ascac       monomass    polrot      recorn      suzpsf      xmmpsf      
#clmass      nfwmass     projct      
#
#
# Pile-up Models: 
#pileup      
#
#
# Table models may be used with the commands atable/mtable/etable
#	 atable{</path/to/tablemodel.mod>}
# and are described at:
#	 heasarc.gsfc.nasa.gov/docs/heasarc/ofwg/docs/general/ogip_92_009/ogip_92_009.html
#
# Additional models are available at:
#	 heasarc.gsfc.nasa.gov/docs/xanadu/xspec/newmodels.html
#
#
!XSPEC12> mod cplfux
#
#***XSPEC Error:  No model component named cplfux
#cplfux is not a valid model component name.
# Additive Models: 
#      agauss      cemekl       equil      nlapec      qsosed    vnpshock
#      agnsed      cevmkl      expdec    npeggrb*     raymond       voigt
#     agnslim       cflow    ezdiskbb    npegpow*       redge     vpshock
#        apec      compLS       gadem     nphgrb*      refsch    vraymond
#       bapec      compPS    gaussian     nphpow*        rnei       vrnei
#       bbody      compST        gnei       npow*       sbpl*      vsedov
#    bbodyrad      compTT        grad     npshock       sedov      vtapec
#      bexrav      compbb     grbcomp         nsa        sirf      vvapec
#      bexriv     compmag   grbeiso2*     nsagrav      slimbh      vvgnei
#     bkn2pow      comptb      grbjet     nsatmos       smaug       vvnei
#    bknpower      compth   grbliso2*       nsmax      snapec   vvnpshock
#         bmc         cph        grbm      nsmaxg       srcut    vvpshock
#      bremss    cplflux*        hatm         nsx       sresc      vvrnei
#       brnei    cplinear         jet       nteea         ssa     vvsedov
#      btapec    cutoffpl      kerrbb     nthComp        step     vvtapec
#      bvapec    cutplep*       kerrd     optxagn       tapec      vvwdem
#      bvrnei        disk    kerrdisk    optxagnf    twosbpl*       vwdem
#     bvtapec      diskbb     kyrline     pegcut*       vapec        wdem
#     bvvapec      diskir        laor    pegpwrlw     vbremss     zagauss
#     bvvrnei    diskline       laor2      pexmon        vcph      zbbody
#    bvvtapec       diskm      logpar      pexrav      vequil   zbknpower
#      bwcycl       disko     lorentz      pexriv      vgadem     zbremss
#      c6mekl     diskpbb        meka      plcabs       vgnei   zcutoffpl
#     c6pmekl      diskpn       mekal        posm     vmcflow      zgauss
#     c6pvmkl    eplogpar     mkcflow    powerlaw       vmeka     zkerrbb
#     c6vmekl      eqpair         nei     pphcut*      vmekal     zlogpar
#     carbatm     eqtherm     ngrbep*      pshock        vnei    zpowerlw
#
#
# Multiplicative Models: 
#     SSS_ice    constant     ismdust      polpow      wndabs      zphabs
#       TBabs     cyclabs    log10con        pwab        xion     zredden
#       TBfeo        dust    logconst      redden       xscat     zsmdust
#       TBgas        edge       lyman      smedge      zTBabs     zvarabs
#     TBgrain      expabs       notch    spexpcut       zbabs     zvfeabs
#       TBpcf      expfac  olivineabs      spline       zdust     zvphabs
#       TBrel        gabs      pcfabs      swind1       zedge       zwabs
#    TBvarabs      heilin       phabs       uvred    zhighect     zwndabs
#      absori    highecut       plabs      varabs        zigm      zxipab
#     acisabs       hrefl    polconst      vphabs     zpcfabs      zxipcf
#        cabs      ismabs      pollin        wabs
#
#
# Convolution Models: 
#       cflux    ireflect      kyconv     reflect      thcomp     xilconv
#      clumin      kdblur     lsmooth     rfxconv     vashift     zashift
#      cpflux     kdblur2     partcov     rgsxsrc     vmshift     zmshift
#     gsmooth    kerrconv      rdblur       simpl
#
#
# Mixing Models: 
#       ascac    monomass      polrot      recorn      suzpsf      xmmpsf
#      clmass     nfwmass      projct
#
#
# Pile-up Models: 
#      pileup
#
#
# Table models may be used with the commands atable/mtable/etable
#	 atable{</path/to/tablemodel.mod>}
# and are described at:
#	 heasarc.gsfc.nasa.gov/docs/heasarc/ofwg/docs/general/ogip_92_009/ogip_92_009.html
#
# Additional models are available at:
#	 heasarc.gsfc.nasa.gov/docs/xanadu/xspec/newmodels.html
#
#
!XSPEC12> mod cplflux
#
#Input parameter value, delta, min, bot, top, and max values for ...
#             -1        0.1(      0.01)        -10         -3          1          2
#             20          1(       0.2)          1          1      10000      10000
#            100      -0.01(         1)          1          1       1000       1000
#             20      -0.01(       0.2)          0          0      20000      20000
#            200      -0.01(         2)          0          0      20000      20000
#              1       0.01(      0.01)          0          0      1e+20      1e+24
#
#========================================================================
#Model cplflux<1> Source No.: 1   Active/On
#Model Model Component  Parameter  Unit     Value
# par  comp
#   1    1   cplflux    alpha               -1.00000     +/-  0.0          
#   2    1   cplflux    Epeak      keV      20.0000      +/-  0.0          
#   3    1   cplflux    enorm      keV      100.000      frozen
#   4    1   cplflux    Emin       keV      20.0000      frozen
#   5    1   cplflux    Emax       keV      900.000      frozen
#   6    1   cplflux    norm                1.00000      +/-  0.0          
#________________________________________________________________________
#
#
#Fit statistic  : Chi-Squared                  664.30     using 128 bins.
#
#Test statistic : Chi-Squared                  664.30     using 128 bins.
# Null hypothesis probability of 1.99e-74 with 125 degrees of freedom
# Current data and model not fit yet.
#
!XSPEC12> fit 1000
#                                   Parameters
#Chi-Squared  |beta|/N    Lvl       1:alpha       2:Epeak        6:norm
#487.874      1.00464       0      -1.83258       23.6271      0.298697
#479.218      9.74059       0      -1.86926       32.9483      0.504528
#473.178      6.87087       0      -1.85019       44.6596      0.699851
#452.234      4.42083      -1      -1.70505       244.992       1.92787
#358.185      10.4837      -1     -0.101854       225.481       4.28350
#350.13       4.53713      -2       1.38553       150.960       12.8222
#216.706      19.3605      -3       1.33576       206.039       13.8284
#214.477      6.32792      -4       1.43342       205.259       14.0255
#213.106      5.68941      -5       1.47189       205.561       14.0496
#212.645      5.29391      -6       1.48934       205.437       14.0504
#212.372      5.15034      -7       1.49762       205.494       14.0545
#212.324      5.06966      -8       1.49965       205.474       14.0548
#212.312      5.05438      -9       1.49990       205.483       14.0554
#212.312      5.05134     -10       1.49996       205.480       14.0553
#========================================
# Variances and Principal Axes
#                 1        2        6  
# 5.3086E-02|  0.9921   0.0213  -0.1236  
# 6.6385E-01|  0.1247  -0.0597   0.9904  
# 1.9919E+02| -0.0137   0.9980   0.0618  
#----------------------------------------
#
#====================================
#  Covariance Matrix
#        1           2           3   
#   9.994e-02  -2.727e+00  -9.327e-02
#  -2.727e+00   1.984e+02   1.225e+01
#  -9.327e-02   1.225e+01   1.414e+00
#------------------------------------
#
#========================================================================
#Model cplflux<1> Source No.: 1   Active/On
#Model Model Component  Parameter  Unit     Value
# par  comp
#   1    1   cplflux    alpha               1.49996      +/-  0.316129     
#   2    1   cplflux    Epeak      keV      205.480      +/-  14.0851      
#   3    1   cplflux    enorm      keV      100.000      frozen
#   4    1   cplflux    Emin       keV      20.0000      frozen
#   5    1   cplflux    Emax       keV      900.000      frozen
#   6    1   cplflux    norm                14.0553      +/-  1.18900      
#________________________________________________________________________
#
#
#Fit statistic  : Chi-Squared                  212.31     using 128 bins.
#
#Test statistic : Chi-Squared                  212.31     using 128 bins.
# Null hypothesis probability of 1.80e-06 with 125 degrees of freedom
#
!XSPEC12> fit 1000
#                                   Parameters
#Chi-Squared  |beta|/N    Lvl       1:alpha       2:Epeak        6:norm
#209.889      4.02695       0       1.49999       207.955       13.3761
#209.414      3.98515       0       1.50000       209.895       13.6034
#209.11       3.94661       0       1.50000       211.393       13.7770
#208.914      3.91444       0       1.50000       212.537       13.9088
#208.787      3.88879       0       1.50000       213.405       14.0085
#208.703      3.86881       0       1.50000       214.061       14.0835
#208.647      3.85347       0       1.50000       214.553       14.1398
#208.608      3.8418        0       1.50000       214.922       14.1819
#208.582      3.83298       0       1.50000       215.198       14.2134
#208.563      3.82634       0       1.50000       215.404       14.2369
#208.55       3.82135       0       1.50000       215.558       14.2544
#208.541      3.81762       0       1.50000       215.672       14.2674
#========================================
# Variances and Principal Axes
#                 1        2        6  
# 5.8760E-02|  0.9922   0.0199  -0.1231  
# 7.4001E-01|  0.1241  -0.0565   0.9907  
# 2.0496E+02| -0.0127   0.9982   0.0585  
#----------------------------------------
#
#====================================
#  Covariance Matrix
#        1           2           3   
#   1.024e-01  -2.608e+00  -6.887e-02
#  -2.608e+00   2.042e+02   1.193e+01
#  -6.887e-02   1.193e+01   1.429e+00
#------------------------------------
#
#========================================================================
#Model cplflux<1> Source No.: 1   Active/On
#Model Model Component  Parameter  Unit     Value
# par  comp
#   1    1   cplflux    alpha               1.50000      +/-  0.320065     
#   2    1   cplflux    Epeak      keV      215.672      +/-  14.2910      
#   3    1   cplflux    enorm      keV      100.000      frozen
#   4    1   cplflux    Emin       keV      20.0000      frozen
#   5    1   cplflux    Emax       keV      900.000      frozen
#   6    1   cplflux    norm                14.2674      +/-  1.19529      
#________________________________________________________________________
#
#
#Fit statistic  : Chi-Squared                  208.54     using 128 bins.
#
#Test statistic : Chi-Squared                  208.54     using 128 bins.
# Null hypothesis probability of 4.04e-06 with 125 degrees of freedom
#
!XSPEC12> fit 1000
#                                   Parameters
#Chi-Squared  |beta|/N    Lvl       1:alpha       2:Epeak        6:norm
#208.255      3.45615       0       1.50000       215.956       13.8776
#208.224      3.42868       0       1.50000       216.216       13.8867
#208.197      3.40505       0       1.50000       216.455       13.8967
#208.174      3.38465       0       1.50000       216.677       13.9072
#208.152      3.36698       0       1.50000       216.882       13.9181
#208.133      3.35164       0       1.50000       217.073       13.9293
#208.116      3.33827       0       1.50000       217.251       13.9406
#208.1        3.32657       0       1.50000       217.418       13.9521
#208.086      3.3163        0       1.50000       217.575       13.9635
#208.072      3.30725       0       1.50000       217.723       13.9749
#208.06       3.29924       0       1.50000       217.863       13.9862
#208.049      3.29212       0       1.50000       217.995       13.9973
#208.039      3.28576       0       1.50000       218.120       14.0082
#208.029      3.28006       0       1.50000       218.240       14.0190
#========================================
# Variances and Principal Axes
#                 1        2        6  
# 6.2797E-02|  0.9918   0.0196  -0.1261  
# 7.6053E-01|  0.1270  -0.0544   0.9904  
# 2.1459E+02| -0.0125   0.9983   0.0564  
#----------------------------------------
#
#====================================
#  Covariance Matrix
#        1           2           3   
#   1.076e-01  -2.684e+00  -6.365e-02
#  -2.684e+00   2.139e+02   1.205e+01
#  -6.365e-02   1.205e+01   1.430e+00
#------------------------------------
#
#========================================================================
#Model cplflux<1> Source No.: 1   Active/On
#Model Model Component  Parameter  Unit     Value
# par  comp
#   1    1   cplflux    alpha               1.50000      +/-  0.328049     
#   2    1   cplflux    Epeak      keV      218.240      +/-  14.6246      
#   3    1   cplflux    enorm      keV      100.000      frozen
#   4    1   cplflux    Emin       keV      20.0000      frozen
#   5    1   cplflux    Emax       keV      900.000      frozen
#   6    1   cplflux    norm                14.0190      +/-  1.19594      
#________________________________________________________________________
#
#
#Fit statistic  : Chi-Squared                  208.03     using 128 bins.
#
#Test statistic : Chi-Squared                  208.03     using 128 bins.
# Null hypothesis probability of 4.50e-06 with 125 degrees of freedom
#
!XSPEC12> fit 1000
#                                   Parameters
#Chi-Squared  |beta|/N    Lvl       1:alpha       2:Epeak        6:norm
#208.016      3.30884       0       1.50000       218.377       14.0663
#208.007      3.29837       0       1.50000       218.505       14.0735
#========================================
# Variances and Principal Axes
#                 1        2        6  
# 6.2488E-02|  0.9919   0.0195  -0.1256  
# 7.6243E-01|  0.1265  -0.0545   0.9905  
# 2.1306E+02| -0.0125   0.9983   0.0566  
#----------------------------------------
#
#====================================
#  Covariance Matrix
#        1           2           3   
#   1.069e-01  -2.660e+00  -6.274e-02
#  -2.660e+00   2.123e+02   1.199e+01
#  -6.274e-02   1.199e+01   1.430e+00
#------------------------------------
#
#========================================================================
#Model cplflux<1> Source No.: 1   Active/On
#Model Model Component  Parameter  Unit     Value
# par  comp
#   1    1   cplflux    alpha               1.50000      +/-  0.326937     
#   2    1   cplflux    Epeak      keV      218.505      +/-  14.5721      
#   3    1   cplflux    enorm      keV      100.000      frozen
#   4    1   cplflux    Emin       keV      20.0000      frozen
#   5    1   cplflux    Emax       keV      900.000      frozen
#   6    1   cplflux    norm                14.0735      +/-  1.19598      
#________________________________________________________________________
#
#
#Fit statistic  : Chi-Squared                  208.01     using 128 bins.
#
#Test statistic : Chi-Squared                  208.01     using 128 bins.
# Null hypothesis probability of 4.52e-06 with 125 degrees of freedom
#
!XSPEC12> fit 1000
#                                   Parameters
#Chi-Squared  |beta|/N    Lvl       1:alpha       2:Epeak        6:norm
#207.998      3.29354       0       1.50000       218.627       14.0856
#========================================
# Variances and Principal Axes
#                 1        2        6  
# 6.2480E-02|  0.9919   0.0195  -0.1255  
# 7.6341E-01|  0.1264  -0.0545   0.9905  
# 2.1280E+02| -0.0125   0.9983   0.0565  
#----------------------------------------
#
#====================================
#  Covariance Matrix
#        1           2           3   
#   1.068e-01  -2.654e+00  -6.236e-02
#  -2.654e+00   2.121e+02   1.197e+01
#  -6.236e-02   1.197e+01   1.430e+00
#------------------------------------
#
#========================================================================
#Model cplflux<1> Source No.: 1   Active/On
#Model Model Component  Parameter  Unit     Value
# par  comp
#   1    1   cplflux    alpha               1.50000      +/-  0.326771     
#   2    1   cplflux    Epeak      keV      218.627      +/-  14.5632      
#   3    1   cplflux    enorm      keV      100.000      frozen
#   4    1   cplflux    Emin       keV      20.0000      frozen
#   5    1   cplflux    Emax       keV      900.000      frozen
#   6    1   cplflux    norm                14.0856      +/-  1.19601      
#________________________________________________________________________
#
#
#Fit statistic  : Chi-Squared                  208.00     using 128 bins.
#
#Test statistic : Chi-Squared                  208.00     using 128 bins.
# Null hypothesis probability of 4.53e-06 with 125 degrees of freedom
#
!XSPEC12> fit 1000
#                                   Parameters
#Chi-Squared  |beta|/N    Lvl       1:alpha       2:Epeak        6:norm
#207.99       3.28649       0       1.50000       218.742       14.0944
#========================================
# Variances and Principal Axes
#                 1        2        6  
# 6.2497E-02|  0.9919   0.0195  -0.1254  
# 7.6435E-01|  0.1263  -0.0545   0.9905  
# 2.1264E+02| -0.0125   0.9983   0.0565  
#----------------------------------------
#
#====================================
#  Covariance Matrix
#        1           2           3   
#   1.067e-01  -2.650e+00  -6.201e-02
#  -2.650e+00   2.119e+02   1.196e+01
#  -6.201e-02   1.196e+01   1.430e+00
#------------------------------------
#
#========================================================================
#Model cplflux<1> Source No.: 1   Active/On
#Model Model Component  Parameter  Unit     Value
# par  comp
#   1    1   cplflux    alpha               1.50000      +/-  0.326679     
#   2    1   cplflux    Epeak      keV      218.742      +/-  14.5577      
#   3    1   cplflux    enorm      keV      100.000      frozen
#   4    1   cplflux    Emin       keV      20.0000      frozen
#   5    1   cplflux    Emax       keV      900.000      frozen
#   6    1   cplflux    norm                14.0944      +/-  1.19603      
#________________________________________________________________________
#
#
#Fit statistic  : Chi-Squared                  207.99     using 128 bins.
#
#Test statistic : Chi-Squared                  207.99     using 128 bins.
# Null hypothesis probability of 4.53e-06 with 125 degrees of freedom
#
!XSPEC12> fit 1000
#                                   Parameters
#Chi-Squared  |beta|/N    Lvl       1:alpha       2:Epeak        6:norm
#207.983      3.27985       0       1.50000       218.850       14.1027
#========================================
# Variances and Principal Axes
#                 1        2        6  
# 6.2513E-02|  0.9919   0.0195  -0.1253  
# 7.6524E-01|  0.1262  -0.0545   0.9905  
# 2.1248E+02| -0.0125   0.9983   0.0565  
#----------------------------------------
#
#====================================
#  Covariance Matrix
#        1           2           3   
#   1.067e-01  -2.646e+00  -6.168e-02
#  -2.646e+00   2.118e+02   1.195e+01
#  -6.168e-02   1.195e+01   1.431e+00
#------------------------------------
#
#========================================================================
#Model cplflux<1> Source No.: 1   Active/On
#Model Model Component  Parameter  Unit     Value
# par  comp
#   1    1   cplflux    alpha               1.50000      +/-  0.326594     
#   2    1   cplflux    Epeak      keV      218.850      +/-  14.5525      
#   3    1   cplflux    enorm      keV      100.000      frozen
#   4    1   cplflux    Emin       keV      20.0000      frozen
#   5    1   cplflux    Emax       keV      900.000      frozen
#   6    1   cplflux    norm                14.1027      +/-  1.19605      
#________________________________________________________________________
#
#
#Fit statistic  : Chi-Squared                  207.98     using 128 bins.
#
#Test statistic : Chi-Squared                  207.98     using 128 bins.
# Null hypothesis probability of 4.54e-06 with 125 degrees of freedom
#
!XSPEC12> fit 1000
#                                   Parameters
#Chi-Squared  |beta|/N    Lvl       1:alpha       2:Epeak        6:norm
#207.977      3.27359       0       1.50000       218.952       14.1106
#========================================
# Variances and Principal Axes
#                 1        2        6  
# 6.2529E-02|  0.9919   0.0195  -0.1253  
# 7.6608E-01|  0.1262  -0.0545   0.9905  
# 2.1234E+02| -0.0124   0.9983   0.0565  
#----------------------------------------
#
#====================================
#  Covariance Matrix
#        1           2           3   
#   1.066e-01  -2.643e+00  -6.137e-02
#  -2.643e+00   2.116e+02   1.194e+01
#  -6.137e-02   1.194e+01   1.431e+00
#------------------------------------
#
#========================================================================
#Model cplflux<1> Source No.: 1   Active/On
#Model Model Component  Parameter  Unit     Value
# par  comp
#   1    1   cplflux    alpha               1.50000      +/-  0.326514     
#   2    1   cplflux    Epeak      keV      218.952      +/-  14.5476      
#   3    1   cplflux    enorm      keV      100.000      frozen
#   4    1   cplflux    Emin       keV      20.0000      frozen
#   5    1   cplflux    Emax       keV      900.000      frozen
#   6    1   cplflux    norm                14.1106      +/-  1.19607      
#________________________________________________________________________
#
#
#Fit statistic  : Chi-Squared                  207.98     using 128 bins.
#
#Test statistic : Chi-Squared                  207.98     using 128 bins.
# Null hypothesis probability of 4.55e-06 with 125 degrees of freedom
#
!XSPEC12> fit 1000
#                                   Parameters
#Chi-Squared  |beta|/N    Lvl       1:alpha       2:Epeak        6:norm
#207.971      3.2677        0       1.50000       219.048       14.1180
#========================================
# Variances and Principal Axes
#                 1        2        6  
# 6.2544E-02|  0.9919   0.0194  -0.1252  
# 7.6687E-01|  0.1261  -0.0545   0.9905  
# 2.1221E+02| -0.0124   0.9983   0.0565  
#----------------------------------------
#
#====================================
#  Covariance Matrix
#        1           2           3   
#   1.066e-01  -2.639e+00  -6.108e-02
#  -2.639e+00   2.115e+02   1.193e+01
#  -6.108e-02   1.193e+01   1.431e+00
#------------------------------------
#
#========================================================================
#Model cplflux<1> Source No.: 1   Active/On
#Model Model Component  Parameter  Unit     Value
# par  comp
#   1    1   cplflux    alpha               1.50000      +/-  0.326439     
#   2    1   cplflux    Epeak      keV      219.048      +/-  14.5430      
#   3    1   cplflux    enorm      keV      100.000      frozen
#   4    1   cplflux    Emin       keV      20.0000      frozen
#   5    1   cplflux    Emax       keV      900.000      frozen
#   6    1   cplflux    norm                14.1180      +/-  1.19608      
#________________________________________________________________________
#
#
#Fit statistic  : Chi-Squared                  207.97     using 128 bins.
#
#Test statistic : Chi-Squared                  207.97     using 128 bins.
# Null hypothesis probability of 4.55e-06 with 125 degrees of freedom
#
!XSPEC12> fit 1000
#                                   Parameters
#Chi-Squared  |beta|/N    Lvl       1:alpha       2:Epeak        6:norm
#207.965      3.26216       0       1.50000       219.139       14.1249
#========================================
# Variances and Principal Axes
#                 1        2        6  
# 6.2558E-02|  0.9919   0.0194  -0.1252  
# 7.6761E-01|  0.1261  -0.0545   0.9905  
# 2.1208E+02| -0.0124   0.9983   0.0565  
#----------------------------------------
#
#====================================
#  Covariance Matrix
#        1           2           3   
#   1.065e-01  -2.636e+00  -6.081e-02
#  -2.636e+00   2.114e+02   1.192e+01
#  -6.081e-02   1.192e+01   1.431e+00
#------------------------------------
#
#========================================================================
#Model cplflux<1> Source No.: 1   Active/On
#Model Model Component  Parameter  Unit     Value
# par  comp
#   1    1   cplflux    alpha               1.50000      +/-  0.326369     
#   2    1   cplflux    Epeak      keV      219.139      +/-  14.5387      
#   3    1   cplflux    enorm      keV      100.000      frozen
#   4    1   cplflux    Emin       keV      20.0000      frozen
#   5    1   cplflux    Emax       keV      900.000      frozen
#   6    1   cplflux    norm                14.1249      +/-  1.19610      
#________________________________________________________________________
#
#
#Fit statistic  : Chi-Squared                  207.97     using 128 bins.
#
#Test statistic : Chi-Squared                  207.97     using 128 bins.
# Null hypothesis probability of 4.56e-06 with 125 degrees of freedom
#
!XSPEC12> fit 1000
#                                   Parameters
#Chi-Squared  |beta|/N    Lvl       1:alpha       2:Epeak        6:norm
#207.96       3.25694       0       1.50000       219.224       14.1314
#========================================
# Variances and Principal Axes
#                 1        2        6  
# 6.2571E-02|  0.9920   0.0194  -0.1251  
# 7.6831E-01|  0.1260  -0.0545   0.9905  
# 2.1196E+02| -0.0124   0.9983   0.0565  
#----------------------------------------
#
#====================================
#  Covariance Matrix
#        1           2           3   
#   1.065e-01  -2.633e+00  -6.056e-02
#  -2.633e+00   2.113e+02   1.191e+01
#  -6.056e-02   1.191e+01   1.431e+00
#------------------------------------
#
#========================================================================
#Model cplflux<1> Source No.: 1   Active/On
#Model Model Component  Parameter  Unit     Value
# par  comp
#   1    1   cplflux    alpha               1.50000      +/-  0.326304     
#   2    1   cplflux    Epeak      keV      219.224      +/-  14.5346      
#   3    1   cplflux    enorm      keV      100.000      frozen
#   4    1   cplflux    Emin       keV      20.0000      frozen
#   5    1   cplflux    Emax       keV      900.000      frozen
#   6    1   cplflux    norm                14.1314      +/-  1.19611      
#________________________________________________________________________
#
#
#Fit statistic  : Chi-Squared                  207.96     using 128 bins.
#
#Test statistic : Chi-Squared                  207.96     using 128 bins.
# Null hypothesis probability of 4.56e-06 with 125 degrees of freedom
#
!XSPEC12> fit 1000
#                                   Parameters
#Chi-Squared  |beta|/N    Lvl       1:alpha       2:Epeak        6:norm
#207.956      3.25202       0       1.50000       219.304       14.1375
#========================================
# Variances and Principal Axes
#                 1        2        6  
# 6.2583E-02|  0.9920   0.0194  -0.1251  
# 7.6897E-01|  0.1260  -0.0545   0.9905  
# 2.1185E+02| -0.0124   0.9983   0.0565  
#----------------------------------------
#
#====================================
#  Covariance Matrix
#        1           2           3   
#   1.064e-01  -2.630e+00  -6.031e-02
#  -2.630e+00   2.111e+02   1.190e+01
#  -6.031e-02   1.190e+01   1.431e+00
#------------------------------------
#
#========================================================================
#Model cplflux<1> Source No.: 1   Active/On
#Model Model Component  Parameter  Unit     Value
# par  comp
#   1    1   cplflux    alpha               1.50000      +/-  0.326242     
#   2    1   cplflux    Epeak      keV      219.304      +/-  14.5308      
#   3    1   cplflux    enorm      keV      100.000      frozen
#   4    1   cplflux    Emin       keV      20.0000      frozen
#   5    1   cplflux    Emax       keV      900.000      frozen
#   6    1   cplflux    norm                14.1375      +/-  1.19613      
#________________________________________________________________________
#
#
#Fit statistic  : Chi-Squared                  207.96     using 128 bins.
#
#Test statistic : Chi-Squared                  207.96     using 128 bins.
# Null hypothesis probability of 4.57e-06 with 125 degrees of freedom
#
!XSPEC12> fit 1000
#                                   Parameters
#Chi-Squared  |beta|/N    Lvl       1:alpha       2:Epeak        6:norm
#207.951      3.24739       0       1.50000       219.379       14.1433
#========================================
# Variances and Principal Axes
#                 1        2        6  
# 6.2595E-02|  0.9920   0.0194  -0.1250  
# 7.6959E-01|  0.1259  -0.0544   0.9905  
# 2.1174E+02| -0.0124   0.9983   0.0564  
#----------------------------------------
#
#====================================
#  Covariance Matrix
#        1           2           3   
#   1.064e-01  -2.627e+00  -6.009e-02
#  -2.627e+00   2.110e+02   1.189e+01
#  -6.009e-02   1.189e+01   1.431e+00
#------------------------------------
#
#========================================================================
#Model cplflux<1> Source No.: 1   Active/On
#Model Model Component  Parameter  Unit     Value
# par  comp
#   1    1   cplflux    alpha               1.50000      +/-  0.326184     
#   2    1   cplflux    Epeak      keV      219.379      +/-  14.5272      
#   3    1   cplflux    enorm      keV      100.000      frozen
#   4    1   cplflux    Emin       keV      20.0000      frozen
#   5    1   cplflux    Emax       keV      900.000      frozen
#   6    1   cplflux    norm                14.1433      +/-  1.19614      
#________________________________________________________________________
#
#
#Fit statistic  : Chi-Squared                  207.95     using 128 bins.
#
#Test statistic : Chi-Squared                  207.95     using 128 bins.
# Null hypothesis probability of 4.57e-06 with 125 degrees of freedom
#
!XSPEC12> fit 1000
#                                   Parameters
#Chi-Squared  |beta|/N    Lvl       1:alpha       2:Epeak        6:norm
#207.948      3.24304       0       1.50000       219.450       14.1487
#========================================
# Variances and Principal Axes
#                 1        2        6  
# 6.2606E-02|  0.9920   0.0194  -0.1250  
# 7.7017E-01|  0.1259  -0.0544   0.9906  
# 2.1164E+02| -0.0124   0.9983   0.0564  
#----------------------------------------
#
#====================================
#  Covariance Matrix
#        1           2           3   
#   1.064e-01  -2.625e+00  -5.987e-02
#  -2.625e+00   2.109e+02   1.188e+01
#  -5.987e-02   1.188e+01   1.431e+00
#------------------------------------
#
#========================================================================
#Model cplflux<1> Source No.: 1   Active/On
#Model Model Component  Parameter  Unit     Value
# par  comp
#   1    1   cplflux    alpha               1.50000      +/-  0.326131     
#   2    1   cplflux    Epeak      keV      219.450      +/-  14.5238      
#   3    1   cplflux    enorm      keV      100.000      frozen
#   4    1   cplflux    Emin       keV      20.0000      frozen
#   5    1   cplflux    Emax       keV      900.000      frozen
#   6    1   cplflux    norm                14.1487      +/-  1.19615      
#________________________________________________________________________
#
#
#Fit statistic  : Chi-Squared                  207.95     using 128 bins.
#
#Test statistic : Chi-Squared                  207.95     using 128 bins.
# Null hypothesis probability of 4.57e-06 with 125 degrees of freedom
#
!XSPEC12> fit 1000
#                                   Parameters
#Chi-Squared  |beta|/N    Lvl       1:alpha       2:Epeak        6:norm
#207.944      3.23894       0       1.50000       219.516       14.1538
#========================================
# Variances and Principal Axes
#                 1        2        6  
# 6.2616E-02|  0.9920   0.0194  -0.1249  
# 7.7072E-01|  0.1258  -0.0544   0.9906  
# 2.1155E+02| -0.0124   0.9983   0.0564  
#----------------------------------------
#
#====================================
#  Covariance Matrix
#        1           2           3   
#   1.063e-01  -2.622e+00  -5.967e-02
#  -2.622e+00   2.108e+02   1.188e+01
#  -5.967e-02   1.188e+01   1.431e+00
#------------------------------------
#
#========================================================================
#Model cplflux<1> Source No.: 1   Active/On
#Model Model Component  Parameter  Unit     Value
# par  comp
#   1    1   cplflux    alpha               1.50000      +/-  0.326080     
#   2    1   cplflux    Epeak      keV      219.516      +/-  14.5206      
#   3    1   cplflux    enorm      keV      100.000      frozen
#   4    1   cplflux    Emin       keV      20.0000      frozen
#   5    1   cplflux    Emax       keV      900.000      frozen
#   6    1   cplflux    norm                14.1538      +/-  1.19616      
#________________________________________________________________________
#
#
#Fit statistic  : Chi-Squared                  207.94     using 128 bins.
#
#Test statistic : Chi-Squared                  207.94     using 128 bins.
# Null hypothesis probability of 4.58e-06 with 125 degrees of freedom
#
!XSPEC12> fit 1000
#                                   Parameters
#Chi-Squared  |beta|/N    Lvl       1:alpha       2:Epeak        6:norm
#207.941      3.23508       0       1.50000       219.579       14.1586
#========================================
# Variances and Principal Axes
#                 1        2        6  
# 6.2626E-02|  0.9920   0.0194  -0.1249  
# 7.7123E-01|  0.1258  -0.0544   0.9906  
# 2.1146E+02| -0.0124   0.9983   0.0564  
#----------------------------------------
#
#====================================
#  Covariance Matrix
#        1           2           3   
#   1.063e-01  -2.620e+00  -5.948e-02
#  -2.620e+00   2.108e+02   1.187e+01
#  -5.948e-02   1.187e+01   1.431e+00
#------------------------------------
#
#========================================================================
#Model cplflux<1> Source No.: 1   Active/On
#Model Model Component  Parameter  Unit     Value
# par  comp
#   1    1   cplflux    alpha               1.50000      +/-  0.326033     
#   2    1   cplflux    Epeak      keV      219.579      +/-  14.5176      
#   3    1   cplflux    enorm      keV      100.000      frozen
#   4    1   cplflux    Emin       keV      20.0000      frozen
#   5    1   cplflux    Emax       keV      900.000      frozen
#   6    1   cplflux    norm                14.1586      +/-  1.19617      
#________________________________________________________________________
#
#
#Fit statistic  : Chi-Squared                  207.94     using 128 bins.
#
#Test statistic : Chi-Squared                  207.94     using 128 bins.
# Null hypothesis probability of 4.58e-06 with 125 degrees of freedom
#
!XSPEC12> fit 1000
#                                   Parameters
#Chi-Squared  |beta|/N    Lvl       1:alpha       2:Epeak        6:norm
#207.938      3.23145       0       1.50000       219.638       14.1631
#========================================
# Variances and Principal Axes
#                 1        2        6  
# 6.2636E-02|  0.9920   0.0194  -0.1249  
# 7.7172E-01|  0.1258  -0.0544   0.9906  
# 2.1138E+02| -0.0124   0.9983   0.0564  
#----------------------------------------
#
#====================================
#  Covariance Matrix
#        1           2           3   
#   1.063e-01  -2.618e+00  -5.931e-02
#  -2.618e+00   2.107e+02   1.186e+01
#  -5.931e-02   1.186e+01   1.431e+00
#------------------------------------
#
#========================================================================
#Model cplflux<1> Source No.: 1   Active/On
#Model Model Component  Parameter  Unit     Value
# par  comp
#   1    1   cplflux    alpha               1.50000      +/-  0.325988     
#   2    1   cplflux    Epeak      keV      219.638      +/-  14.5148      
#   3    1   cplflux    enorm      keV      100.000      frozen
#   4    1   cplflux    Emin       keV      20.0000      frozen
#   5    1   cplflux    Emax       keV      900.000      frozen
#   6    1   cplflux    norm                14.1631      +/-  1.19618      
#________________________________________________________________________
#
#
#Fit statistic  : Chi-Squared                  207.94     using 128 bins.
#
#Test statistic : Chi-Squared                  207.94     using 128 bins.
# Null hypothesis probability of 4.58e-06 with 125 degrees of freedom
#
!XSPEC12> fit 1000
#                                   Parameters
#Chi-Squared  |beta|/N    Lvl       1:alpha       2:Epeak        6:norm
#207.935      3.22803       0       1.50000       219.694       14.1674
#========================================
# Variances and Principal Axes
#                 1        2        6  
# 6.2644E-02|  0.9920   0.0194  -0.1249  
# 7.7218E-01|  0.1257  -0.0544   0.9906  
# 2.1130E+02| -0.0124   0.9983   0.0564  
#----------------------------------------
#
#====================================
#  Covariance Matrix
#        1           2           3   
#   1.062e-01  -2.616e+00  -5.914e-02
#  -2.616e+00   2.106e+02   1.186e+01
#  -5.914e-02   1.186e+01   1.431e+00
#------------------------------------
#
#========================================================================
#Model cplflux<1> Source No.: 1   Active/On
#Model Model Component  Parameter  Unit     Value
# par  comp
#   1    1   cplflux    alpha               1.50000      +/-  0.325946     
#   2    1   cplflux    Epeak      keV      219.694      +/-  14.5121      
#   3    1   cplflux    enorm      keV      100.000      frozen
#   4    1   cplflux    Emin       keV      20.0000      frozen
#   5    1   cplflux    Emax       keV      900.000      frozen
#   6    1   cplflux    norm                14.1674      +/-  1.19619      
#________________________________________________________________________
#
#
#Fit statistic  : Chi-Squared                  207.94     using 128 bins.
#
#Test statistic : Chi-Squared                  207.94     using 128 bins.
# Null hypothesis probability of 4.59e-06 with 125 degrees of freedom
#
!XSPEC12> fit 1000
#                                   Parameters
#Chi-Squared  |beta|/N    Lvl       1:alpha       2:Epeak        6:norm
#207.933      3.22482       0       1.50000       219.746       14.1714
#========================================
# Variances and Principal Axes
#                 1        2        6  
# 6.2653E-02|  0.9920   0.0193  -0.1248  
# 7.7261E-01|  0.1257  -0.0544   0.9906  
# 2.1123E+02| -0.0124   0.9983   0.0564  
#----------------------------------------
#
#====================================
#  Covariance Matrix
#        1           2           3   
#   1.062e-01  -2.614e+00  -5.898e-02
#  -2.614e+00   2.105e+02   1.185e+01
#  -5.898e-02   1.185e+01   1.431e+00
#------------------------------------
#
#========================================================================
#Model cplflux<1> Source No.: 1   Active/On
#Model Model Component  Parameter  Unit     Value
# par  comp
#   1    1   cplflux    alpha               1.50000      +/-  0.325907     
#   2    1   cplflux    Epeak      keV      219.746      +/-  14.5096      
#   3    1   cplflux    enorm      keV      100.000      frozen
#   4    1   cplflux    Emin       keV      20.0000      frozen
#   5    1   cplflux    Emax       keV      900.000      frozen
#   6    1   cplflux    norm                14.1714      +/-  1.19619      
#________________________________________________________________________
#
#
#Fit statistic  : Chi-Squared                  207.93     using 128 bins.
#
#Test statistic : Chi-Squared                  207.93     using 128 bins.
# Null hypothesis probability of 4.59e-06 with 125 degrees of freedom
#
!XSPEC12> pl lda delchi
#
!XSPEC12> mod ngrbep
#
#Input parameter value, delta, min, bot, top, and max values for ...
#             -1       0.01(      0.01)        -10         -3          2          5
#             -2       0.01(      0.02)        -10         -5          2         10
#            300         10(         3)        0.1        0.1       1000      10000
#            100      -0.01(         1)          0          0       1000       1000
#              1       0.01(      0.01)          0          0      1e+20      1e+24
#
#========================================================================
#Model ngrbep<1> Source No.: 1   Active/On
#Model Model Component  Parameter  Unit     Value
# par  comp
#   1    1   ngrbep     alpha               -1.00000     +/-  0.0          
#   2    1   ngrbep     beta                -2.00000     +/-  0.0          
#   3    1   ngrbep     epeak      keV      300.000      +/-  0.0          
#   4    1   ngrbep     enorm      keV      100.000      frozen
#   5    1   ngrbep     norm                1.00000      +/-  0.0          
#________________________________________________________________________
#
#
#Fit statistic  : Chi-Squared                 6660.86     using 128 bins.
#
#Test statistic : Chi-Squared                 6660.86     using 128 bins.
# Null hypothesis probability of 0.00e+00 with 124 degrees of freedom
# Current data and model not fit yet.
#
!XSPEC12> renorm
#
#Fit statistic  : Chi-Squared                  392.41     using 128 bins.
#
#Test statistic : Chi-Squared                  392.41     using 128 bins.
# Null hypothesis probability of 1.26e-29 with 124 degrees of freedom
# Current data and model not fit yet.
#
!XSPEC12> fit 1000
#                                   Parameters
#Chi-Squared  |beta|/N    Lvl       1:alpha        2:beta       3:epeak        5:norm
#368.501      11.7188       0     -0.787043      -3.00701       510.628      0.127463
#329.414      13.2267      -1      0.101036      -9.04053       252.547      0.242657
#242.356      61.4759      -1       1.33475      -9.27673       278.010      0.593948
#219.236      13.6872      -1       1.44161      -9.33333       242.296      0.887093
#208.484      10.7154      -1       1.70618      -9.35375       235.681       1.17474
#205.351      2.97112      -1       1.85778      -9.36821       230.912       1.36781
#204.733      0.670756     -2       2.36828      -9.37113       218.630       1.77654
#201.738      4.88047      -3       2.19344      -9.37154       214.724       2.04618
#201.149      2.54456      -4       2.40910      -9.37164       214.518       2.08590
#201.13       1.26358      -1       2.27869      -9.37167       213.731       2.11455
#200.901      1.50852      -2       2.33270      -9.37167       214.349       2.08818
#200.894      0.160046      0       2.32396      -9.37167       214.174       2.09236
#==================================================
# Variances and Principal Axes
#                 1        2        3        5  
# 8.0621E-03|  0.6586  -0.0001  -0.0229  -0.7521  
# 2.4397E-01|  0.7522  -0.0002   0.0461   0.6573  
# 1.6760E+02| -0.0196   0.0447   0.9977  -0.0476  
# 1.3831E+04|  0.0011   0.9990  -0.0446   0.0021  
#--------------------------------------------------
#
#================================================
#  Covariance Matrix
#        1           2           3           4   
#   2.218e-01   1.461e+01  -3.932e+00   3.048e-01
#   1.461e+01   1.380e+04  -6.093e+02   2.935e+01
#  -3.932e+00  -6.093e+02   1.944e+02  -9.271e+00
#   3.048e-01   2.935e+01  -9.271e+00   5.529e-01
#------------------------------------------------
#
#========================================================================
#Model ngrbep<1> Source No.: 1   Active/On
#Model Model Component  Parameter  Unit     Value
# par  comp
#   1    1   ngrbep     alpha               2.32396      +/-  0.471005     
#   2    1   ngrbep     beta                -9.37167     +/-  117.490      
#   3    1   ngrbep     epeak      keV      214.174      +/-  13.9421      
#   4    1   ngrbep     enorm      keV      100.000      frozen
#   5    1   ngrbep     norm                2.09236      +/-  0.743569     
#________________________________________________________________________
#
#
#Fit statistic  : Chi-Squared                  200.89     using 128 bins.
#
#Test statistic : Chi-Squared                  200.89     using 128 bins.
# Null hypothesis probability of 1.51e-05 with 124 degrees of freedom
#
!XSPEC12> 
#
!XSPEC12> 
#
!XSPEC12> fit 1000
#                                   Parameters
#Chi-Squared  |beta|/N    Lvl       1:alpha        2:beta       3:epeak        5:norm
#200.88       0.0392069     0       2.32375      -9.37167       214.131       2.08040
#==================================================
# Variances and Principal Axes
#                 1        2        3        5  
# 8.0514E-03|  0.6585  -0.0001  -0.0228  -0.7523  
# 2.4359E-01|  0.7524  -0.0002   0.0459   0.6572  
# 1.6908E+02| -0.0196   0.0445   0.9977  -0.0473  
# 1.4057E+04|  0.0011   0.9990  -0.0444   0.0021  
#--------------------------------------------------
#
#================================================
#  Covariance Matrix
#        1           2           3           4   
#   2.219e-01   1.473e+01  -3.954e+00   3.047e-01
#   1.473e+01   1.403e+04  -6.166e+02   2.954e+01
#  -3.954e+00  -6.166e+02   1.961e+02  -9.304e+00
#   3.047e-01   2.954e+01  -9.304e+00   5.520e-01
#------------------------------------------------
#
#========================================================================
#Model ngrbep<1> Source No.: 1   Active/On
#Model Model Component  Parameter  Unit     Value
# par  comp
#   1    1   ngrbep     alpha               2.32375      +/-  0.471034     
#   2    1   ngrbep     beta                -9.37167     +/-  118.447      
#   3    1   ngrbep     epeak      keV      214.131      +/-  14.0023      
#   4    1   ngrbep     enorm      keV      100.000      frozen
#   5    1   ngrbep     norm                2.08040      +/-  0.742985     
#________________________________________________________________________
#
#
#Fit statistic  : Chi-Squared                  200.88     using 128 bins.
#
#Test statistic : Chi-Squared                  200.88     using 128 bins.
# Null hypothesis probability of 1.52e-05 with 124 degrees of freedom
#
!XSPEC12> fit 1000
#                                   Parameters
#Chi-Squared  |beta|/N    Lvl       1:alpha        2:beta       3:epeak        5:norm
#200.876      0.0407968     0       2.32357      -9.37167       214.089       2.08158
#==================================================
# Variances and Principal Axes
#                 1        2        3        5  
# 8.0529E-03|  0.6589  -0.0001  -0.0228  -0.7519  
# 2.4374E-01|  0.7520  -0.0002   0.0460   0.6576  
# 1.6912E+02| -0.0196   0.0445   0.9977  -0.0474  
# 1.4067E+04|  0.0011   0.9990  -0.0444   0.0021  
#--------------------------------------------------
#
#================================================
#  Covariance Matrix
#        1           2           3           4   
#   2.219e-01   1.473e+01  -3.955e+00   3.050e-01
#   1.473e+01   1.404e+04  -6.165e+02   2.956e+01
#  -3.955e+00  -6.165e+02   1.961e+02  -9.314e+00
#   3.050e-01   2.956e+01  -9.314e+00   5.531e-01
#------------------------------------------------
#
#========================================================================
#Model ngrbep<1> Source No.: 1   Active/On
#Model Model Component  Parameter  Unit     Value
# par  comp
#   1    1   ngrbep     alpha               2.32357      +/-  0.471029     
#   2    1   ngrbep     beta                -9.37167     +/-  118.487      
#   3    1   ngrbep     epeak      keV      214.089      +/-  14.0028      
#   4    1   ngrbep     enorm      keV      100.000      frozen
#   5    1   ngrbep     norm                2.08158      +/-  0.743677     
#________________________________________________________________________
#
#
#Fit statistic  : Chi-Squared                  200.88     using 128 bins.
#
#Test statistic : Chi-Squared                  200.88     using 128 bins.
# Null hypothesis probability of 1.52e-05 with 124 degrees of freedom
#
!XSPEC12> fit 1000
#                                   Parameters
#Chi-Squared  |beta|/N    Lvl       1:alpha        2:beta       3:epeak        5:norm
#200.872      0.0423382     0       2.32340      -9.37167       214.047       2.08276
#==================================================
# Variances and Principal Axes
#                 1        2        3        5  
# 8.0544E-03|  0.6593  -0.0001  -0.0228  -0.7515  
# 2.4390E-01|  0.7516  -0.0002   0.0460   0.6580  
# 1.6916E+02| -0.0196   0.0444   0.9977  -0.0474  
# 1.4076E+04|  0.0011   0.9990  -0.0444   0.0021  
#--------------------------------------------------
#
#================================================
#  Covariance Matrix
#        1           2           3           4   
#   2.219e-01   1.473e+01  -3.956e+00   3.053e-01
#   1.473e+01   1.405e+04  -6.164e+02   2.959e+01
#  -3.956e+00  -6.164e+02   1.961e+02  -9.323e+00
#   3.053e-01   2.959e+01  -9.323e+00   5.541e-01
#------------------------------------------------
#
#========================================================================
#Model ngrbep<1> Source No.: 1   Active/On
#Model Model Component  Parameter  Unit     Value
# par  comp
#   1    1   ngrbep     alpha               2.32340      +/-  0.471024     
#   2    1   ngrbep     beta                -9.37167     +/-  118.525      
#   3    1   ngrbep     epeak      keV      214.047      +/-  14.0034      
#   4    1   ngrbep     enorm      keV      100.000      frozen
#   5    1   ngrbep     norm                2.08276      +/-  0.744371     
#________________________________________________________________________
#
#
#Fit statistic  : Chi-Squared                  200.87     using 128 bins.
#
#Test statistic : Chi-Squared                  200.87     using 128 bins.
# Null hypothesis probability of 1.52e-05 with 124 degrees of freedom
#
!XSPEC12> fit 1000
#                                   Parameters
#Chi-Squared  |beta|/N    Lvl       1:alpha        2:beta       3:epeak        5:norm
#200.869      0.0438265     0       2.32326      -9.37167       214.006       2.08394
#==================================================
# Variances and Principal Axes
#                 1        2        3        5  
# 8.0560E-03|  0.6597  -0.0001  -0.0228  -0.7512  
# 2.4405E-01|  0.7513  -0.0002   0.0461   0.6584  
# 1.6920E+02| -0.0196   0.0444   0.9977  -0.0474  
# 1.4085E+04|  0.0011   0.9990  -0.0443   0.0021  
#--------------------------------------------------
#
#================================================
#  Covariance Matrix
#        1           2           3           4   
#   2.219e-01   1.472e+01  -3.957e+00   3.056e-01
#   1.472e+01   1.406e+04  -6.163e+02   2.961e+01
#  -3.957e+00  -6.163e+02   1.961e+02  -9.332e+00
#   3.056e-01   2.961e+01  -9.332e+00   5.551e-01
#------------------------------------------------
#
#========================================================================
#Model ngrbep<1> Source No.: 1   Active/On
#Model Model Component  Parameter  Unit     Value
# par  comp
#   1    1   ngrbep     alpha               2.32326      +/-  0.471024     
#   2    1   ngrbep     beta                -9.37167     +/-  118.563      
#   3    1   ngrbep     epeak      keV      214.006      +/-  14.0038      
#   4    1   ngrbep     enorm      keV      100.000      frozen
#   5    1   ngrbep     norm                2.08394      +/-  0.745066     
#________________________________________________________________________
#
#
#Fit statistic  : Chi-Squared                  200.87     using 128 bins.
#
#Test statistic : Chi-Squared                  200.87     using 128 bins.
# Null hypothesis probability of 1.52e-05 with 124 degrees of freedom
#
!XSPEC12> fit 1000
#                                   Parameters
#Chi-Squared  |beta|/N    Lvl       1:alpha        2:beta       3:epeak        5:norm
#200.865      0.0452696     0       2.32314      -9.37167       213.965       2.08513
#==================================================
# Variances and Principal Axes
#                 1        2        3        5  
# 8.0577E-03|  0.6601  -0.0001  -0.0228  -0.7508  
# 2.4422E-01|  0.7509  -0.0002   0.0461   0.6588  
# 1.6924E+02| -0.0196   0.0444   0.9977  -0.0475  
# 1.4093E+04|  0.0011   0.9990  -0.0443   0.0021  
#--------------------------------------------------
#
#================================================
#  Covariance Matrix
#        1           2           3           4   
#   2.219e-01   1.472e+01  -3.959e+00   3.060e-01
#   1.472e+01   1.407e+04  -6.162e+02   2.963e+01
#  -3.959e+00  -6.162e+02   1.961e+02  -9.341e+00
#   3.060e-01   2.963e+01  -9.341e+00   5.562e-01
#------------------------------------------------
#
#========================================================================
#Model ngrbep<1> Source No.: 1   Active/On
#Model Model Component  Parameter  Unit     Value
# par  comp
#   1    1   ngrbep     alpha               2.32314      +/-  0.471030     
#   2    1   ngrbep     beta                -9.37167     +/-  118.598      
#   3    1   ngrbep     epeak      keV      213.965      +/-  14.0042      
#   4    1   ngrbep     enorm      keV      100.000      frozen
#   5    1   ngrbep     norm                2.08513      +/-  0.745760     
#________________________________________________________________________
#
#
#Fit statistic  : Chi-Squared                  200.87     using 128 bins.
#
#Test statistic : Chi-Squared                  200.87     using 128 bins.
# Null hypothesis probability of 1.52e-05 with 124 degrees of freedom
#
!XSPEC12> pld lda delchi
#invalid command name "pld"
#
!XSPEC12> pl lda delchi
#