#XSPEC version: 12.13.0c
#Build Date/Time: Thu Jan 12 14:41:02 2023
#
!XSPEC12>show all 
#
#XSPEC version: 12.13.0c
#
#Thu Feb  2 09:57:22 2023
# Auto-saving is done after every command.
# Fit statistic in use: Chi-Squared
# Minimization technique: Levenberg-Marquardt
#    Convergence criterion = 0.01
#    Parameter fit deltas: 0.01 * parValue
#Using chain rule to calculate statistic derivatives (faster method).
# Querying enabled.
# Prefit-renorming enabled.
# Solar abundance table: angr
# Photoionization Cross-Section Table:
#    vern:  Verner, Ferland, Korista, and Yakovlev 1996
# Cosmology in use: H0 = 70 q0 = 0 Lambda0 = 0.73
# Model data directory: /Users/andreas/phys/master/GRB_local/heasoft-6.31.1/aarch64-apple-darwin22.2.0/../spectral/manager/../modelData/
# Plot settings:
#   Showing of individual additive components is OFF.
#   Showing of background spectra is OFF.
#   Effective area normalization is OFF.
#   Current unit settings:
#      Energy     = keV
#      Wavelength = angstrom, with Y-Axis displayed per Hz
#   X-Axis data display mode: Energy
#   Spectra plots will be shifted to source frame by redshift value z: 0
#   Device: /xw
#   Plotting of line IDs is OFF.
#   Splashpage is ON.
#   xlog for data plots is ON.
#   ylog for data plots is OFF.
#
#   Default plot rebin settings for all plot groups:
#   Min. Signif.   Max. # Bins   Error Type
#        0.00000             1         quad
#
# Responses read: 
#   GRB201227A_b0.rsp associated with spectrum 3 source 1 data group 2
#      energies: 140 channels: 95
#   GRB201227A_n4.rsp associated with spectrum 1 source 1
#      energies: 140 channels: 36
#   GRB201227A_n8.rsp associated with spectrum 2 source 1
#      energies: 140 channels: 18
# Distinct RMF files: 
#     /Users/andreas/phys/master/GRB/xspec/GRB201227A/GRB201227A_b0.rsp     /Users/andreas/phys/master/GRB/xspec/GRB201227A/GRB201227A_n4.rsp     /Users/andreas/phys/master/GRB/xspec/GRB201227A/GRB201227A_n8.rsp
#
#3 files 3 spectra 
#Spectrum 1  Spectral Data File: GRB201227A_n4_gr20.pha
#Net count rate (cts/s) for Spectrum:1  8.191e+03 +/- 3.888e+02 (87.9 % total)
# Assigned to Data Group 1 and Plot Group 1
#  Noticed Channels:  2-26
#  Telescope: GLAST Instrument: GBM  Channel Type: PHA
#  Exposure Time: 0.06163 sec
# Using fit statistic: chi
# Using Background File                GRB201227A_n4.bak
#  Background Exposure Time: 0.06435 sec
# Using Response (RMF) File            GRB201227A_n4.rsp for Source 1
#
# Spectral data counts: 574
# Model predicted rate: 7761.37
#
#Spectrum 2  Spectral Data File: GRB201227A_n8_gr20.pha
#Net count rate (cts/s) for Spectrum:2  4.671e+03 +/- 2.960e+02 (85.5 % total)
# Assigned to Data Group 1 and Plot Group 2
#  Noticed Channels:  2-17
#  Telescope: GLAST Instrument: GBM  Channel Type: PHA
#  Exposure Time: 0.0624 sec
# Using fit statistic: chi
# Using Background File                GRB201227A_n8.bak
#  Background Exposure Time: 0.06495 sec
# Using Response (RMF) File            GRB201227A_n8.rsp for Source 1
#
# Spectral data counts: 341
# Model predicted rate: 4492.21
#
#Spectrum 3  Spectral Data File: GRB201227A_b0_gr20.pha
#Net count rate (cts/s) for Spectrum:3  1.173e+04 +/- 4.653e+02 (88.9 % total)
# Assigned to Data Group 2 and Plot Group 3
#  Noticed Channels:  2-25
#  Telescope: GLAST Instrument: GBM  Channel Type: PHA
#  Exposure Time: 0.06099 sec
# Using fit statistic: chi
# Using Background File                GRB201227A_b0.bak
#  Background Exposure Time: 0.0633 sec
# Using Response (RMF) File            GRB201227A_b0.rsp for Source 1
#
# Spectral data counts: 805
# Model predicted rate: 1.13278E+04
#
#
#Current model list:
#
#========================================================================
#Model constant<1>*cflux<2>*ngrbep<3> Source No.: 1   Active/On
#Model Model Component  Parameter  Unit     Value
# par  comp
#                           Data group: 1
#   1    1   constant   factor              1.00000      frozen
#   2    2   cflux      Emin       keV      10.0000      frozen
#   3    2   cflux      Emax       keV      1.00000E+04  frozen
#   4    2   cflux      lg10Flux   cgs      -4.01663     +/-  4.34659E-02  
#   5    3   ngrbep     alpha               -0.198868    +/-  9.13207E-02  
#   6    3   ngrbep     beta                -3.01144     +/-  0.537110     
#   7    3   ngrbep     epeak      keV      971.261      +/-  87.0621      
#   8    3   ngrbep     enorm      keV      100.000      frozen
#   9    3   ngrbep     norm                1.00000      frozen
#                           Data group: 2
#  10    1   constant   factor              1.03131      +/-  7.31729E-02  
#  11    2   cflux      Emin       keV      10.0000      = p2
#  12    2   cflux      Emax       keV      1.00000E+04  = p3
#  13    2   cflux      lg10Flux   cgs      -4.01663     = p4
#  14    3   ngrbep     alpha               -0.198868    = p5
#  15    3   ngrbep     beta                -3.01144     = p6
#  16    3   ngrbep     epeak      keV      971.261      = p7
#  17    3   ngrbep     enorm      keV      100.000      = p8
#  18    3   ngrbep     norm                1.00000      = p9
#________________________________________________________________________
#
#   Using energies from responses.
#
#Fit statistic  : Chi-Squared                   26.54     using 25 bins, spectrum 1, group 1.
#                 Chi-Squared                   16.40     using 16 bins, spectrum 2, group 1.
#                 Chi-Squared                   24.04     using 24 bins, spectrum 3, group 2.
#Total fit statistic                            66.98     with 60 d.o.f.
#
#Test statistic : Chi-Squared                   66.98     using 65 bins.
# Null hypothesis probability of 2.50e-01 with 60 degrees of freedom
#
#Bayes is off
#
#
!XSPEC12>error 1. 10, 4-7
# Parameter   Confidence Range (1)
#    10     0.960301      1.10724    (-0.0710131,0.075929)
#     4      -4.0625     -3.97339    (-0.0458695,0.043245)
#     5    -0.276681    -0.105258    (-0.0778128,0.09361)
#Apparent non-monotonicity in statistic space detected.
#Current bracket values -3.76561, -3.76905
#and delta stat 0.951182, 1.01938
#but latest trial -3.76733 gives 0.805382
#Suggest that you check this result using the steppar command.
#     6     -3.76733     -2.59931    (-0.755894,0.412124)
#***Warning: Zero alpha-matrix diagonal element for parameter 5
# Parameter 5 is pegged at -9.31826 due to zero or negative pivot element, likely
# caused by the fit being insensitive to the parameter.
#***Warning: Zero alpha-matrix diagonal element for parameter 5
# Parameter 5 is pegged at -9.31826 due to zero or negative pivot element, likely
# caused by the fit being insensitive to the parameter.
#***Warning: Zero alpha-matrix diagonal element for parameter 5
# Parameter 5 is pegged at -9.0362 due to zero or negative pivot element, likely
# caused by the fit being insensitive to the parameter.
#***Warning: Zero alpha-matrix diagonal element for parameter 5
# Parameter 5 is pegged at -9.0362 due to zero or negative pivot element, likely
# caused by the fit being insensitive to the parameter.
#Apparent non-monotonicity in statistic space detected.
#Current bracket values 979.961, 1058.32
#and delta stat 0.00375526, 252.574
#but latest trial 1019.14 gives 252.574
#Suggest that you check this result using the steppar command.
#     7      881.692      9700.95    (-89.569,8729.69)
#
!XSPEC12>error 2.706 10, 4-7
# Parameter   Confidence Range (2.706)
#    10     0.918853      1.15978    (-0.11246,0.128469)
#     4     -4.09622     -3.94547    (-0.0795933,0.0711584)
#     5    -0.312693   -0.0379019    (-0.113826,0.160966)
#     6     -4.24884     -2.40922    (-1.2374,0.602214)
#***Warning: Zero alpha-matrix diagonal element for parameter 5
# Parameter 5 is pegged at -9.01902 due to zero or negative pivot element, likely
# caused by the fit being insensitive to the parameter.
#***Warning: Zero alpha-matrix diagonal element for parameter 5
# Parameter 5 is pegged at -9.01902 due to zero or negative pivot element, likely
# caused by the fit being insensitive to the parameter.
#Apparent non-monotonicity in statistic space detected.
#Current bracket values 994.451, 1114.48
#and delta stat 0.0477554, 252.574
#but latest trial 1054.46 gives 673.149
#Suggest that you check this result using the steppar command.
#     7      822.078      9894.81    (-149.184,8923.55)
#
!XSPEC12>log none
#