#XSPEC version: 12.12.1
#Build Date/Time: Tue Aug  9 11:26:32 2022
#
!XSPEC12>show all 
#
#XSPEC version: 12.12.1
#
#Tue Oct 11 13:15:33 2022
# Auto-saving is done after every command.
# Fit statistic in use: Chi-Squared
# Minimization technique: Levenberg-Marquardt
#    Convergence criterion = 0.01
#    Parameter fit deltas: 0.01 * parValue
#Using chain rule to calculate statistic derivatives (faster method).
# Querying enabled.
# Prefit-renorming enabled.
# Solar abundance table: angr
# Photoionization Cross-Section Table:
#    vern:  Verner, Ferland, Korista, and Yakovlev 1996
# Cosmology in use: H0 = 70 q0 = 0 Lambda0 = 0.73
# Model data directory: /Home/siv30/wad005/master/heasoft-6.30.1/x86_64-pc-linux-gnu-libc2.31/../spectral/manager/../modelData/
# Plot settings:
#   Showing of individual additive components is OFF.
#   Showing of background spectra is OFF.
#   Effective area normalization is OFF.
#   Current unit settings:
#      Energy     = keV
#      Wavelength = angstrom, with Y-Axis displayed per Hz
#   X-Axis data display mode: Energy
#   Spectra plots will be shifted to source frame by redshift value z: 0
#   Device: /xw
#   Plotting of line IDs is OFF.
#   Splashpage is ON.
#   xlog for data plots is ON.
#   ylog for data plots is OFF.
#
#   Default plot rebin settings for all plot groups:
#   Min. Signif.   Max. # Bins   Error Type
#        0.00000             1         quad
#
# Responses read: 
#   GRB201227A_b0.rsp associated with spectrum 4 source 1 data group 3
#      energies: 140 channels: 95
#   GRB201227A_n4.rsp associated with spectrum 2 source 1 data group 2
#      energies: 140 channels: 36
#   GRB201227A_n8.rsp associated with spectrum 3 source 1 data group 3
#      energies: 140 channels: 18
#   HED_RMF_1.fits associated with spectrum 1 source 1
#      energies: 40 channels: 18
# Distinct RMF files: 
#     /Home/siv30/wad005/master/GRB/xspec/GRB201227A/GRB201227A_b0.rsp     /Home/siv30/wad005/master/GRB/xspec/GRB201227A/GRB201227A_n4.rsp     /Home/siv30/wad005/master/GRB/xspec/GRB201227A/GRB201227A_n8.rsp     /Home/siv30/wad005/master/GRB/xspec/GRB201227A/HED_RMF_1.fits
#
#4 files 4 spectra 
#Spectrum 1  Spectral Data File: HED_PHA_1.fits
#Net count rate (cts/s) for Spectrum:1  4.180e+03 +/- 3.044e+02 (71.9 % total)
# Assigned to Data Group 1 and Plot Group 1
#  Noticed Channels:  5-12
#  Telescope: ASIM Instrument: MXGS: HED  Channel Type: PI
#  Exposure Time: 0.064 sec
# Using fit statistic: chi
# Using Background File                HED_Bak_1.fits
#  Background Exposure Time: 0.9 sec
# Using Response (RMF) File            HED_RMF_1.fits for Source 1
#
# Spectral data counts: 372
# Model predicted rate: 4185.98
#
#Spectrum 2  Spectral Data File: GRB201227A_n4_gr20.pha
#Net count rate (cts/s) for Spectrum:2  8.191e+03 +/- 3.888e+02 (87.9 % total)
# Assigned to Data Group 2 and Plot Group 2
#  Noticed Channels:  2-26
#  Telescope: GLAST Instrument: GBM  Channel Type: PHA
#  Exposure Time: 0.06163 sec
# Using fit statistic: chi
# Using Background File                GRB201227A_n4.bak
#  Background Exposure Time: 0.06435 sec
# Using Response (RMF) File            GRB201227A_n4.rsp for Source 1
#
# Spectral data counts: 574
# Model predicted rate: 7798.77
#
#Spectrum 3  Spectral Data File: GRB201227A_n8_gr20.pha
#Net count rate (cts/s) for Spectrum:3  4.671e+03 +/- 2.960e+02 (85.5 % total)
# Assigned to Data Group 3 and Plot Group 3
#  Noticed Channels:  2-17
#  Telescope: GLAST Instrument: GBM  Channel Type: PHA
#  Exposure Time: 0.0624 sec
# Using fit statistic: chi
# Using Background File                GRB201227A_n8.bak
#  Background Exposure Time: 0.06495 sec
# Using Response (RMF) File            GRB201227A_n8.rsp for Source 1
#
# Spectral data counts: 341
# Model predicted rate: 4554.89
#
#Spectrum 4  Spectral Data File: GRB201227A_b0_gr20.pha
#Net count rate (cts/s) for Spectrum:4  1.173e+04 +/- 4.653e+02 (88.9 % total)
# Assigned to Data Group 3 and Plot Group 4
#  Noticed Channels:  2-25
#  Telescope: GLAST Instrument: GBM  Channel Type: PHA
#  Exposure Time: 0.06099 sec
# Using fit statistic: chi
# Using Background File                GRB201227A_b0.bak
#  Background Exposure Time: 0.0633 sec
# Using Response (RMF) File            GRB201227A_b0.rsp for Source 1
#
# Spectral data counts: 805
# Model predicted rate: 1.11710E+04
#
#
#Current model list:
#
#========================================================================
#Model constant<1>*cflux<2>*ngrbep<3> Source No.: 1   Active/On
#Model Model Component  Parameter  Unit     Value
# par  comp
#                           Data group: 1
#   1    1   constant   factor              0.890708     +/-  0.100611     
#   2    2   cflux      Emin       keV      10.0000      frozen
#   3    2   cflux      Emax       keV      1.00000E+04  frozen
#   4    2   cflux      lg10Flux   cgs      -4.03808     +/-  3.60573E-02  
#   5    3   ngrbep     alpha               -0.180540    +/-  8.39447E-02  
#   6    3   ngrbep     beta                -3.54222     +/-  0.608393     
#   7    3   ngrbep     epeak      keV      975.688      +/-  69.1679      
#   8    3   ngrbep     enorm      keV      100.000      frozen
#   9    3   ngrbep     norm                1.00000      frozen
#                           Data group: 2
#  10    1   constant   factor              1.00000      frozen
#  11    2   cflux      Emin       keV      10.0000      = p2
#  12    2   cflux      Emax       keV      1.00000E+04  = p3
#  13    2   cflux      lg10Flux   cgs      -4.03808     = p4
#  14    3   ngrbep     alpha               -0.180540    = p5
#  15    3   ngrbep     beta                -3.54222     = p6
#  16    3   ngrbep     epeak      keV      975.688      = p7
#  17    3   ngrbep     enorm      keV      100.000      = p8
#  18    3   ngrbep     norm                1.00000      = p9
#                           Data group: 3
#  19    1   constant   factor              1.00606      +/-  6.75917E-02  
#  20    2   cflux      Emin       keV      10.0000      = p2
#  21    2   cflux      Emax       keV      1.00000E+04  = p3
#  22    2   cflux      lg10Flux   cgs      -4.03808     = p4
#  23    3   ngrbep     alpha               -0.180540    = p5
#  24    3   ngrbep     beta                -3.54222     = p6
#  25    3   ngrbep     epeak      keV      975.688      = p7
#  26    3   ngrbep     enorm      keV      100.000      = p8
#  27    3   ngrbep     norm                1.00000      = p9
#________________________________________________________________________
#
#   Using energies from responses.
#
#Fit statistic  : Chi-Squared                    2.50     using 8 bins.
#                 Chi-Squared                   26.77     using 25 bins.
#                 Chi-Squared                   16.27     using 16 bins.
#                 Chi-Squared                   24.74     using 24 bins.
#Total fit statistic                            70.28     with 67 d.o.f.
#
#Test statistic : Chi-Squared                   70.28     using 73 bins.
# Null hypothesis probability of 3.68e-01 with 67 degrees of freedom
#
#Bayes is off
#
#
!XSPEC12>error 1. 1, 19, 4-7
# Parameter   Confidence Range (1)
#     1      0.79653      0.99808    (-0.0941776,0.107373)
#    19     0.942308      1.07512    (-0.0637525,0.0690566)
#     4     -4.07436     -4.00225    (-0.0362725,0.0358294)
#     5    -0.252224   -0.0856451    (-0.071684,0.094895)
#     6     -4.42622     -3.04642    (-0.883996,0.495807)
#
#***Warning: Number of trials exceeded before convergence.
#Current trial values 999.974, 1000.04
#and delta statistic 0.108423, 11.4142
#
#
!XSPEC12>tclreadline::readline eofchar ""
#
!XSPEC12>tclreadline::readline read {Continue error search in this direction? }
#
!XSPEC12>tclreadline::readline eofchar "puts {}; exit"
#     7      899.411      999.982    (-76.2763,24.2949)
#
!XSPEC12>error 2.706 1, 19, 4-7
# Parameter   Confidence Range (2.706)
#     1     0.752539       1.0741    (-0.138168,0.183391)
#    19     0.903393      1.12304    (-0.102667,0.116982)
#     4     -4.09805     -3.98663    (-0.0599678,0.0514515)
#     5     -0.28535   -0.0292902    (-0.10481,0.15125)
#
#***Warning: Number of trials exceeded before bracketing of delta fit-stat.
#Last attempt: -9.99999, with delta statistic: 2.01923
#
#
!XSPEC12>tclreadline::readline eofchar ""
#
!XSPEC12>tclreadline::readline read {Continue error search in this direction? }
#
!XSPEC12>tclreadline::readline eofchar "puts {}; exit"
#
#*** Parameter lower bound is INVALID.
#
#     6            0     -2.88063    (3.54222,0.66159)
#Apparent non-monotonicity in statistic space detected.
#Current bracket values 990.177, 1089.47
#and delta stat 0.0351644, 419.715
#but latest trial 1039.82 gives 572.149
#Suggest that you check this result using the steppar command.
#     7      859.849      9856.15    (-115.838,8880.47)
#
!XSPEC12>log none
#