#XSPEC version: 12.13.0c
#Build Date/Time: Thu Jan 12 14:41:02 2023
#
!XSPEC12>show all 
#
#XSPEC version: 12.13.0c
#
#Thu Feb  2 09:57:34 2023
# Auto-saving is done after every command.
# Fit statistic in use: Chi-Squared
# Minimization technique: Levenberg-Marquardt
#    Convergence criterion = 0.01
#    Parameter fit deltas: 0.01 * parValue
#Using chain rule to calculate statistic derivatives (faster method).
# Querying enabled.
# Prefit-renorming enabled.
# Solar abundance table: angr
# Photoionization Cross-Section Table:
#    vern:  Verner, Ferland, Korista, and Yakovlev 1996
# Cosmology in use: H0 = 70 q0 = 0 Lambda0 = 0.73
# Model data directory: /Users/andreas/phys/master/GRB_local/heasoft-6.31.1/aarch64-apple-darwin22.2.0/../spectral/manager/../modelData/
# Plot settings:
#   Showing of individual additive components is OFF.
#   Showing of background spectra is OFF.
#   Effective area normalization is OFF.
#   Current unit settings:
#      Energy     = keV
#      Wavelength = angstrom, with Y-Axis displayed per Hz
#   X-Axis data display mode: Energy
#   Spectra plots will be shifted to source frame by redshift value z: 0
#   Device: /xw
#   Plotting of line IDs is OFF.
#   Splashpage is ON.
#   xlog for data plots is ON.
#   ylog for data plots is OFF.
#
#   Default plot rebin settings for all plot groups:
#   Min. Signif.   Max. # Bins   Error Type
#        0.00000             1         quad
#
# Responses read: 
#   HED_RMF_1.fits associated with spectrum 1 source 1
#      energies: 40 channels: 18
#   KW20201227_T54846_1.rmf associated with spectrum 2 source 1 data group 2
#      energies: 263 channels: 20
#   KW20201227_T54846_2.rmf associated with spectrum 3 source 1 data group 2
#      energies: 263 channels: 37
# Distinct RMF files: 
#     /Users/andreas/phys/master/GRB/xspec/GRB201227A/HED_RMF_1.fits     /Users/andreas/phys/master/GRB/xspec/GRB201227A/KW20201227_T54846_1.rmf     /Users/andreas/phys/master/GRB/xspec/GRB201227A/KW20201227_T54846_2.rmf
#
#3 files 3 spectra 
#Spectrum 1  Spectral Data File: HED_PHA_1.fits
#Net count rate (cts/s) for Spectrum:1  4.180e+03 +/- 3.044e+02 (71.9 % total)
# Assigned to Data Group 1 and Plot Group 1
#  Noticed Channels:  5-12
#  Telescope: ASIM Instrument: MXGS: HED  Channel Type: PI
#  Exposure Time: 0.064 sec
# Using fit statistic: chi
# Using Background File                HED_Bak_1.fits
#  Background Exposure Time: 0.9 sec
# Using Response (RMF) File            HED_RMF_1.fits for Source 1
#
# Spectral data counts: 372
# Model predicted rate: 4164.25
#
#Spectrum 2  Spectral Data File: KW201227_1_gr20.pha
#Net count rate (cts/s) for Spectrum:2  9.018e+03 +/- 4.909e+02 (88.6 % total)
# Assigned to Data Group 2 and Plot Group 2
#  Noticed Channels:  1-16
#  Telescope: WIND Instrument: KONUS  Channel Type: PHA
#  Exposure Time: 0.04224 sec
# Using fit statistic: chi
# Using Background File                KW20201227_T54846_1_bg.pha
#  Background Exposure Time: 162.9 sec
# Using Response (RMF) File            KW20201227_T54846_1.rmf for Source 1
# Using Auxiliary Response (ARF) File  KW20201227_T54846.arf
#
# Spectral data counts: 430
# Model predicted rate: 8706.10
#
#Spectrum 3  Spectral Data File: KW201227_2_gr20.pha
#Net count rate (cts/s) for Spectrum:3  1.956e+03 +/- 1.972e+02 (89.1 % total)
# Assigned to Data Group 2 and Plot Group 3
#  Noticed Channels:  1-5
#  Telescope: WIND Instrument: KONUS  Channel Type: PHA
#  Exposure Time: 0.05648 sec
# Using fit statistic: chi
# Using Background File                KW20201227_T54846_2_bg.pha
#  Background Exposure Time: 168.8 sec
# Using Response (RMF) File            KW20201227_T54846_2.rmf for Source 1
# Using Auxiliary Response (ARF) File  KW20201227_T54846.arf
#
# Spectral data counts: 124
# Model predicted rate: 1929.20
#
#
#Current model list:
#
#========================================================================
#Model constant<1>*cflux<2>*ngrbep<3> Source No.: 1   Active/On
#Model Model Component  Parameter  Unit     Value
# par  comp
#                           Data group: 1
#   1    1   constant   factor              1.39047      +/-  0.163390     
#   2    2   cflux      Emin       keV      10.0000      frozen
#   3    2   cflux      Emax       keV      1.00000E+04  frozen
#   4    2   cflux      lg10Flux   cgs      -4.21434     +/-  3.52285E-02  
#   5    3   ngrbep     alpha               -0.146969    +/-  0.127687     
#   6    3   ngrbep     beta                -3.53472     +/-  0.691940     
#   7    3   ngrbep     epeak      keV      850.541      +/-  85.1364      
#   8    3   ngrbep     enorm      keV      100.000      frozen
#   9    3   ngrbep     norm                1.00000      frozen
#                           Data group: 2
#  10    1   constant   factor              1.00000      frozen
#  11    2   cflux      Emin       keV      10.0000      = p2
#  12    2   cflux      Emax       keV      1.00000E+04  = p3
#  13    2   cflux      lg10Flux   cgs      -4.21434     = p4
#  14    3   ngrbep     alpha               -0.146969    = p5
#  15    3   ngrbep     beta                -3.53472     = p6
#  16    3   ngrbep     epeak      keV      850.541      = p7
#  17    3   ngrbep     enorm      keV      100.000      = p8
#  18    3   ngrbep     norm                1.00000      = p9
#________________________________________________________________________
#
#   Using energies from responses.
#
#Fit statistic  : Chi-Squared                    1.41     using 8 bins, spectrum 1, group 1.
#                 Chi-Squared                   13.20     using 16 bins, spectrum 2, group 2.
#                 Chi-Squared                    3.66     using 5 bins, spectrum 3, group 2.
#Total fit statistic                            18.27     with 24 d.o.f.
#
#Test statistic : Chi-Squared                   18.27     using 29 bins.
# Null hypothesis probability of 7.90e-01 with 24 degrees of freedom
#
#Bayes is off
#
#
!XSPEC12>error 1. 1, 4-7
# Parameter   Confidence Range (1)
#     1      1.24575      1.56425    (-0.144695,0.173804)
#     4     -4.24985      -4.1796    (-0.0355045,0.0347404)
#     5    -0.251697   -0.0194711    (-0.104612,0.127614)
#     6      -4.6469     -3.06396    (-1.1117,0.471237)
#     7      770.641      924.592    (-79.9653,73.9852)
#
!XSPEC12>error 2.706 1, 4-7
# Parameter   Confidence Range (2.706)
#     1      1.15446      1.69212    (-0.235983,0.301674)
#     4     -4.27406     -4.15767    (-0.0597153,0.0566744)
#     5    -0.320152    0.0644319    (-0.173067,0.211517)
#
#***Warning: Number of trials exceeded before bracketing of delta fit-stat.
#Last attempt: -9.99999, with delta statistic: 1.53312
#
#
!XSPEC12>tclreadline::readline eofchar ""
#
!XSPEC12>tclreadline::readline read {Continue error search in this direction? }
#
!XSPEC12>tclreadline::readline eofchar "puts {}; exit"
#
#*** Parameter lower bound is INVALID.
#
#     6            0      -2.8795    (3.5352,0.655698)
#     7      723.872      972.127    (-126.735,121.521)
#
!XSPEC12>log none
#