#XSPEC version: 12.12.1
#Build Date/Time: Fri Jul  1 23:38:21 2022
#
!XSPEC12> show all
#
#XSPEC version: 12.12.1
#
#Fri Aug 26 13:33:09 2022
# Auto-saving is done after every command.
# Fit statistic in use: Chi-Squared
# Minimization technique: Levenberg-Marquardt
#    Convergence criterion = 0.01
#    Parameter fit deltas: 0.01 * parValue
#Using chain rule to calculate statistic derivatives (faster method).
# Querying enabled.
# Prefit-renorming enabled.
# Solar abundance table: angr
# Photoionization Cross-Section Table:
#    vern:  Verner, Ferland, Korista, and Yakovlev 1996
# Cosmology in use: H0 = 70 q0 = 0 Lambda0 = 0.73
# Model data directory: /Users/andreas/phys/master/GRB_local/heasoft-6.30.1/x86_64-apple-darwin21.5.0/../spectral/manager/../modelData/
# Plot settings:
#   Showing of individual additive components is OFF.
#   Showing of background spectra is OFF.
#   Effective area normalization is OFF.
#   Current unit settings:
#      Energy     = keV
#      Wavelength = angstrom, with Y-Axis displayed per Hz
#   X-Axis data display mode: Energy
#   Spectra plots will be shifted to source frame by redshift value z: 0
#   Device: /xw
#   Plotting of line IDs is OFF.
#   Splashpage is ON.
#   xlog for data plots is ON.
#   ylog for data plots is OFF.
#
#   Default plot rebin settings for all plot groups:
#   Min. Signif.   Max. # Bins   Error Type
#        0.00000             1         quad
#
# Responses read: 
#   GRB201227A_b0.rsp associated with spectrum 3 source 1 data group 2
#      energies: 140 channels: 95
#   GRB201227A_n4.rsp associated with spectrum 1 source 1
#      energies: 140 channels: 36
#   GRB201227A_n8.rsp associated with spectrum 2 source 1
#      energies: 140 channels: 18
#   HED_RMF_1.fits associated with spectrum 6 source 1 data group 4
#      energies: 40 channels: 18
#   KW20201227_T54846_1.rmf associated with spectrum 4 source 1 data group 3
#      energies: 263 channels: 20
#   KW20201227_T54846_2.rmf associated with spectrum 5 source 1 data group 3
#      energies: 263 channels: 37
# Distinct RMF files: 
#     /Users/andreas/phys/master/GRB/xspec/GRB201227A/GRB201227A_b0.rsp     /Users/andreas/phys/master/GRB/xspec/GRB201227A/GRB201227A_n4.rsp     /Users/andreas/phys/master/GRB/xspec/GRB201227A/GRB201227A_n8.rsp     /Users/andreas/phys/master/GRB/xspec/GRB201227A/HED_RMF_1.fits     /Users/andreas/phys/master/GRB/xspec/GRB201227A/KW20201227_T54846_1.rmf     /Users/andreas/phys/master/GRB/xspec/GRB201227A/KW20201227_T54846_2.rmf
#
#6 files 6 spectra 
#Spectrum 1  Spectral Data File: GRB201227A_n4_gr20.pha
#Net count rate (cts/s) for Spectrum:1  8.374e+03 +/- 3.961e+02 (86.6 % total)
# Assigned to Data Group 1 and Plot Group 1
#  Noticed Channels:  1-26
#  Telescope: GLAST Instrument: GBM  Channel Type: PHA
#  Exposure Time: 0.06163 sec
# Using fit statistic: chi
# Using Background File                GRB201227A_n4.bak
#  Background Exposure Time: 0.06435 sec
# Using Response (RMF) File            GRB201227A_n4.rsp for Source 1
#
# Spectral data counts: 596
# Model predicted rate: 7852.81
#
#Spectrum 2  Spectral Data File: GRB201227A_n8_gr20.pha
#Net count rate (cts/s) for Spectrum:2  4.837e+03 +/- 3.046e+02 (83.6 % total)
# Assigned to Data Group 1 and Plot Group 2
#  Noticed Channels:  1-17
#  Telescope: GLAST Instrument: GBM  Channel Type: PHA
#  Exposure Time: 0.0624 sec
# Using fit statistic: chi
# Using Background File                GRB201227A_n8.bak
#  Background Exposure Time: 0.06495 sec
# Using Response (RMF) File            GRB201227A_n8.rsp for Source 1
#
# Spectral data counts: 361
# Model predicted rate: 4632.23
#
#Spectrum 3  Spectral Data File: GRB201227A_b0_gr20.pha
#Net count rate (cts/s) for Spectrum:3  1.435e+04 +/- 5.120e+02 (89.7 % total)
# Assigned to Data Group 2 and Plot Group 3
#  Noticed Channels:  1-25
#  Telescope: GLAST Instrument: GBM  Channel Type: PHA
#  Exposure Time: 0.06099 sec
# Using fit statistic: chi
# Using Background File                GRB201227A_b0.bak
#  Background Exposure Time: 0.0633 sec
# Using Response (RMF) File            GRB201227A_b0.rsp for Source 1
#
# Spectral data counts: 975
# Model predicted rate: 1.34545E+04
#
#Spectrum 4  Spectral Data File: KW201227_1_gr20.pha
#Net count rate (cts/s) for Spectrum:4  1.092e+04 +/- 5.388e+02 (89.1 % total)
# Assigned to Data Group 3 and Plot Group 4
#  Noticed Channels:  1-20
#  Telescope: WIND Instrument: KONUS  Channel Type: PHA
#  Exposure Time: 0.04224 sec
# Using fit statistic: chi
# Using Background File                KW20201227_T54846_1_bg.pha
#  Background Exposure Time: 162.9 sec
# Using Response (RMF) File            KW20201227_T54846_1.rmf for Source 1
# Using Auxiliary Response (ARF) File  KW20201227_T54846.arf
#
# Spectral data counts: 518
# Model predicted rate: 1.01263E+04
#
#Spectrum 5  Spectral Data File: KW201227_2_gr20.pha
#Net count rate (cts/s) for Spectrum:5  1.956e+03 +/- 1.972e+02 (89.1 % total)
# Assigned to Data Group 3 and Plot Group 5
#  Noticed Channels:  1-5
#  Telescope: WIND Instrument: KONUS  Channel Type: PHA
#  Exposure Time: 0.05648 sec
# Using fit statistic: chi
# Using Background File                KW20201227_T54846_2_bg.pha
#  Background Exposure Time: 168.8 sec
# Using Response (RMF) File            KW20201227_T54846_2.rmf for Source 1
# Using Auxiliary Response (ARF) File  KW20201227_T54846.arf
#
# Spectral data counts: 124
# Model predicted rate: 2091.74
#
#Spectrum 6  Spectral Data File: HED_PHA_1.fits
#Net count rate (cts/s) for Spectrum:6  4.180e+03 +/- 3.044e+02 (71.9 % total)
# Assigned to Data Group 4 and Plot Group 6
#  Noticed Channels:  5-12
#  Telescope: ASIM Instrument: MXGS: HED  Channel Type: PI
#  Exposure Time: 0.064 sec
# Using fit statistic: chi
# Using Background File                HED_Bak_1.fits
#  Background Exposure Time: 0.9 sec
# Using Response (RMF) File            HED_RMF_1.fits for Source 1
#
# Spectral data counts: 372
# Model predicted rate: 4196.56
#
#
#Current model list:
#
#========================================================================
#Model grbm<1> Source No.: 1   Active/On
#Model Model Component  Parameter  Unit     Value
# par  comp
#                           Data group: 1
#   1    1   grbm       alpha               -0.132076    +/-  6.50296E-02  
#   2    1   grbm       beta                -3.25495     +/-  0.360669     
#   3    1   grbm       tem        keV      503.001      +/-  36.5448      
#   4    1   grbm       norm                0.264719     +/-  1.27731E-02  
#                           Data group: 2
#   5    1   grbm       alpha               -0.132076    = p1
#   6    1   grbm       beta                -3.25495     = p2
#   7    1   grbm       tem        keV      503.001      = p3
#   8    1   grbm       norm                0.244786     +/-  1.52678E-02  
#                           Data group: 3
#   9    1   grbm       alpha               -0.132076    = p1
#  10    1   grbm       beta                -3.25495     = p2
#  11    1   grbm       tem        keV      503.001      = p3
#  12    1   grbm       norm                0.190839     +/-  1.24211E-02  
#                           Data group: 4
#  13    1   grbm       alpha               -0.132076    = p1
#  14    1   grbm       beta                -3.25495     = p2
#  15    1   grbm       tem        keV      503.001      = p3
#  16    1   grbm       norm                0.232649     +/-  2.68134E-02  
#________________________________________________________________________
#
#   Using energies from responses.
#
#Fit statistic  : Chi-Squared                   27.83     using 26 bins.
#                 Chi-Squared                   16.21     using 17 bins.
#                 Chi-Squared                   46.18     using 25 bins.
#                 Chi-Squared                   20.38     using 20 bins.
#                 Chi-Squared                    4.51     using 5 bins.
#                 Chi-Squared                    2.44     using 8 bins.
#Total fit statistic                           117.55     with 94 d.o.f.
#
#Test statistic : Chi-Squared                  117.55     using 101 bins.
# Null hypothesis probability of 5.05e-02 with 94 degrees of freedom
#
#Bayes is off
#
#
!XSPEC12> error 1. 1
# Parameter   Confidence Range (1)
#                                   Parameters
#Chi-Squared  |beta|/N    Lvl       1:alpha        2:beta         3:tem        4:norm        8:norm       12:norm       16:norm
#117.023      0.732692      1     -0.197096      -3.78770       552.534      0.263686      0.245507      0.190062      0.229277
#================================================================================
# Variances and Principal Axes
#                 1        2        3        4        8       12       16  
# 6.1606E-05|  0.4792   0.0013   0.0007   0.1581   0.5641   0.6489   0.0784  
# 7.6461E-05|  0.1077   0.0002   0.0001   0.0698   0.6969  -0.7052   0.0236  
# 9.9291E-05| -0.1206   0.0001  -0.0002  -0.9556   0.2374   0.1203  -0.0392  
# 2.1239E-04| -0.3823   0.0050  -0.0007   0.1591   0.2262   0.1518  -0.8685  
# 1.7024E-03|  0.7734   0.0090   0.0009  -0.1780  -0.2977  -0.2100  -0.4873  
# 3.6595E-01|  0.0056  -0.9999   0.0020  -0.0007  -0.0006  -0.0004  -0.0086  
# 1.3350E+03| -0.0014   0.0020   1.0000  -0.0000   0.0000  -0.0000  -0.0002  
#--------------------------------------------------------------------------------
#
#====================================================================================
#  Covariance Matrix
#        1           2           3           4           5           6           7   
#   3.513e-03  -5.620e-03  -1.803e+00  -2.164e-04  -4.466e-04  -2.555e-04  -2.242e-04
#  -5.620e-03   3.711e-01   2.639e+00   2.271e-04   3.101e-04   1.031e-04   2.612e-03
#  -1.803e+00   2.639e+00   1.335e+03  -1.153e-02   4.035e-02  -1.641e-02  -2.677e-01
#  -2.164e-04   2.271e-04  -1.153e-02   1.522e-04   8.437e-05   6.015e-05   1.274e-04
#  -4.466e-04   3.101e-04   4.035e-02   8.437e-05   2.255e-04   1.011e-04   2.022e-04
#  -2.555e-04   1.031e-04  -1.641e-02   6.015e-05   1.011e-04   1.456e-04   1.521e-04
#  -2.242e-04   2.612e-03  -2.677e-01   1.274e-04   2.022e-04   1.521e-04   6.458e-04
#------------------------------------------------------------------------------------
#
#========================================================================
#Model grbm<1> Source No.: 1   Active/On
#Model Model Component  Parameter  Unit     Value
# par  comp
#                           Data group: 1
#   1    1   grbm       alpha               -0.197096    +/-  5.92696E-02  
#   2    1   grbm       beta                -3.78770     +/-  0.609199     
#   3    1   grbm       tem        keV      552.534      +/-  36.5369      
#   4    1   grbm       norm                0.263686     +/-  1.23358E-02  
#                           Data group: 2
#   5    1   grbm       alpha               -0.197096    = p1
#   6    1   grbm       beta                -3.78770     = p2
#   7    1   grbm       tem        keV      552.534      = p3
#   8    1   grbm       norm                0.245507     +/-  1.50157E-02  
#                           Data group: 3
#   9    1   grbm       alpha               -0.197096    = p1
#  10    1   grbm       beta                -3.78770     = p2
#  11    1   grbm       tem        keV      552.534      = p3
#  12    1   grbm       norm                0.190062     +/-  1.20678E-02  
#                           Data group: 4
#  13    1   grbm       alpha               -0.197096    = p1
#  14    1   grbm       beta                -3.78770     = p2
#  15    1   grbm       tem        keV      552.534      = p3
#  16    1   grbm       norm                0.229277     +/-  2.54116E-02  
#________________________________________________________________________
#
#
#Fit statistic  : Chi-Squared                   27.09     using 26 bins.
#                 Chi-Squared                   16.43     using 17 bins.
#                 Chi-Squared                   45.52     using 25 bins.
#                 Chi-Squared                   20.69     using 20 bins.
#                 Chi-Squared                    4.69     using 5 bins.
#                 Chi-Squared                    2.61     using 8 bins.
#Total fit statistic                           117.02     with 94 d.o.f.
#
#Test statistic : Chi-Squared                  117.02     using 101 bins.
# Null hypothesis probability of 5.41e-02 with 94 degrees of freedom
#***Warning: New best fit found, fit parameters will be set to new values.
#                                   Parameters
#Chi-Squared  |beta|/N    Lvl       1:alpha        2:beta         3:tem        4:norm        8:norm       12:norm       16:norm
#116.907      0.620798     -3     -0.173549      -3.70163       537.621      0.262954      0.243711      0.189210      0.228707
#116.906      0.438232     -4     -0.173288      -3.70076       537.747      0.262971      0.243659      0.189220      0.228552
#================================================================================
# Variances and Principal Axes
#                 1        2        3        4        8       12       16  
# 6.1132E-05|  0.4769   0.0030   0.0007   0.1583   0.5711   0.6444   0.0773  
# 7.5675E-05|  0.1010   0.0006   0.0001   0.0648   0.6946  -0.7089   0.0219  
# 9.8719E-05| -0.1247  -0.0006  -0.0002  -0.9552   0.2348   0.1236  -0.0402  
# 2.1194E-04| -0.3800  -0.0085  -0.0006   0.1601   0.2212   0.1503  -0.8709  
# 1.7413E-03|  0.7760   0.0091   0.0010  -0.1808  -0.2954  -0.2102  -0.4833  
# 4.2998E-01| -0.0118   0.9999   0.0073   0.0019   0.0025   0.0018  -0.0033  
# 2.3605E+03|  0.0013   0.0073  -1.0000   0.0000  -0.0000   0.0000   0.0001  
#--------------------------------------------------------------------------------
#
#====================================================================================
#  Covariance Matrix
#        1           2           3           4           5           6           7   
#   5.088e-03   1.726e-02  -3.047e+00  -1.617e-04  -4.142e-04  -1.920e-04  -2.104e-04
#   1.726e-02   5.567e-01  -1.730e+01   1.326e-03   1.072e-03   1.333e-03   5.777e-04
#  -3.047e+00  -1.730e+01   2.360e+03  -6.847e-02   2.593e-03  -7.854e-02  -2.734e-01
#  -1.617e-04   1.326e-03  -6.847e-02   1.578e-04   8.933e-05   6.613e-05   1.324e-04
#  -4.142e-04   1.072e-03   2.593e-03   8.933e-05   2.270e-04   1.051e-04   2.067e-04
#  -1.920e-04   1.333e-03  -7.854e-02   6.613e-05   1.051e-04   1.507e-04   1.571e-04
#  -2.104e-04   5.777e-04  -2.734e-01   1.324e-04   2.067e-04   1.571e-04   6.043e-04
#------------------------------------------------------------------------------------
#
#========================================================================
#Model grbm<1> Source No.: 1   Active/On
#Model Model Component  Parameter  Unit     Value
# par  comp
#                           Data group: 1
#   1    1   grbm       alpha               -0.173288    +/-  7.13337E-02  
#   2    1   grbm       beta                -3.70076     +/-  0.746116     
#   3    1   grbm       tem        keV      537.747      +/-  48.5839      
#   4    1   grbm       norm                0.262971     +/-  1.25638E-02  
#                           Data group: 2
#   5    1   grbm       alpha               -0.173288    = p1
#   6    1   grbm       beta                -3.70076     = p2
#   7    1   grbm       tem        keV      537.747      = p3
#   8    1   grbm       norm                0.243659     +/-  1.50663E-02  
#                           Data group: 3
#   9    1   grbm       alpha               -0.173288    = p1
#  10    1   grbm       beta                -3.70076     = p2
#  11    1   grbm       tem        keV      537.747      = p3
#  12    1   grbm       norm                0.189220     +/-  1.22741E-02  
#                           Data group: 4
#  13    1   grbm       alpha               -0.173288    = p1
#  14    1   grbm       beta                -3.70076     = p2
#  15    1   grbm       tem        keV      537.747      = p3
#  16    1   grbm       norm                0.228552     +/-  2.45829E-02  
#________________________________________________________________________
#
#
#Fit statistic  : Chi-Squared                   27.39     using 26 bins.
#                 Chi-Squared                   16.27     using 17 bins.
#                 Chi-Squared                   45.40     using 25 bins.
#                 Chi-Squared                   20.79     using 20 bins.
#                 Chi-Squared                    4.63     using 5 bins.
#                 Chi-Squared                    2.41     using 8 bins.
#Total fit statistic                           116.91     with 94 d.o.f.
#
#Test statistic : Chi-Squared                  116.91     using 101 bins.
# Null hypothesis probability of 5.49e-02 with 94 degrees of freedom
#***Warning: New best fit found, fit parameters will be set to new values.
#     1    -0.229817    -0.101102    (-0.0565055,0.0722094)
#
!XSPEC12> log none
#