#XSPEC version: 12.12.1
#Build Date/Time: Tue Aug  9 11:26:32 2022
#
!XSPEC12>show all 
#
#XSPEC version: 12.12.1
#
#Tue Oct 11 13:15:13 2022
# Auto-saving is done after every command.
# Fit statistic in use: Chi-Squared
# Minimization technique: Levenberg-Marquardt
#    Convergence criterion = 0.01
#    Parameter fit deltas: 0.01 * parValue
#Using chain rule to calculate statistic derivatives (faster method).
# Querying enabled.
# Prefit-renorming enabled.
# Solar abundance table: angr
# Photoionization Cross-Section Table:
#    vern:  Verner, Ferland, Korista, and Yakovlev 1996
# Cosmology in use: H0 = 70 q0 = 0 Lambda0 = 0.73
# Model data directory: /Home/siv30/wad005/master/heasoft-6.30.1/x86_64-pc-linux-gnu-libc2.31/../spectral/manager/../modelData/
# Plot settings:
#   Showing of individual additive components is OFF.
#   Showing of background spectra is OFF.
#   Effective area normalization is OFF.
#   Current unit settings:
#      Energy     = keV
#      Wavelength = angstrom, with Y-Axis displayed per Hz
#   X-Axis data display mode: Energy
#   Spectra plots will be shifted to source frame by redshift value z: 0
#   Device: /xw
#   Plotting of line IDs is OFF.
#   Splashpage is ON.
#   xlog for data plots is ON.
#   ylog for data plots is OFF.
#
#   Default plot rebin settings for all plot groups:
#   Min. Signif.   Max. # Bins   Error Type
#        0.00000             1         quad
#
# Responses read: 
#   GRB201227A_b0.rsp associated with spectrum 5 source 1 data group 3
#      energies: 140 channels: 95
#   GRB201227A_n4.rsp associated with spectrum 3 source 1 data group 2
#      energies: 140 channels: 36
#   GRB201227A_n8.rsp associated with spectrum 4 source 1 data group 2
#      energies: 140 channels: 18
#   KW20201227_T54846_1.rmf associated with spectrum 1 source 1
#      energies: 263 channels: 20
#   KW20201227_T54846_2.rmf associated with spectrum 2 source 1
#      energies: 263 channels: 37
# Distinct RMF files: 
#     /Home/siv30/wad005/master/GRB/xspec/GRB201227A/GRB201227A_b0.rsp     /Home/siv30/wad005/master/GRB/xspec/GRB201227A/GRB201227A_n4.rsp     /Home/siv30/wad005/master/GRB/xspec/GRB201227A/GRB201227A_n8.rsp     /Home/siv30/wad005/master/GRB/xspec/GRB201227A/KW20201227_T54846_1.rmf     /Home/siv30/wad005/master/GRB/xspec/GRB201227A/KW20201227_T54846_2.rmf
#
#5 files 5 spectra 
#Spectrum 1  Spectral Data File: KW201227_1_gr20.pha
#Net count rate (cts/s) for Spectrum:1  9.018e+03 +/- 4.909e+02 (88.6 % total)
# Assigned to Data Group 1 and Plot Group 1
#  Noticed Channels:  1-16
#  Telescope: WIND Instrument: KONUS  Channel Type: PHA
#  Exposure Time: 0.04224 sec
# Using fit statistic: chi
# Using Background File                KW20201227_T54846_1_bg.pha
#  Background Exposure Time: 162.9 sec
# Using Response (RMF) File            KW20201227_T54846_1.rmf for Source 1
# Using Auxiliary Response (ARF) File  KW20201227_T54846.arf
#
# Spectral data counts: 430
# Model predicted rate: 8504.15
#
#Spectrum 2  Spectral Data File: KW201227_2_gr20.pha
#Net count rate (cts/s) for Spectrum:2  1.956e+03 +/- 1.972e+02 (89.1 % total)
# Assigned to Data Group 1 and Plot Group 2
#  Noticed Channels:  1-5
#  Telescope: WIND Instrument: KONUS  Channel Type: PHA
#  Exposure Time: 0.05648 sec
# Using fit statistic: chi
# Using Background File                KW20201227_T54846_2_bg.pha
#  Background Exposure Time: 168.8 sec
# Using Response (RMF) File            KW20201227_T54846_2.rmf for Source 1
# Using Auxiliary Response (ARF) File  KW20201227_T54846.arf
#
# Spectral data counts: 124
# Model predicted rate: 2070.71
#
#Spectrum 3  Spectral Data File: GRB201227A_n4_gr20.pha
#Net count rate (cts/s) for Spectrum:3  8.191e+03 +/- 3.888e+02 (87.9 % total)
# Assigned to Data Group 2 and Plot Group 3
#  Noticed Channels:  2-26
#  Telescope: GLAST Instrument: GBM  Channel Type: PHA
#  Exposure Time: 0.06163 sec
# Using fit statistic: chi
# Using Background File                GRB201227A_n4.bak
#  Background Exposure Time: 0.06435 sec
# Using Response (RMF) File            GRB201227A_n4.rsp for Source 1
#
# Spectral data counts: 574
# Model predicted rate: 7780.62
#
#Spectrum 4  Spectral Data File: GRB201227A_n8_gr20.pha
#Net count rate (cts/s) for Spectrum:4  4.671e+03 +/- 2.960e+02 (85.5 % total)
# Assigned to Data Group 2 and Plot Group 4
#  Noticed Channels:  2-17
#  Telescope: GLAST Instrument: GBM  Channel Type: PHA
#  Exposure Time: 0.0624 sec
# Using fit statistic: chi
# Using Background File                GRB201227A_n8.bak
#  Background Exposure Time: 0.06495 sec
# Using Response (RMF) File            GRB201227A_n8.rsp for Source 1
#
# Spectral data counts: 341
# Model predicted rate: 4473.11
#
#Spectrum 5  Spectral Data File: GRB201227A_b0_gr20.pha
#Net count rate (cts/s) for Spectrum:5  1.173e+04 +/- 4.653e+02 (88.9 % total)
# Assigned to Data Group 3 and Plot Group 5
#  Noticed Channels:  2-25
#  Telescope: GLAST Instrument: GBM  Channel Type: PHA
#  Exposure Time: 0.06099 sec
# Using fit statistic: chi
# Using Background File                GRB201227A_b0.bak
#  Background Exposure Time: 0.0633 sec
# Using Response (RMF) File            GRB201227A_b0.rsp for Source 1
#
# Spectral data counts: 805
# Model predicted rate: 1.12785E+04
#
#
#Current model list:
#
#========================================================================
#Model constant<1>*cflux<2>*ngrbep<3> Source No.: 1   Active/On
#Model Model Component  Parameter  Unit     Value
# par  comp
#                           Data group: 1
#   1    1   constant   factor              1.00000      frozen
#   2    2   cflux      Emin       keV      10.0000      frozen
#   3    2   cflux      Emax       keV      1.00000E+04  frozen
#   4    2   cflux      lg10Flux   cgs      -4.16780     +/-  3.68885E-02  
#   5    3   ngrbep     alpha               -0.185540    +/-  7.86430E-02  
#   6    3   ngrbep     beta                -3.08742     +/-  0.519188     
#   7    3   ngrbep     epeak      keV      915.216      +/-  70.3735      
#   8    3   ngrbep     enorm      keV      100.000      frozen
#   9    3   ngrbep     norm                1.00000      frozen
#                           Data group: 2
#  10    1   constant   factor              1.31688      +/-  8.31897E-02  
#  11    2   cflux      Emin       keV      10.0000      = p2
#  12    2   cflux      Emax       keV      1.00000E+04  = p3
#  13    2   cflux      lg10Flux   cgs      -4.16780     = p4
#  14    3   ngrbep     alpha               -0.185540    = p5
#  15    3   ngrbep     beta                -3.08742     = p6
#  16    3   ngrbep     epeak      keV      915.216      = p7
#  17    3   ngrbep     enorm      keV      100.000      = p8
#  18    3   ngrbep     norm                1.00000      = p9
#                           Data group: 3
#  19    1   constant   factor              1.39891      +/-  9.31832E-02  
#  20    2   cflux      Emin       keV      10.0000      = p2
#  21    2   cflux      Emax       keV      1.00000E+04  = p3
#  22    2   cflux      lg10Flux   cgs      -4.16780     = p4
#  23    3   ngrbep     alpha               -0.185540    = p5
#  24    3   ngrbep     beta                -3.08742     = p6
#  25    3   ngrbep     epeak      keV      915.216      = p7
#  26    3   ngrbep     enorm      keV      100.000      = p8
#  27    3   ngrbep     norm                1.00000      = p9
#________________________________________________________________________
#
#   Using energies from responses.
#
#Fit statistic  : Chi-Squared                   13.81     using 16 bins.
#                 Chi-Squared                    4.52     using 5 bins.
#                 Chi-Squared                   26.27     using 25 bins.
#                 Chi-Squared                   16.89     using 16 bins.
#                 Chi-Squared                   24.74     using 24 bins.
#Total fit statistic                            86.22     with 80 d.o.f.
#
#Test statistic : Chi-Squared                   86.22     using 86 bins.
# Null hypothesis probability of 2.97e-01 with 80 degrees of freedom
#
#Bayes is off
#
#
!XSPEC12>error 1. 10, 19, 4-7
# Parameter   Confidence Range (1)
#    10      1.23645      1.40383    (-0.0804321,0.0869399)
#    19      1.30996      1.49513    (-0.0889517,0.0962275)
#     4     -4.20533     -4.13178    (-0.0375302,0.0360287)
#     5    -0.260037     -0.10569    (-0.0745057,0.0798418)
#     6     -4.37544     -2.68546    (-1.28794,0.402043)
#***Warning: Zero alpha-matrix diagonal element for parameter 5
# Parameter 5 is pegged at -9.122 due to zero or negative pivot element, likely
# caused by the fit being insensitive to the parameter.
#***Warning: Zero alpha-matrix diagonal element for parameter 5
# Parameter 5 is pegged at -9.122 due to zero or negative pivot element, likely
# caused by the fit being insensitive to the parameter.
#     7      843.156       993.28    (-72.0609,78.0631)
#
!XSPEC12>error 2.706 10, 19, 4-7
# Parameter   Confidence Range (2.706)
#    10      1.18736      1.46407    (-0.129531,0.147183)
#    19      1.25575       1.5618    (-0.143161,0.162891)
#     4     -4.23357     -4.10873    (-0.0657614,0.0590722)
#     5    -0.305648   -0.0491216    (-0.120116,0.13641)
#
#***Warning: Number of trials exceeded before bracketing of delta fit-stat.
#Last attempt: -9.99999, with delta statistic: 1.34182
#
#
!XSPEC12>tclreadline::readline eofchar ""
#
!XSPEC12>tclreadline::readline read {Continue error search in this direction? }
#
!XSPEC12>tclreadline::readline eofchar "puts {}; exit"
#
#*** Parameter lower bound is INVALID.
#
#     6            0     -2.50588    (3.0875,0.58162)
#***Warning: Zero alpha-matrix diagonal element for parameter 5
# Parameter 5 is pegged at -8.74934 due to zero or negative pivot element, likely
# caused by the fit being insensitive to the parameter.
#***Warning: Zero alpha-matrix diagonal element for parameter 5
# Parameter 5 is pegged at -8.74934 due to zero or negative pivot element, likely
# caused by the fit being insensitive to the parameter.
#***Warning: Zero alpha-matrix diagonal element for parameter 5
# Parameter 5 is pegged at -9.27954 due to zero or negative pivot element, likely
# caused by the fit being insensitive to the parameter.
#***Warning: Zero alpha-matrix diagonal element for parameter 5
# Parameter 5 is pegged at -9.27954 due to zero or negative pivot element, likely
# caused by the fit being insensitive to the parameter.
#***Warning: Zero alpha-matrix diagonal element for parameter 5
# Parameter 5 is pegged at -9.1807 due to zero or negative pivot element, likely
# caused by the fit being insensitive to the parameter.
#***Warning: Zero alpha-matrix diagonal element for parameter 5
# Parameter 5 is pegged at -9.1807 due to zero or negative pivot element, likely
# caused by the fit being insensitive to the parameter.
#Apparent non-monotonicity in statistic space detected.
#Current bracket values 998.947, 1009.98
#and delta stat 1.12982, 441.464
#but latest trial 1004.47 gives 441.464
#Suggest that you check this result using the steppar command.
#     7      796.694      8737.77    (-118.523,7822.55)
#
!XSPEC12>log none
#