#XSPEC version: 12.12.1
#Build Date/Time: Tue Aug  9 11:26:32 2022
#
!XSPEC12>show all 
#
#XSPEC version: 12.12.1
#
#Tue Oct 11 13:15:19 2022
# Auto-saving is done after every command.
# Fit statistic in use: Chi-Squared
# Minimization technique: Levenberg-Marquardt
#    Convergence criterion = 0.01
#    Parameter fit deltas: 0.01 * parValue
#Using chain rule to calculate statistic derivatives (faster method).
# Querying enabled.
# Prefit-renorming enabled.
# Solar abundance table: angr
# Photoionization Cross-Section Table:
#    vern:  Verner, Ferland, Korista, and Yakovlev 1996
# Cosmology in use: H0 = 70 q0 = 0 Lambda0 = 0.73
# Model data directory: /Home/siv30/wad005/master/heasoft-6.30.1/x86_64-pc-linux-gnu-libc2.31/../spectral/manager/../modelData/
# Plot settings:
#   Showing of individual additive components is OFF.
#   Showing of background spectra is OFF.
#   Effective area normalization is OFF.
#   Current unit settings:
#      Energy     = keV
#      Wavelength = angstrom, with Y-Axis displayed per Hz
#   X-Axis data display mode: Energy
#   Spectra plots will be shifted to source frame by redshift value z: 0
#   Device: /xw
#   Plotting of line IDs is OFF.
#   Splashpage is ON.
#   xlog for data plots is ON.
#   ylog for data plots is OFF.
#
#   Default plot rebin settings for all plot groups:
#   Min. Signif.   Max. # Bins   Error Type
#        0.00000             1         quad
#
# Responses read: 
#   KW20201227_T54846_1.rmf associated with spectrum 1 source 1
#      energies: 263 channels: 20
#   KW20201227_T54846_2.rmf associated with spectrum 2 source 1
#      energies: 263 channels: 37
# Distinct RMF files: 
#     /Home/siv30/wad005/master/GRB/xspec/GRB201227A/KW20201227_T54846_1.rmf     /Home/siv30/wad005/master/GRB/xspec/GRB201227A/KW20201227_T54846_2.rmf
#
#2 files 2 spectra 
#Spectrum 1  Spectral Data File: KW201227_1_gr20.pha
#Net count rate (cts/s) for Spectrum:1  9.018e+03 +/- 4.909e+02 (88.6 % total)
# Assigned to Data Group 1 and Plot Group 1
#  Noticed Channels:  1-16
#  Telescope: WIND Instrument: KONUS  Channel Type: PHA
#  Exposure Time: 0.04224 sec
# Using fit statistic: chi
# Using Background File                KW20201227_T54846_1_bg.pha
#  Background Exposure Time: 162.9 sec
# Using Response (RMF) File            KW20201227_T54846_1.rmf for Source 1
# Using Auxiliary Response (ARF) File  KW20201227_T54846.arf
#
# Spectral data counts: 430
# Model predicted rate: 8698.79
#
#Spectrum 2  Spectral Data File: KW201227_2_gr20.pha
#Net count rate (cts/s) for Spectrum:2  1.956e+03 +/- 1.972e+02 (89.1 % total)
# Assigned to Data Group 1 and Plot Group 2
#  Noticed Channels:  1-5
#  Telescope: WIND Instrument: KONUS  Channel Type: PHA
#  Exposure Time: 0.05648 sec
# Using fit statistic: chi
# Using Background File                KW20201227_T54846_2_bg.pha
#  Background Exposure Time: 168.8 sec
# Using Response (RMF) File            KW20201227_T54846_2.rmf for Source 1
# Using Auxiliary Response (ARF) File  KW20201227_T54846.arf
#
# Spectral data counts: 124
# Model predicted rate: 1929.99
#
#
#Current model list:
#
#========================================================================
#Model cflux<1>*ngrbep<2> Source No.: 1   Active/On
#Model Model Component  Parameter  Unit     Value
# par  comp
#   1    1   cflux      Emin       keV      10.0000      frozen
#   2    1   cflux      Emax       keV      1.00000E+04  frozen
#   3    1   cflux      lg10Flux   cgs      -4.23822     +/-  0.466128     
#   4    2   ngrbep     alpha               -0.166980    +/-  0.153996     
#   5    2   ngrbep     beta                -8.93517     +/-  7585.07      
#   6    2   ngrbep     epeak      keV      875.225      +/-  138.507      
#   7    2   ngrbep     enorm      keV      100.000      frozen
#   8    2   ngrbep     norm                1.00000      frozen
#________________________________________________________________________
#
#   Using energies from responses.
#
#Fit statistic  : Chi-Squared                   13.34     using 16 bins.
#                 Chi-Squared                    3.64     using 5 bins.
#Total fit statistic                            16.98     with 17 d.o.f.
#
#Test statistic : Chi-Squared                   16.98     using 21 bins.
# Null hypothesis probability of 4.56e-01 with 17 degrees of freedom
#
#Bayes is off
#
#
!XSPEC12>error 1. 3-6
# Parameter   Confidence Range (1)
#***Warning: Zero alpha-matrix diagonal element for parameter 4
#***Warning: Zero alpha-matrix diagonal element for parameter 6
# Parameter 4 is pegged at -8.52635 due to zero or negative pivot element, likely
# caused by the fit being insensitive to the parameter.
# Parameter 6 is pegged at 103.005 due to zero or negative pivot element, likely
# caused by the fit being insensitive to the parameter.
#***Warning: Zero alpha-matrix diagonal element for parameter 4
#***Warning: Zero alpha-matrix diagonal element for parameter 6
# Parameter 4 is pegged at -8.52635 due to zero or negative pivot element, likely
# caused by the fit being insensitive to the parameter.
# Parameter 6 is pegged at 103.005 due to zero or negative pivot element, likely
# caused by the fit being insensitive to the parameter.
# Warning: renorm - no variable model to allow  renormalization
#                                   Parameters
#Chi-Squared  |beta|/N    Lvl    3:lg10Flux       4:alpha        5:beta       6:epeak
#16.8586      0.92381      -3      -4.21386     -0.132779      -3.36613       834.496
#16.8471      1.15491      -4      -4.21470     -0.133185      -3.42843       835.517
#16.847       0.0737617    -5      -4.21476     -0.133374      -3.43383       835.725
#==================================================
# Variances and Principal Axes
#                 3        4        5        6  
# 4.2936E-04|  0.9865  -0.1563  -0.0480  -0.0005  
# 8.9492E-03|  0.1568   0.9876   0.0071   0.0011  
# 1.4640E+00|  0.0463  -0.0145   0.9988   0.0102  
# 1.6395E+04|  0.0002   0.0010   0.0102  -0.9999  
#--------------------------------------------------
#
#================================================
#  Covariance Matrix
#        1           2           3           4   
#   4.237e-03   3.061e-03   9.556e-02  -2.735e+00
#   3.061e-03   2.533e-02   1.450e-01  -1.634e+01
#   9.556e-02   1.450e-01   3.157e+00  -1.668e+02
#  -2.735e+00  -1.634e+01  -1.668e+02   1.639e+04
#------------------------------------------------
#
#========================================================================
#Model cflux<1>*ngrbep<2> Source No.: 1   Active/On
#Model Model Component  Parameter  Unit     Value
# par  comp
#   1    1   cflux      Emin       keV      10.0000      frozen
#   2    1   cflux      Emax       keV      1.00000E+04  frozen
#   3    1   cflux      lg10Flux   cgs      -4.21476     +/-  6.50892E-02  
#   4    2   ngrbep     alpha               -0.133374    +/-  0.159140     
#   5    2   ngrbep     beta                -3.43383     +/-  1.77681      
#   6    2   ngrbep     epeak      keV      835.725      +/-  128.038      
#   7    2   ngrbep     enorm      keV      100.000      frozen
#   8    2   ngrbep     norm                1.00000      frozen
#________________________________________________________________________
#
#
#Fit statistic  : Chi-Squared                   13.11     using 16 bins.
#                 Chi-Squared                    3.74     using 5 bins.
#Total fit statistic                            16.85     with 17 d.o.f.
#
#Test statistic : Chi-Squared                   16.85     using 21 bins.
# Null hypothesis probability of 4.65e-01 with 17 degrees of freedom
#***Warning: New best fit found, fit parameters will be set to new values.
#     3     -4.26149      -4.1533    (-0.0467296,0.0614618)
#Apparent non-monotonicity in statistic space detected.
#Current bracket values -0.133374, -0.292514
#and delta stat 0, 1.35296
#but latest trial -0.27019 gives 1.55167
#Suggest that you check this result using the steppar command.
#     4    -0.212944     0.031022    (-0.0795701,0.164395)
#
#***Warning: Number of trials exceeded before bracketing of delta fit-stat.
#Last attempt: -10, with delta statistic: 0.132882
#
#
!XSPEC12>tclreadline::readline eofchar ""
#
!XSPEC12>tclreadline::readline read {Continue error search in this direction? }
#
!XSPEC12>tclreadline::readline eofchar "puts {}; exit"
#
#*** Parameter lower bound is INVALID.
#
#     5            0     -2.57048    (3.43384,0.863357)
#     6      714.602      953.798    (-121.123,118.073)
#
!XSPEC12>error 2.706 3-6
# Parameter   Confidence Range (2.706)
#     3     -4.27151     -4.11596    (-0.0567454,0.0987998)
#     4    -0.345943     0.154654    (-0.21257,0.288028)
#
#***Warning: Number of trials exceeded before bracketing of delta fit-stat.
#Last attempt: -10, with delta statistic: 0.132881
#
#
!XSPEC12>tclreadline::readline eofchar ""
#
!XSPEC12>tclreadline::readline read {Continue error search in this direction? }
#
!XSPEC12>tclreadline::readline eofchar "puts {}; exit"
#
#*** Parameter lower bound is INVALID.
#
#     5            0     -2.30543    (3.43384,1.1284)
#***Warning: Zero alpha-matrix diagonal element for parameter 5
# Parameter 5 is pegged at -9.05019 due to zero or negative pivot element, likely
# caused by the fit being insensitive to the parameter.
#***Warning: Zero alpha-matrix diagonal element for parameter 5
# Parameter 5 is pegged at -9.05019 due to zero or negative pivot element, likely
# caused by the fit being insensitive to the parameter.
#***Warning: Zero alpha-matrix diagonal element for parameter 5
# Parameter 5 is pegged at -4.42746 due to zero or negative pivot element, likely
# caused by the fit being insensitive to the parameter.
#***Warning: Zero alpha-matrix diagonal element for parameter 5
# Parameter 5 is pegged at -4.42746 due to zero or negative pivot element, likely
# caused by the fit being insensitive to the parameter.
#***Warning: Zero alpha-matrix diagonal element for parameter 5
# Parameter 5 is pegged at -9.13113 due to zero or negative pivot element, likely
# caused by the fit being insensitive to the parameter.
#***Warning: Zero alpha-matrix diagonal element for parameter 5
# Parameter 5 is pegged at -9.13113 due to zero or negative pivot element, likely
# caused by the fit being insensitive to the parameter.
#***Warning: Zero alpha-matrix diagonal element for parameter 5
# Parameter 5 is pegged at -8.87534 due to zero or negative pivot element, likely
# caused by the fit being insensitive to the parameter.
#***Warning: Zero alpha-matrix diagonal element for parameter 5
# Parameter 5 is pegged at -8.87534 due to zero or negative pivot element, likely
# caused by the fit being insensitive to the parameter.
#***Warning: Zero alpha-matrix diagonal element for parameter 5
# Parameter 5 is pegged at -9.29822 due to zero or negative pivot element, likely
# caused by the fit being insensitive to the parameter.
#***Warning: Zero alpha-matrix diagonal element for parameter 5
# Parameter 5 is pegged at -9.29822 due to zero or negative pivot element, likely
# caused by the fit being insensitive to the parameter.
#***Warning: Zero alpha-matrix diagonal element for parameter 5
# Parameter 5 is pegged at -9.33245 due to zero or negative pivot element, likely
# caused by the fit being insensitive to the parameter.
#***Warning: Zero alpha-matrix diagonal element for parameter 5
# Parameter 5 is pegged at -9.33245 due to zero or negative pivot element, likely
# caused by the fit being insensitive to the parameter.
#
#***Warning: Number of trials exceeded before convergence.
#Current trial values 999.519, 1000.04
#and delta statistic 2.18064, 13.1192
#
#
!XSPEC12>tclreadline::readline eofchar ""
#
!XSPEC12>tclreadline::readline read {Continue error search in this direction? }
#
!XSPEC12>tclreadline::readline eofchar "puts {}; exit"
#     6      637.226      999.629    (-198.499,163.904)
#
!XSPEC12>log none
#