#XSPEC version: 12.12.1
#Build Date/Time: Fri Jul  1 23:38:21 2022
#
!XSPEC12> show data
#
#1 file 1 spectrum 
#Spectrum 1  Spectral Data File: GRB181222B_n4_gr20.pha
#Net count rate (cts/s) for Spectrum:1  2.010e+04 +/- 2.067e+02 (98.3 % total)
# Assigned to Data Group 1 and Plot Group 1
#  Noticed Channels:  33-104
#  Telescope: GLAST Instrument: GBM  Channel Type: PHA
#  Exposure Time: 0.4794 sec
# Using fit statistic: chi
# Using Background File                GRB181222B_n4.bak
#  Background Exposure Time: 0.4822 sec
# Using Response (RMF) File            GRB181222B_n4.rsp for Source 1
#
#
!XSPEC12> show all
#
#XSPEC version: 12.12.1
#
#Sun Aug  7 17:46:37 2022
# Auto-saving is done after every command.
# Fit statistic in use: Chi-Squared
# Minimization technique: Levenberg-Marquardt
#    Convergence criterion = 0.01
#    Parameter fit deltas: 0.01 * parValue
#Using chain rule to calculate statistic derivatives (faster method).
# Querying enabled.
# Prefit-renorming enabled.
# Solar abundance table: angr
# Photoionization Cross-Section Table:
#    vern:  Verner, Ferland, Korista, and Yakovlev 1996
# Cosmology in use: H0 = 70 q0 = 0 Lambda0 = 0.73
# Model data directory: /Users/andreas/phys/master/GRB_local/heasoft-6.30.1/x86_64-apple-darwin21.5.0/../spectral/manager/../modelData/
# Plot settings:
#   Showing of individual additive components is OFF.
#   Showing of background spectra is OFF.
#   Effective area normalization is OFF.
#   Current unit settings:
#      Energy     = keV
#      Wavelength = angstrom, with Y-Axis displayed per Hz
#   X-Axis data display mode: Energy
#   Spectra plots will be shifted to source frame by redshift value z: 0
#   Device: /xw
#   Plotting of line IDs is OFF.
#   Splashpage is ON.
#   xlog for data plots is ON.
#   ylog for data plots is OFF.
#
#   Default plot rebin settings for all plot groups:
#   Min. Signif.   Max. # Bins   Error Type
#        0.00000             1         quad
#
# Responses read: 
#   GRB181222B_n4.rsp associated with spectrum 1 source 1
#      energies: 140 channels: 106
# Distinct RMF files: 
#     /Users/andreas/phys/master/FERMI/GRB181222B/GRB181222B_n4.rsp
#
#1 file 1 spectrum 
#Spectrum 1  Spectral Data File: GRB181222B_n4_gr20.pha
#Net count rate (cts/s) for Spectrum:1  2.010e+04 +/- 2.067e+02 (98.3 % total)
# Assigned to Data Group 1 and Plot Group 1
#  Noticed Channels:  33-104
#  Telescope: GLAST Instrument: GBM  Channel Type: PHA
#  Exposure Time: 0.4794 sec
# Using fit statistic: chi
# Using Background File                GRB181222B_n4.bak
#  Background Exposure Time: 0.4822 sec
# Using Response (RMF) File            GRB181222B_n4.rsp for Source 1
#
# Spectral data counts: 9808
# Model predicted rate: 1.99262E+04
#
#
#Current model list:
#
#========================================================================
#Model ngrbep<1> Source No.: 1   Active/On
#Model Model Component  Parameter  Unit     Value
# par  comp
#   1    1   ngrbep     alpha               -0.179247    +/-  0.130577     
#   2    1   ngrbep     beta                -2.40385     +/-  0.153444     
#   3    1   ngrbep     epeak      keV      274.002      +/-  19.7428      
#   4    1   ngrbep     enorm      keV      100.000      frozen
#   5    1   ngrbep     norm                1.66602      +/-  0.173881     
#________________________________________________________________________
#
#   Using energies from responses.
#
#Fit statistic  : Chi-Squared                   85.46     using 72 bins.
#
#Test statistic : Chi-Squared                   85.46     using 72 bins.
# Null hypothesis probability of 7.47e-02 with 68 degrees of freedom
#
#Bayes is off
#
#
!XSPEC12> error 1 2 3
# Parameter   Confidence Range (2.706)
#     1    -0.396863     0.174601    (-0.217632,0.353833)
#     2     -2.79331     -2.13908    (-0.389478,0.264757)
#     3      229.228      313.807    (-44.7715,39.8078)
#
!XSPEC12> log none
#