#XSPEC version: 12.12.1
#Build Date/Time: Fri Jul  1 23:38:21 2022
#
!XSPEC12> show all
#
#XSPEC version: 12.12.1
#
#Thu Aug 11 20:49:01 2022
# Auto-saving is done after every command.
# Fit statistic in use: Chi-Squared
# Minimization technique: Levenberg-Marquardt
#    Convergence criterion = 0.01
#    Parameter fit deltas: 0.01 * parValue
#Using chain rule to calculate statistic derivatives (faster method).
# Querying enabled.
# Prefit-renorming enabled.
# Solar abundance table: angr
# Photoionization Cross-Section Table:
#    vern:  Verner, Ferland, Korista, and Yakovlev 1996
# Cosmology in use: H0 = 70 q0 = 0 Lambda0 = 0.73
# Model data directory: /Users/andreas/phys/master/GRB_local/heasoft-6.30.1/x86_64-apple-darwin21.5.0/../spectral/manager/../modelData/
# Plot settings:
#   Showing of individual additive components is OFF.
#   Showing of background spectra is OFF.
#   Effective area normalization is OFF.
#   Current unit settings:
#      Energy     = keV
#      Wavelength = angstrom, with Y-Axis displayed per Hz
#   X-Axis data display mode: Energy
#   Spectra plots will be shifted to source frame by redshift value z: 0
#   Device: /xw
#   Plotting of line IDs is OFF.
#   Splashpage is ON.
#   xlog for data plots is ON.
#   ylog for data plots is OFF.
#
#   Default plot rebin settings for all plot groups:
#   Min. Signif.   Max. # Bins   Error Type
#        0.00000             1         quad
#
# Responses read: 
#   GRB210619B_n8.rsp associated with spectrum 1 source 1
#      energies: 140 channels: 94
# Distinct RMF files: 
#     /Users/andreas/phys/master/GRB/xspec/FERMI/GRB210619B/GRB210619B_n8.rsp
#
#1 file 1 spectrum 
#Spectrum 1  Spectral Data File: GRB210619B_n8_gr30.pha
#Net count rate (cts/s) for Spectrum:1  2.378e+04 +/- 3.229e+02 (95.3 % total)
# Assigned to Data Group 1 and Plot Group 1
#  Noticed Channels:  2-91
#  Telescope: GLAST Instrument: GBM  Channel Type: PHA
#  Exposure Time: 0.2395 sec
# Using fit statistic: chi
# Using Background File                GRB210619B_n8.bak
#  Background Exposure Time: 0.2415 sec
# Using Response (RMF) File            GRB210619B_n8.rsp for Source 1
#
# Spectral data counts: 5980
# Model predicted rate: 2.34092E+04
#
#
#Current model list:
#
#========================================================================
#Model ngrbep<1> Source No.: 1   Active/On
#Model Model Component  Parameter  Unit     Value
# par  comp
#   1    1   ngrbep     alpha               -0.239450    +/-  5.86302E-02  
#   2    1   ngrbep     beta                -1.86527     +/-  0.162545     
#   3    1   ngrbep     epeak      keV      381.227      +/-  38.7033      
#   4    1   ngrbep     enorm      keV      100.000      frozen
#   5    1   ngrbep     norm                1.17217      +/-  9.37008E-02  
#________________________________________________________________________
#
#   Using energies from responses.
#
#Fit statistic  : Chi-Squared                   90.07     using 90 bins.
#
#Test statistic : Chi-Squared                   90.07     using 90 bins.
# Null hypothesis probability of 3.61e-01 with 86 degrees of freedom
#
#Bayes is off
#
#
!XSPEC12> error 1 2 3
# Parameter   Confidence Range (2.706)
#     1    -0.338595     -0.11892    (-0.0983906,0.121285)
#     2     -2.42488      -1.6226    (-0.556675,0.245604)
#     3      309.596      463.249    (-72.2993,81.3531)
#
!XSPEC12> log none
#