#XSPEC version: 12.12.1
#Build Date/Time: Fri Jul  1 23:38:21 2022
#
!XSPEC12> show all
#
#XSPEC version: 12.12.1
#
#Fri Aug 12 13:48:57 2022
# Auto-saving is done after every command.
# Fit statistic in use: Chi-Squared
# Minimization technique: Levenberg-Marquardt
#    Convergence criterion = 0.01
#    Parameter fit deltas: 0.01 * parValue
#Using chain rule to calculate statistic derivatives (faster method).
# Querying enabled.
# Prefit-renorming enabled.
# Solar abundance table: angr
# Photoionization Cross-Section Table:
#    vern:  Verner, Ferland, Korista, and Yakovlev 1996
# Cosmology in use: H0 = 70 q0 = 0 Lambda0 = 0.73
# Model data directory: /Users/andreas/phys/master/GRB_local/heasoft-6.30.1/x86_64-apple-darwin21.5.0/../spectral/manager/../modelData/
# Plot settings:
#   Showing of individual additive components is OFF.
#   Showing of background spectra is OFF.
#   Effective area normalization is OFF.
#   Current unit settings:
#      Energy     = keV
#      Wavelength = angstrom, with Y-Axis displayed per Hz
#   X-Axis data display mode: Energy
#   Spectra plots will be shifted to source frame by redshift value z: 0
#   Device: /xw
#   Plotting of line IDs is OFF.
#   Splashpage is ON.
#   xlog for data plots is ON.
#   ylog for data plots is OFF.
#
#   Default plot rebin settings for all plot groups:
#   Min. Signif.   Max. # Bins   Error Type
#        0.00000             1         quad
#
# Responses read: 
#   GRB201227A_b0.rsp associated with spectrum 3 source 1
#      energies: 140 channels: 25
#   GRB201227A_n4.rsp associated with spectrum 1 source 1
#      energies: 140 channels: 27
#   GRB201227A_n8.rsp associated with spectrum 2 source 1
#      energies: 140 channels: 18
# Distinct RMF files: 
#     /Users/andreas/phys/master/GRB/xspec/FERMI/GRB201227A/GRB201227A_b0.rsp     /Users/andreas/phys/master/GRB/xspec/FERMI/GRB201227A/GRB201227A_n4.rsp     /Users/andreas/phys/master/GRB/xspec/FERMI/GRB201227A/GRB201227A_n8.rsp
#
#3 files 3 spectra 
#Spectrum 1  Spectral Data File: GRB201227A_n4_gr20.pha
#Net count rate (cts/s) for Spectrum:1  8.003e+03 +/- 3.796e+02 (90.0 % total)
# Assigned to Data Group 1 and Plot Group 1
#  Noticed Channels:  3-26
#  Telescope: GLAST Instrument: GBM  Channel Type: PHA
#  Exposure Time: 0.06173 sec
# Using fit statistic: chi
# Using Background File                GRB201227A_n4.bak
#  Background Exposure Time: 0.06439 sec
# Using Response (RMF) File            GRB201227A_n4.rsp for Source 1
#
# Spectral data counts: 549
# Model predicted rate: 7691.17
#
#Spectrum 2  Spectral Data File: GRB201227A_n8_gr20.pha
#Net count rate (cts/s) for Spectrum:2  4.798e+03 +/- 3.004e+02 (85.3 % total)
# Assigned to Data Group 1 and Plot Group 2
#  Noticed Channels:  2-18
#  Telescope: GLAST Instrument: GBM  Channel Type: PHA
#  Exposure Time: 0.0624 sec
# Using fit statistic: chi
# Using Background File                GRB201227A_n8.bak
#  Background Exposure Time: 0.06495 sec
# Using Response (RMF) File            GRB201227A_n8.rsp for Source 1
#
# Spectral data counts: 351
# Model predicted rate: 4624.37
#
#Spectrum 3  Spectral Data File: GRB201227A_b0_gr20.pha
#Net count rate (cts/s) for Spectrum:3  1.141e+04 +/- 4.615e+02 (88.8 % total)
# Assigned to Data Group 1 and Plot Group 3
#  Noticed Channels:  2-24
#  Telescope: GLAST Instrument: GBM  Channel Type: PHA
#  Exposure Time: 0.06029 sec
# Using fit statistic: chi
# Using Background File                GRB201227A_b0.bak
#  Background Exposure Time: 0.06343 sec
# Using Response (RMF) File            GRB201227A_b0.rsp for Source 1
#
# Spectral data counts: 774
# Model predicted rate: 1.08493E+04
#
#
#Current model list:
#
#========================================================================
#Model ngrbep<1> Source No.: 1   Active/On
#Model Model Component  Parameter  Unit     Value
# par  comp
#   1    1   ngrbep     alpha               -0.215104    +/-  9.11905E-02  
#   2    1   ngrbep     beta                -3.02710     +/-  0.696813     
#   3    1   ngrbep     epeak      keV      1000.000     +/-  93.6293      
#   4    1   ngrbep     enorm      keV      94.5108      +/-  4.79419E+06  
#   5    1   ngrbep     norm                0.267997     +/-  2924.29      
#________________________________________________________________________
#
#   Using energies from responses.
#
#Fit statistic  : Chi-Squared                   21.86     using 24 bins.
#                 Chi-Squared                   16.45     using 17 bins.
#                 Chi-Squared                   26.91     using 23 bins.
#Total fit statistic                            65.22     with 59 d.o.f.
#
#Test statistic : Chi-Squared                   65.22     using 64 bins.
# Null hypothesis probability of 2.70e-01 with 59 degrees of freedom
#
#Bayes is off
#
#
!XSPEC12> error 1 2 3
# Parameter   Confidence Range (2.706)
#     1    -0.313325   -0.0622111    (-0.0982208,0.152893)
#
#***Warning: Number of trials exceeded before bracketing of delta fit-stat.
#Last attempt: -9.99999, with delta statistic: 1.5149
#
#
#*** Parameter lower bound is INVALID.
#
#     2            0     -2.34825    (3.0271,0.678857)
#     3      854.655       1152.5    (-145.345,152.497)
#
!XSPEC12> log none
#