#XSPEC version: 12.12.1
#Build Date/Time: Fri Jul  1 23:38:21 2022
#
!XSPEC12> show all
#
#XSPEC version: 12.12.1
#
#Fri Oct 21 11:12:18 2022
# Auto-saving is done after every command.
# Fit statistic in use: Chi-Squared
# Minimization technique: Levenberg-Marquardt
#    Convergence criterion = 0.01
#    Parameter fit deltas: 0.01 * parValue
#Using chain rule to calculate statistic derivatives (faster method).
# Querying enabled.
# Prefit-renorming enabled.
# Solar abundance table: angr
# Photoionization Cross-Section Table:
#    vern:  Verner, Ferland, Korista, and Yakovlev 1996
# Cosmology in use: H0 = 70 q0 = 0 Lambda0 = 0.73
# Model data directory: /Users/andreas/phys/master/GRB_local/heasoft-6.30.1/x86_64-apple-darwin21.5.0/../spectral/manager/../modelData/
# Plot settings:
#   Showing of individual additive components is OFF.
#   Showing of background spectra is OFF.
#   Effective area normalization is OFF.
#   Current unit settings:
#      Energy     = keV
#      Wavelength = angstrom, with Y-Axis displayed per Hz
#   X-Axis data display mode: Energy
#   Spectra plots will be shifted to source frame by redshift value z: 0
#   Device: /xw
#   Plotting of line IDs is OFF.
#   Splashpage is ON.
#   xlog for data plots is ON.
#   ylog for data plots is OFF.
#
#   Default plot rebin settings for all plot groups:
#   Min. Signif.   Max. # Bins   Error Type
#        0.00000             1         quad
#
# Responses read: 
#   HED_GRB190206.rsp associated with spectrum 1 source 1
#      energies: 40 channels: 23
#   KW20190206_T13763_1.rmf associated with spectrum 2 source 1 data group 2
#      energies: 263 channels: 32
#   KW20190206_T13763_2.rmf associated with spectrum 3 source 1 data group 2
#      energies: 263 channels: 28
# Distinct RMF files: 
#     /Users/andreas/phys/master/GRB/xspec/GRB190206A_new/HED_GRB190206.rsp     /Users/andreas/phys/master/GRB/xspec/GRB190206A_new/KW20190206_T13763_1.rmf     /Users/andreas/phys/master/GRB/xspec/GRB190206A_new/KW20190206_T13763_2.rmf
#
#3 files 3 spectra 
#Spectrum 1  Spectral Data File: HED_GRB190206_gr20.pha
#Net count rate (cts/s) for Spectrum:1  1.944e+04 +/- 6.442e+02 (75.1 % total)
# Assigned to Data Group 1 and Plot Group 1
#  Noticed Channels:  5-13
#  Telescope: ASIM Instrument: MXGS: HED  Channel Type: PI
#  Exposure Time: 0.064 sec
# Using fit statistic: chi
# Using Background File                HED_GRB190206.bak
#  Background Exposure Time: 0.6 sec
# Using Response (RMF) File            HED_GRB190206.rsp for Source 1
#
# Spectral data counts: 1656
# Model predicted rate: 1.94820E+04
#
#Spectrum 2  Spectral Data File: KW_1_gr20.pha
#Net count rate (cts/s) for Spectrum:2  1.803e+04 +/- 7.866e+02 (93.7 % total)
# Assigned to Data Group 2 and Plot Group 2
#  Noticed Channels:  1-20
#  Telescope: WIND Instrument: KONUS  Channel Type: PHA
#  Exposure Time: 0.03111 sec
# Using fit statistic: chi
# Using Background File                KW20190206_T13763_1_bg.pha
#  Background Exposure Time: 162.4 sec
# Using Response (RMF) File            KW20190206_T13763_1.rmf for Source 1
# Using Auxiliary Response (ARF) File  KW20190206_T13763.arf
#
# Spectral data counts: 599
# Model predicted rate: 1.76909E+04
#
#Spectrum 3  Spectral Data File: KW_2_gr20.pha
#Net count rate (cts/s) for Spectrum:3  6.474e+03 +/- 3.821e+02 (95.3 % total)
# Assigned to Data Group 2 and Plot Group 3
#  Noticed Channels:  1-12
#  Telescope: WIND Instrument: KONUS  Channel Type: PHA
#  Exposure Time: 0.04653 sec
# Using fit statistic: chi
# Using Background File                KW20190206_T13763_2_bg.pha
#  Background Exposure Time: 168.8 sec
# Using Response (RMF) File            KW20190206_T13763_2.rmf for Source 1
# Using Auxiliary Response (ARF) File  KW20190206_T13763.arf
#
# Spectral data counts: 316
# Model predicted rate: 5730.60
#
#
#Current model list:
#
#========================================================================
#Model constant<1>*cflux<2>*ngrbep<3> Source No.: 1   Active/On
#Model Model Component  Parameter  Unit     Value
# par  comp
#                           Data group: 1
#   1    1   constant   factor              2.68350      +/-  0.196218     
#   2    2   cflux      Emin       keV      10.0000      frozen
#   3    2   cflux      Emax       keV      1.00000E+04  frozen
#   4    2   cflux      lg10Flux   cgs      -3.66713     +/-  2.45931E-02  
#   5    3   ngrbep     alpha               -0.268787    +/-  9.41396E-02  
#   6    3   ngrbep     beta                -2.91207     +/-  0.225352     
#   7    3   ngrbep     epeak      keV      1000.000     +/-  81.7779      
#   8    3   ngrbep     enorm      keV      100.000      frozen
#   9    3   ngrbep     norm                1.00000      frozen
#                           Data group: 2
#  10    1   constant   factor              1.00000      frozen
#  11    2   cflux      Emin       keV      10.0000      = p2
#  12    2   cflux      Emax       keV      1.00000E+04  = p3
#  13    2   cflux      lg10Flux   cgs      -3.66713     = p4
#  14    3   ngrbep     alpha               -0.268787    = p5
#  15    3   ngrbep     beta                -2.91207     = p6
#  16    3   ngrbep     epeak      keV      1000.000     = p7
#  17    3   ngrbep     enorm      keV      100.000      = p8
#  18    3   ngrbep     norm                1.00000      frozen
#________________________________________________________________________
#
#   Using energies from responses.
#
#Fit statistic  : Chi-Squared                    7.83     using 9 bins.
#                 Chi-Squared                   25.60     using 20 bins.
#                 Chi-Squared                   15.61     using 12 bins.
#Total fit statistic                            49.04     with 36 d.o.f.
#
#Test statistic : Chi-Squared                   49.04     using 41 bins.
# Null hypothesis probability of 7.23e-02 with 36 degrees of freedom
#
#Bayes is off
#
#
!XSPEC12> log none
#