#XSPEC version: 12.12.1
#Build Date/Time: Fri Jul  1 23:38:21 2022
#
!XSPEC12> data HED_PHA_1_grp.fits 
#***Warning: Data file HED_PHA_1_grp.fits has both POISSERR key set to 'true' and a STAT_ERR column.
#   XSPEC will assume Poisson errors.
#
#1 spectrum  in use
# 
#Spectral Data File: HED_PHA_1_grp.fits  Spectrum 1
#Net count rate (cts/s) for Spectrum:1  4.475e+04 +/- 8.362e+02
# Assigned to Data Group 1 and Plot Group 1
#  Noticed Channels:  1-29
#  Telescope: ASIM Instrument: MXGS: HED  Channel Type: PI
#  Exposure Time: 0.064 sec
# Using fit statistic: chi
# No response loaded.
#
#***Warning!  One or more spectra are missing responses,
#               and are not suitable for fit.
#
!XSPEC12> backgrnd HED_Bak_1.fits
#***Warning: Background file HED_Bak_1.fits has both POISSERR key set to 'true' and a STAT_ERR column.
#   XSPEC will use assume Poisson errors.
#Net count rate (cts/s) for Spectrum:1  3.393e+04 +/- 8.442e+02 (75.8 % total)
#***Warning!  One or more spectra are missing responses,
#               and are not suitable for fit.
#
!XSPEC12> response HED_RMF_1.fits 
#Warning: RMF INSTRUMENT keyword (MXGS) is not consistent with spectrum (MXGS: HED)
#Response successfully loaded.
#
!XSPEC12> plot data
#
!XSPEC12> ignore 0.-400.
#    17 channels (1-17) ignored in spectrum #     1
#
#
!XSPEC12> plot data
#
!XSPEC12> set plot channel
#channel
#
!XSPEC12> plot data
#
!XSPEC12> setplot channel
#
!XSPEC12> plot data
#
!XSPEC12> notice 17
#     1 channels (17-17) noticed in spectrum #     1
#
#
!XSPEC12> plot data
#
!XSPEC12> ignore 29
#     1 channels (29-29) ignored in spectrum #     1
#
#
!XSPEC12> plot data
#
!XSPEC12> setplot energy
#
!XSPEC12> plot data
#
!XSPEC12> help cutoffpl
#
#Invalid help option. Valid options are:
#
#abund               addcomp             addline             
#appendix            arf                 autosave            
#backgrnd            bayes               chain               
#chatter             corfile             cornorm             
#cosmo               cpd                 data                
#delcomp             diagrsp             dummyrsp            
#editmod             energies            eqwidth             
#error               exit                fakeit              
#fit                 flux                freeze              
#ftest               gain                goodness            
#hardcopy            help                identify            
#ignore              initpackage         iplot               
#lmod                log                 lrt                 
#lumin               margin              mdefine             
#method              model               modid               
#multifake           newpar              notice              
#parallel            plot                query               
#renorm              rescalecov          response            
#save                script              setplot             
#show                simftest            statistic           
#steppar             syscall             systematic          
#tclout              tcloutr             thaw                
#time                undo                untie               
#version             weight              writefits           
#xsect               xset                
#
#  To get help for a particular model component, enter 
#"help model <comp name>". (To view list of model components, 
#enter "model".)
#
#
!XSPEC12> help model cutoffpl
#couldn't execute "firefox": no such file or directory
#
!XSPEC12> help model cutoffpl
#couldn't execute "firefox": no such file or directory
#
!XSPEC12> help model cutoffpl
#couldn't execute "firefox": no such file or directory
#
!XSPEC12> model cutoffpl
#
#Input parameter value, delta, min, bot, top, and max values for ...
#              1       0.01(      0.01)         -3         -2          9         10
#             15       0.01(      0.15)       0.01          1        500        500
#              1       0.01(      0.01)          0          0      1e+20      1e+24
#
#========================================================================
#Model cutoffpl<1> Source No.: 1   Active/On
#Model Model Component  Parameter  Unit     Value
# par  comp
#1   1       cutoffpl   PhoIndex            1.00000      +/-  0.0          
#2   1       cutoffpl   HighECut   keV      15.0000      +/-  0.0          
#3   1       cutoffpl   norm                1.00000      +/-  0.0          
#________________________________________________________________________
#
#
#Fit statistic  : Chi-Squared                 1428.92     using 12 bins.
#
#Test statistic : Chi-Squared                 1428.92     using 12 bins.
# Null hypothesis probability of 4.36e-302 with 9 degrees of freedom
# Current data and model not fit yet.
#