#XSPEC version: 12.12.1
#Build Date/Time: Fri Jul  1 23:38:21 2022
#
!XSPEC12> initpackage ngrbep lmodel.dat /Users/andreas/phys/master/GRB_local/local_mod/
#
#Local model library has been built from model definition and code files in:
#/Users/andreas/phys/master/GRB_local/local_mod/
#
#
!XSPEC12> lmod ngrbep /Users/andreas/phys/master/GRB_local/local_mod
#Model package ngrbep successfully loaded.
#
!XSPEC12> ls
#/bin/ls
#
!XSPEC12> data HED_PHA_1_grp.fits
#***Warning: Data file HED_PHA_1_grp.fits has both POISSERR key set to 'true' and a STAT_ERR column.
#   XSPEC will assume Poisson errors.
#Warning: RMF INSTRUMENT keyword (MXGS) is not consistent with spectrum (MXGS: HED)
#***Warning: Background file HED_Bak_1.fits has both POISSERR key set to 'true' and a STAT_ERR column.
#   XSPEC will use assume Poisson errors.
#
#1 spectrum  in use
# 
#Spectral Data File: HED_PHA_1_grp.fits  Spectrum 1
#Net count rate (cts/s) for Spectrum:1  3.393e+04 +/- 8.442e+02 (75.8 % total)
# Assigned to Data Group 1 and Plot Group 1
#  Noticed Channels:  1-29
#  Telescope: ASIM Instrument: MXGS: HED  Channel Type: PI
#  Exposure Time: 0.064 sec
# Using fit statistic: chi
# Using Background File                HED_Bak_1.fits
#  Background Exposure Time: 0.8 sec
# Using Response (RMF) File            HED_RMF_1.fits for Source 1
#
#
!XSPEC12> ignore 1-17
#    17 channels (1,17) ignored in spectrum #     1
#
#
!XSPEC12> cpd /xw
#
!XSPEC12> setpl en
#
!XSPEC12> plot lda
#
!XSPEC12> mod cutplep 
#
#Input parameter value, delta, min, bot, top, and max values for ...
#              1       0.01(      0.01)         -3         -2          9         10
#             15       0.01(      0.15)       0.01          1       1000      10000
#              1       0.01(      0.01)          0          0      1e+20      1e+24
#
#========================================================================
#Model cutplep<1> Source No.: 1   Active/On
#Model Model Component  Parameter  Unit     Value
# par  comp
#   1    1   cutplep    PhoIndex            0.500000     +/-  0.0          
#   2    1   cutplep    Epeak      keV      1600.00      +/-  0.0          
#   3    1   cutplep    norm                1.00000      +/-  0.0          
#________________________________________________________________________
#
#
#Fit statistic  : Chi-Squared                  895.40     using 12 bins.
#
#Test statistic : Chi-Squared                  895.40     using 12 bins.
# Null hypothesis probability of 6.07e-187 with 9 degrees of freedom
# Current data and model not fit yet.
#
!XSPEC12> renorm
#
#Fit statistic  : Chi-Squared                   53.54     using 12 bins.
#
#Test statistic : Chi-Squared                   53.54     using 12 bins.
# Null hypothesis probability of 2.31e-08 with 9 degrees of freedom
# Current data and model not fit yet.
#
!XSPEC12> fit 1000
# renorm: no renormalization necessary
#                                   Parameters
#Chi-Squared  |beta|/N    Lvl    1:PhoIndex       2:Epeak        3:norm
#51.0694      1.80942       3      0.500000       1569.70       10.6731
#50.646       62.1629       3      0.500000       1557.07       10.6731
#50.5736      87.4289       3      0.499999       1551.87       10.6732
#50.5605      97.6085       3      0.499998       1549.72       10.6732
#50.5573      101.747       3      0.499997       1548.84       10.6733
#========================================
# Variances and Principal Axes
#                 1        2        3  
# 2.7983E-05|  0.9999  -0.0002  -0.0151  
# 4.7042E+02|  0.0150   0.1204   0.9926  
# 1.0941E+04|  0.0017  -0.9927   0.1204  
#----------------------------------------
#
#====================================
#  Covariance Matrix
#        1           2           3   
#   1.360e-01  -1.715e+01   9.191e+00
#  -1.715e+01   1.079e+04  -1.252e+03
#   9.191e+00  -1.252e+03   6.222e+02
#------------------------------------
#
#========================================================================
#Model cutplep<1> Source No.: 1   Active/On
#Model Model Component  Parameter  Unit     Value
# par  comp
#   1    1   cutplep    PhoIndex            0.499997     +/-  0.368797     
#   2    1   cutplep    Epeak      keV      1548.84      +/-  103.869      
#   3    1   cutplep    norm                10.6733      +/-  24.9436      
#________________________________________________________________________
#
#
#Fit statistic  : Chi-Squared                   50.56     using 12 bins.
#
#Test statistic : Chi-Squared                   50.56     using 12 bins.
# Null hypothesis probability of 8.46e-08 with 9 degrees of freedom
#
!XSPEC12> fit 1000
#                                   Parameters
#Chi-Squared  |beta|/N    Lvl    1:PhoIndex       2:Epeak        3:norm
#45.7376      1.61786       3      0.499997       1522.47       11.2581
#45.3852      56.3321       3      0.499997       1511.45       11.2581
#45.3244      79.4127       3      0.499996       1506.88       11.2581
#45.3133      88.7798       3      0.499995       1504.99       11.2582
#45.3106      92.6098       3      0.499995       1504.20       11.2582
#========================================
# Variances and Principal Axes
#                 1        2        3  
# 2.7817E-05|  0.9999  -0.0002  -0.0144  
# 5.1851E+02|  0.0143   0.1389   0.9902  
# 1.0639E+04|  0.0018  -0.9903   0.1389  
#----------------------------------------
#
#====================================
#  Covariance Matrix
#        1           2           3   
#   1.410e-01  -1.824e+01   1.002e+01
#  -1.824e+01   1.044e+04  -1.392e+03
#   1.002e+01  -1.392e+03   7.135e+02
#------------------------------------
#
#========================================================================
#Model cutplep<1> Source No.: 1   Active/On
#Model Model Component  Parameter  Unit     Value
# par  comp
#   1    1   cutplep    PhoIndex            0.499995     +/-  0.375552     
#   2    1   cutplep    Epeak      keV      1504.20      +/-  102.197      
#   3    1   cutplep    norm                11.2582      +/-  26.7122      
#________________________________________________________________________
#
#
#Fit statistic  : Chi-Squared                   45.31     using 12 bins.
#
#Test statistic : Chi-Squared                   45.31     using 12 bins.
# Null hypothesis probability of 8.08e-07 with 9 degrees of freedom
#
!XSPEC12> fit 1000
#                                   Parameters
#Chi-Squared  |beta|/N    Lvl    1:PhoIndex       2:Epeak        3:norm
#41.3277      1.47711       3      0.499995       1481.10       11.8141
#41.0331      51.144        3      0.499994       1471.41       11.8141
#40.9818      72.266        3      0.499994       1467.38       11.8142
#40.9723      80.8915       3      0.499993       1465.70       11.8142
#========================================
# Variances and Principal Axes
#                 1        2        3  
# 2.7578E-05|  0.9999  -0.0002  -0.0138  
# 5.6208E+02|  0.0136   0.1570   0.9875  
# 1.0388E+04|  0.0020  -0.9876   0.1569  
#----------------------------------------
#
#====================================
#  Covariance Matrix
#        1           2           3   
#   1.451e-01  -1.916e+01   1.079e+01
#  -1.916e+01   1.015e+04  -1.523e+03
#   1.079e+01  -1.523e+03   8.040e+02
#------------------------------------
#
#========================================================================
#Model cutplep<1> Source No.: 1   Active/On
#Model Model Component  Parameter  Unit     Value
# par  comp
#   1    1   cutplep    PhoIndex            0.499993     +/-  0.380859     
#   2    1   cutplep    Epeak      keV      1465.70      +/-  100.726      
#   3    1   cutplep    norm                11.8142      +/-  28.3548      
#________________________________________________________________________
#
#
#Fit statistic  : Chi-Squared                   40.97     using 12 bins.
#
#Test statistic : Chi-Squared                   40.97     using 12 bins.
# Null hypothesis probability of 5.06e-06 with 9 degrees of freedom
#
!XSPEC12> fit 1000
#                                   Parameters
#Chi-Squared  |beta|/N    Lvl    1:PhoIndex       2:Epeak        3:norm
#37.7259      1.37817       3      0.499993       1445.30       12.3321
#37.4779      46.5993       3      0.499992       1436.71       12.3322
#37.4343      65.9896       3      0.499992       1433.12       12.3322
#37.4262      73.9533       3      0.499991       1431.62       12.3323
#========================================
# Variances and Principal Axes
#                 1        2        3  
# 2.7487E-05|  0.9999  -0.0002  -0.0132  
# 6.0446E+02|  0.0130   0.1751   0.9845  
# 1.0239E+04|  0.0021  -0.9846   0.1751  
#----------------------------------------
#
#====================================
#  Covariance Matrix
#        1           2           3   
#   1.497e-01  -2.015e+01   1.159e+01
#  -2.015e+01   9.943e+03  -1.661e+03
#   1.159e+01  -1.661e+03   8.997e+02
#------------------------------------
#
#========================================================================
#Model cutplep<1> Source No.: 1   Active/On
#Model Model Component  Parameter  Unit     Value
# par  comp
#   1    1   cutplep    PhoIndex            0.499991     +/-  0.386872     
#   2    1   cutplep    Epeak      keV      1431.62      +/-  99.7157      
#   3    1   cutplep    norm                12.3323      +/-  29.9943      
#________________________________________________________________________
#
#
#Fit statistic  : Chi-Squared                   37.43     using 12 bins.
#
#Test statistic : Chi-Squared                   37.43     using 12 bins.
# Null hypothesis probability of 2.21e-05 with 9 degrees of freedom
#
!XSPEC12> fit 1000
#                                   Parameters
#Chi-Squared  |beta|/N    Lvl    1:PhoIndex       2:Epeak        3:norm
#34.7096      1.30867       3      0.499991       1413.51       12.8236
#34.5         42.5234       3      0.499991       1405.87       12.8236
#34.463       60.3498       3      0.499991       1402.66       12.8237
#34.4561      67.7074       3      0.499990       1401.32       12.8237
#========================================
# Variances and Principal Axes
#                 1        2        3  
# 2.7417E-05|  0.9999  -0.0002  -0.0128  
# 6.4402E+02|  0.0126   0.1929   0.9811  
# 1.0140E+04|  0.0023  -0.9812   0.1929  
#----------------------------------------
#
#====================================
#  Covariance Matrix
#        1           2           3   
#   1.541e-01  -2.109e+01   1.239e+01
#  -2.109e+01   9.786e+03  -1.797e+03
#   1.239e+01  -1.797e+03   9.972e+02
#------------------------------------
#
#========================================================================
#Model cutplep<1> Source No.: 1   Active/On
#Model Model Component  Parameter  Unit     Value
# par  comp
#   1    1   cutplep    PhoIndex            0.499990     +/-  0.392537     
#   2    1   cutplep    Epeak      keV      1401.32      +/-  98.9255      
#   3    1   cutplep    norm                12.8237      +/-  31.5790      
#________________________________________________________________________
#
#
#Fit statistic  : Chi-Squared                   34.46     using 12 bins.
#
#Test statistic : Chi-Squared                   34.46     using 12 bins.
# Null hypothesis probability of 7.43e-05 with 9 degrees of freedom
#
!XSPEC12> fit 1000
#                                   Parameters
#Chi-Squared  |beta|/N    Lvl    1:PhoIndex       2:Epeak        3:norm
#32.1739      1.26325       3      0.499990       1385.16       13.2893
#31.9964      38.8548       3      0.499990       1378.33       13.2893
#31.9647      55.2666       3      0.499989       1375.45       13.2894
#31.9588      62.0702       3      0.499989       1374.24       13.2894
#========================================
# Variances and Principal Axes
#                 1        2        3  
# 2.7363E-05|  0.9999  -0.0002  -0.0123  
# 6.8066E+02|  0.0121   0.2102   0.9776  
# 1.0078E+04|  0.0024  -0.9777   0.2102  
#----------------------------------------
#
#====================================
#  Covariance Matrix
#        1           2           3   
#   1.582e-01  -2.198e+01   1.316e+01
#  -2.198e+01   9.663e+03  -1.931e+03
#   1.316e+01  -1.931e+03   1.096e+03
#------------------------------------
#
#========================================================================
#Model cutplep<1> Source No.: 1   Active/On
#Model Model Component  Parameter  Unit     Value
# par  comp
#   1    1   cutplep    PhoIndex            0.499989     +/-  0.397806     
#   2    1   cutplep    Epeak      keV      1374.24      +/-  98.2995      
#   3    1   cutplep    norm                13.2894      +/-  33.1010      
#________________________________________________________________________
#
#
#Fit statistic  : Chi-Squared                   31.96     using 12 bins.
#
#Test statistic : Chi-Squared                   31.96     using 12 bins.
# Null hypothesis probability of 2.02e-04 with 9 degrees of freedom
#
!XSPEC12> fit 1000
#                                   Parameters
#Chi-Squared  |beta|/N    Lvl    1:PhoIndex       2:Epeak        3:norm
#30.0349      1.23602       3      0.499989       1359.77       13.7302
#29.884       35.5488       3      0.499988       1353.64       13.7303
#29.8569      50.6738       3      0.499988       1351.05       13.7303
#29.8518      56.9699       3      0.499988       1349.96       13.7303
#========================================
# Variances and Principal Axes
#                 1        2        3  
# 2.7322E-05|  0.9999  -0.0002  -0.0120  
# 7.1456E+02|  0.0117   0.2269   0.9738  
# 1.0048E+04|  0.0025  -0.9739   0.2269  
#----------------------------------------
#
#====================================
#  Covariance Matrix
#        1           2           3   
#   1.622e-01  -2.282e+01   1.391e+01
#  -2.282e+01   9.568e+03  -2.062e+03
#   1.391e+01  -2.062e+03   1.195e+03
#------------------------------------
#
#========================================================================
#Model cutplep<1> Source No.: 1   Active/On
#Model Model Component  Parameter  Unit     Value
# par  comp
#   1    1   cutplep    PhoIndex            0.499988     +/-  0.402792     
#   2    1   cutplep    Epeak      keV      1349.96      +/-  97.8154      
#   3    1   cutplep    norm                13.7303      +/-  34.5676      
#________________________________________________________________________
#
#
#Fit statistic  : Chi-Squared                   29.85     using 12 bins.
#
#Test statistic : Chi-Squared                   29.85     using 12 bins.
# Null hypothesis probability of 4.65e-04 with 9 degrees of freedom
#
!XSPEC12> fit 1000
#                                   Parameters
#Chi-Squared  |beta|/N    Lvl    1:PhoIndex       2:Epeak        3:norm
#28.2248      1.22362       3      0.499988       1336.95       14.1473
#28.0963      32.5578       3      0.499987       1331.43       14.1473
#28.0731      46.5127       3      0.499987       1329.09       14.1474
#28.0687      52.3461       3      0.499986       1328.10       14.1474
#========================================
# Variances and Principal Axes
#                 1        2        3  
# 2.7292E-05|  0.9999  -0.0002  -0.0117  
# 7.4573E+02|  0.0114   0.2429   0.9700  
# 1.0046E+04|  0.0026  -0.9700   0.2429  
#----------------------------------------
#
#====================================
#  Covariance Matrix
#        1           2           3   
#   1.661e-01  -2.363e+01   1.465e+01
#  -2.363e+01   9.497e+03  -2.192e+03
#   1.465e+01  -2.192e+03   1.294e+03
#------------------------------------
#
#========================================================================
#Model cutplep<1> Source No.: 1   Active/On
#Model Model Component  Parameter  Unit     Value
# par  comp
#   1    1   cutplep    PhoIndex            0.499986     +/-  0.407519     
#   2    1   cutplep    Epeak      keV      1328.10      +/-  97.4548      
#   3    1   cutplep    norm                14.1474      +/-  35.9784      
#________________________________________________________________________
#
#
#Fit statistic  : Chi-Squared                   28.07     using 12 bins.
#
#Test statistic : Chi-Squared                   28.07     using 12 bins.
# Null hypothesis probability of 9.29e-04 with 9 degrees of freedom
#
!XSPEC12> fit 1000
#                                   Parameters
#Chi-Squared  |beta|/N    Lvl    1:PhoIndex       2:Epeak        3:norm
#26.6886      1.2219        3      0.499987       1316.37       14.5415
#26.5789      29.8459       3      0.499986       1311.38       14.5415
#26.559       42.7366       3      0.499986       1309.26       14.5415
#26.5552      48.1436       3      0.499986       1308.36       14.5416
#========================================
# Variances and Principal Axes
#                 1        2        3  
# 2.7269E-05|  0.9999  -0.0002  -0.0114  
# 7.7426E+02|  0.0110   0.2581   0.9660  
# 1.0060E+04|  0.0027  -0.9661   0.2581  
#----------------------------------------
#
#====================================
#  Covariance Matrix
#        1           2           3   
#   1.696e-01  -2.438e+01   1.536e+01
#  -2.438e+01   9.441e+03  -2.316e+03
#   1.536e+01  -2.316e+03   1.393e+03
#------------------------------------
#
#========================================================================
#Model cutplep<1> Source No.: 1   Active/On
#Model Model Component  Parameter  Unit     Value
# par  comp
#   1    1   cutplep    PhoIndex            0.499986     +/-  0.411871     
#   2    1   cutplep    Epeak      keV      1308.36      +/-  97.1668      
#   3    1   cutplep    norm                14.5416      +/-  37.3217      
#________________________________________________________________________
#
#
#Fit statistic  : Chi-Squared                   26.56     using 12 bins.
#
#Test statistic : Chi-Squared                   26.56     using 12 bins.
# Null hypothesis probability of 1.66e-03 with 9 degrees of freedom
#
!XSPEC12> fit 1000
#                                   Parameters
#Chi-Squared  |beta|/N    Lvl    1:PhoIndex       2:Epeak        3:norm
#25.3815      1.22944       3      0.499986       1297.75       14.9138
#25.2877      27.3829       3      0.499985       1293.22       14.9139
#25.2705      39.3017       3      0.499985       1291.30       14.9139
#25.2673      44.3165       3      0.499985       1290.48       14.9139
#========================================
# Variances and Principal Axes
#                 1        2        3  
# 2.7253E-05|  0.9999  -0.0002  -0.0111  
# 8.0024E+02|  0.0107   0.2726   0.9621  
# 1.0093E+04|  0.0028  -0.9621   0.2726  
#----------------------------------------
#
#====================================
#  Covariance Matrix
#        1           2           3   
#   1.730e-01  -2.509e+01   1.605e+01
#  -2.509e+01   9.403e+03  -2.437e+03
#   1.605e+01  -2.437e+03   1.491e+03
#------------------------------------
#
#========================================================================
#Model cutplep<1> Source No.: 1   Active/On
#Model Model Component  Parameter  Unit     Value
# par  comp
#   1    1   cutplep    PhoIndex            0.499985     +/-  0.415991     
#   2    1   cutplep    Epeak      keV      1290.48      +/-  96.9674      
#   3    1   cutplep    norm                14.9139      +/-  38.6097      
#________________________________________________________________________
#
#
#Fit statistic  : Chi-Squared                   25.27     using 12 bins.
#
#Test statistic : Chi-Squared                   25.27     using 12 bins.
# Null hypothesis probability of 2.69e-03 with 9 degrees of freedom
#
!XSPEC12> fit 1000
#                                   Parameters
#Chi-Squared  |beta|/N    Lvl    1:PhoIndex       2:Epeak        3:norm
#24.2667      1.24364       3      0.499985       1280.86       15.2653
#24.1862      25.139        3      0.499984       1276.74       15.2653
#24.1715      36.1703       3      0.499984       1274.99       15.2654
#24.1687      40.8251       3      0.499984       1274.24       15.2654
#========================================
# Variances and Principal Axes
#                 1        2        3  
# 2.7243E-05|  0.9999  -0.0002  -0.0109  
# 8.2409E+02|  0.0105   0.2863   0.9581  
# 1.0137E+04|  0.0029  -0.9581   0.2863  
#----------------------------------------
#
#====================================
#  Covariance Matrix
#        1           2           3   
#   1.763e-01  -2.576e+01   1.671e+01
#  -2.576e+01   9.374e+03  -2.554e+03
#   1.671e+01  -2.554e+03   1.587e+03
#------------------------------------
#
#========================================================================
#Model cutplep<1> Source No.: 1   Active/On
#Model Model Component  Parameter  Unit     Value
# par  comp
#   1    1   cutplep    PhoIndex            0.499984     +/-  0.419863     
#   2    1   cutplep    Epeak      keV      1274.24      +/-  96.8180      
#   3    1   cutplep    norm                15.2654      +/-  39.8391      
#________________________________________________________________________
#
#
#Fit statistic  : Chi-Squared                   24.17     using 12 bins.
#
#Test statistic : Chi-Squared                   24.17     using 12 bins.
# Null hypothesis probability of 4.04e-03 with 9 degrees of freedom
#
!XSPEC12> fit 1000
#                                   Parameters
#Chi-Squared  |beta|/N    Lvl    1:PhoIndex       2:Epeak        3:norm
#23.3138      1.26288       3      0.499984       1265.49       15.5969
#23.2447      23.093        3      0.499984       1261.75       15.5969
#23.232       33.31         3      0.499983       1260.15       15.5969
#23.2295      37.633        3      0.499983       1259.46       15.5970
#========================================
# Variances and Principal Axes
#                 1        2        3  
# 2.7236E-05|  0.9999  -0.0002  -0.0107  
# 8.4585E+02|  0.0102   0.2991   0.9542  
# 1.0188E+04|  0.0030  -0.9542   0.2991  
#----------------------------------------
#
#====================================
#  Covariance Matrix
#        1           2           3   
#   1.793e-01  -2.639e+01   1.735e+01
#  -2.639e+01   9.352e+03  -2.666e+03
#   1.735e+01  -2.666e+03   1.682e+03
#------------------------------------
#
#========================================================================
#Model cutplep<1> Source No.: 1   Active/On
#Model Model Component  Parameter  Unit     Value
# par  comp
#   1    1   cutplep    PhoIndex            0.499983     +/-  0.423454     
#   2    1   cutplep    Epeak      keV      1259.46      +/-  96.7045      
#   3    1   cutplep    norm                15.5970      +/-  41.0070      
#________________________________________________________________________
#
#
#Fit statistic  : Chi-Squared                   23.23     using 12 bins.
#
#Test statistic : Chi-Squared                   23.23     using 12 bins.
# Null hypothesis probability of 5.70e-03 with 9 degrees of freedom
#
!XSPEC12> fit 1000
#                                   Parameters
#Chi-Squared  |beta|/N    Lvl    1:PhoIndex       2:Epeak        3:norm
#22.4977      1.28533       3      0.499983       1251.49       15.9096
#22.4382      21.2223       3      0.499983       1248.07       15.9096
#22.4272      30.6942       3      0.499983       1246.61       15.9096
#22.4251      34.7114       3      0.499982       1245.98       15.9096
#========================================
# Variances and Principal Axes
#                 1        2        3  
# 2.7233E-05|  0.9999  -0.0002  -0.0105  
# 8.6554E+02|  0.0100   0.3112   0.9503  
# 1.0250E+04|  0.0030  -0.9503   0.3112  
#----------------------------------------
#
#====================================
#  Covariance Matrix
#        1           2           3   
#   1.822e-01  -2.699e+01   1.797e+01
#  -2.699e+01   9.341e+03  -2.776e+03
#   1.797e+01  -2.776e+03   1.774e+03
#------------------------------------
#
#========================================================================
#Model cutplep<1> Source No.: 1   Active/On
#Model Model Component  Parameter  Unit     Value
# par  comp
#   1    1   cutplep    PhoIndex            0.499982     +/-  0.426874     
#   2    1   cutplep    Epeak      keV      1245.98      +/-  96.6500      
#   3    1   cutplep    norm                15.9096      +/-  42.1242      
#________________________________________________________________________
#
#
#Fit statistic  : Chi-Squared                   22.43     using 12 bins.
#
#Test statistic : Chi-Squared                   22.43     using 12 bins.
# Null hypothesis probability of 7.63e-03 with 9 degrees of freedom
#
!XSPEC12> fit 1000
#                                   Parameters
#Chi-Squared  |beta|/N    Lvl    1:PhoIndex       2:Epeak        3:norm
#21.7973      1.31152       3      0.499982       1238.70       16.2043
#21.7461      19.5104       3      0.499982       1235.57       16.2043
#21.7366      28.2966       3      0.499982       1234.23       16.2043
#========================================
# Variances and Principal Axes
#                 1        2        3  
# 2.7124E-05|  0.9999  -0.0002  -0.0103  
# 8.8116E+02|  0.0098   0.3220   0.9467  
# 1.0274E+04|  0.0031  -0.9467   0.3220  
#----------------------------------------
#
#====================================
#  Covariance Matrix
#        1           2           3   
#   1.839e-01  -2.739e+01   1.846e+01
#  -2.739e+01   9.300e+03  -2.863e+03
#   1.846e+01  -2.863e+03   1.855e+03
#------------------------------------
#
#========================================================================
#Model cutplep<1> Source No.: 1   Active/On
#Model Model Component  Parameter  Unit     Value
# par  comp
#   1    1   cutplep    PhoIndex            0.499982     +/-  0.428878     
#   2    1   cutplep    Epeak      keV      1234.23      +/-  96.4346      
#   3    1   cutplep    norm                16.2043      +/-  43.0700      
#________________________________________________________________________
#
#
#Fit statistic  : Chi-Squared                   21.74     using 12 bins.
#
#Test statistic : Chi-Squared                   21.74     using 12 bins.
# Null hypothesis probability of 9.75e-03 with 9 degrees of freedom
#
!XSPEC12> fit 1000
#                                   Parameters
#Chi-Squared  |beta|/N    Lvl    1:PhoIndex       2:Epeak        3:norm
#21.2226      1.33749       3      0.499982       1227.54       16.4688
#21.1781      18.0128       3      0.499982       1224.66       16.4688
#21.1699      26.1994       3      0.499982       1223.42       16.4688
#========================================
# Variances and Principal Axes
#                 1        2        3  
# 2.7133E-05|  0.9999  -0.0002  -0.0101  
# 8.9705E+02|  0.0096   0.3322   0.9432  
# 1.0338E+04|  0.0032  -0.9432   0.3321  
#----------------------------------------
#
#====================================
#  Covariance Matrix
#        1           2           3   
#   1.864e-01  -2.789e+01   1.899e+01
#  -2.789e+01   9.297e+03  -2.958e+03
#   1.899e+01  -2.958e+03   1.939e+03
#------------------------------------
#
#========================================================================
#Model cutplep<1> Source No.: 1   Active/On
#Model Model Component  Parameter  Unit     Value
# par  comp
#   1    1   cutplep    PhoIndex            0.499982     +/-  0.431737     
#   2    1   cutplep    Epeak      keV      1223.42      +/-  96.4196      
#   3    1   cutplep    norm                16.4688      +/-  44.0285      
#________________________________________________________________________
#
#
#Fit statistic  : Chi-Squared                   21.17     using 12 bins.
#
#Test statistic : Chi-Squared                   21.17     using 12 bins.
# Null hypothesis probability of 1.19e-02 with 9 degrees of freedom
#
!XSPEC12> fit 1000
#                                   Parameters
#Chi-Squared  |beta|/N    Lvl    1:PhoIndex       2:Epeak        3:norm
#20.7244      1.36496       3      0.499982       1217.27       16.7186
#20.6857      16.6336       3      0.499982       1214.61       16.7187
#20.6785      24.265        3      0.499981       1213.47       16.7187
#========================================
# Variances and Principal Axes
#                 1        2        3  
# 2.7143E-05|  0.9999  -0.0002  -0.0100  
# 9.1150E+02|  0.0095   0.3417   0.9398  
# 1.0409E+04|  0.0032  -0.9398   0.3417  
#----------------------------------------
#
#====================================
#  Covariance Matrix
#        1           2           3   
#   1.888e-01  -2.837e+01   1.951e+01
#  -2.837e+01   9.300e+03  -3.050e+03
#   1.951e+01  -3.050e+03   2.020e+03
#------------------------------------
#
#========================================================================
#Model cutplep<1> Source No.: 1   Active/On
#Model Model Component  Parameter  Unit     Value
# par  comp
#   1    1   cutplep    PhoIndex            0.499981     +/-  0.434492     
#   2    1   cutplep    Epeak      keV      1213.47      +/-  96.4376      
#   3    1   cutplep    norm                16.7187      +/-  44.9471      
#________________________________________________________________________
#
#
#Fit statistic  : Chi-Squared                   20.68     using 12 bins.
#
#Test statistic : Chi-Squared                   20.68     using 12 bins.
# Null hypothesis probability of 1.42e-02 with 9 degrees of freedom
#
!XSPEC12> fit 1000
#                                   Parameters
#Chi-Squared  |beta|/N    Lvl    1:PhoIndex       2:Epeak        3:norm
#20.2919      1.3928        3      0.499981       1207.80       16.9545
#20.2581      15.3599       3      0.499981       1205.35       16.9545
#20.2518      22.4779       3      0.499981       1204.29       16.9546
#========================================
# Variances and Principal Axes
#                 1        2        3  
# 2.7153E-05|  1.0000  -0.0002  -0.0099  
# 9.2467E+02|  0.0093   0.3506   0.9365  
# 1.0481E+04|  0.0032  -0.9365   0.3506  
#----------------------------------------
#
#====================================
#  Covariance Matrix
#        1           2           3   
#   1.910e-01  -2.883e+01   2.001e+01
#  -2.883e+01   9.306e+03  -3.138e+03
#   2.001e+01  -3.138e+03   2.099e+03
#------------------------------------
#
#========================================================================
#Model cutplep<1> Source No.: 1   Active/On
#Model Model Component  Parameter  Unit     Value
# par  comp
#   1    1   cutplep    PhoIndex            0.499981     +/-  0.437055     
#   2    1   cutplep    Epeak      keV      1204.29      +/-  96.4701      
#   3    1   cutplep    norm                16.9546      +/-  45.8179      
#________________________________________________________________________
#
#
#Fit statistic  : Chi-Squared                   20.25     using 12 bins.
#
#Test statistic : Chi-Squared                   20.25     using 12 bins.
# Null hypothesis probability of 1.64e-02 with 9 degrees of freedom
#
!XSPEC12> fit 1000
#                                   Parameters
#Chi-Squared  |beta|/N    Lvl    1:PhoIndex       2:Epeak        3:norm
#19.9159      1.4209        3      0.499981       1199.05       17.1772
#19.8865      14.1827       3      0.499981       1196.79       17.1772
#19.8809      20.8251       3      0.499981       1195.82       17.1772
#========================================
# Variances and Principal Axes
#                 1        2        3  
# 2.7164E-05|  1.0000  -0.0002  -0.0098  
# 9.3676E+02|  0.0092   0.3590   0.9333  
# 1.0552E+04|  0.0033  -0.9334   0.3589  
#----------------------------------------
#
#====================================
#  Covariance Matrix
#        1           2           3   
#   1.931e-01  -2.925e+01   2.048e+01
#  -2.925e+01   9.313e+03  -3.221e+03
#   2.048e+01  -3.221e+03   2.176e+03
#------------------------------------
#
#========================================================================
#Model cutplep<1> Source No.: 1   Active/On
#Model Model Component  Parameter  Unit     Value
# par  comp
#   1    1   cutplep    PhoIndex            0.499981     +/-  0.439447     
#   2    1   cutplep    Epeak      keV      1195.82      +/-  96.5043      
#   3    1   cutplep    norm                17.1772      +/-  46.6426      
#________________________________________________________________________
#
#
#Fit statistic  : Chi-Squared                   19.88     using 12 bins.
#
#Test statistic : Chi-Squared                   19.88     using 12 bins.
# Null hypothesis probability of 1.87e-02 with 9 degrees of freedom
#
!XSPEC12> fit 1000
#                                   Parameters
#Chi-Squared  |beta|/N    Lvl    1:PhoIndex       2:Epeak        3:norm
#19.5886      1.44853       3      0.499981       1190.97       17.3873
#19.563       13.0938       3      0.499981       1188.88       17.3873
#19.5582      19.2962       3      0.499980       1187.98       17.3873
#========================================
# Variances and Principal Axes
#                 1        2        3  
# 2.7175E-05|  1.0000  -0.0002  -0.0097  
# 9.4799E+02|  0.0091   0.3668   0.9303  
# 1.0623E+04|  0.0033  -0.9303   0.3668  
#----------------------------------------
#
#====================================
#  Covariance Matrix
#        1           2           3   
#   1.951e-01  -2.965e+01   2.093e+01
#  -2.965e+01   9.321e+03  -3.301e+03
#   2.093e+01  -3.301e+03   2.249e+03
#------------------------------------
#
#========================================================================
#Model cutplep<1> Source No.: 1   Active/On
#Model Model Component  Parameter  Unit     Value
# par  comp
#   1    1   cutplep    PhoIndex            0.499980     +/-  0.441720     
#   2    1   cutplep    Epeak      keV      1187.98      +/-  96.5460      
#   3    1   cutplep    norm                17.3873      +/-  47.4282      
#________________________________________________________________________
#
#
#Fit statistic  : Chi-Squared                   19.56     using 12 bins.
#
#Test statistic : Chi-Squared                   19.56     using 12 bins.
# Null hypothesis probability of 2.08e-02 with 9 degrees of freedom
#
!XSPEC12> pl lda delchi
#
!XSPEC12> ls
#/bin/ls
#
!XSPEC12> @cutplep_KW_ASIM.xcm
#
!XSPEC12>statistic chi
#Default fit statistic is set to: Chi-Squared
#   This will apply to all current and newly loaded spectra.
#
#Fit statistic  : Chi-Squared                   19.56     using 12 bins.
#
#Test statistic : Chi-Squared                   19.56     using 12 bins.
# Null hypothesis probability of 2.08e-02 with 9 degrees of freedom
# Current data and model not fit yet.
#
!XSPEC12>data 1:1 KW20190206_T13763_1_sp1_gr20.pha
#
#Spectrum #: 1 replaced 
#
#1 spectrum  in use
# 
#Spectral Data File: KW20190206_T13763_1_sp1_gr20.pha  Spectrum 1
#Net count rate (cts/s) for Spectrum:1  2.375e+04 +/- 8.993e+02 (94.4 % total)
# Assigned to Data Group 1 and Plot Group 1
#  Noticed Channels:  1-32
#  Telescope: WIND Instrument: KONUS  Channel Type: PHA
#  Exposure Time: 0.03111 sec
# Using fit statistic: chi
# Using Background File                KW20190206_T13763_1_bg.pha
#  Background Exposure Time: 162.4 sec
# Using Response (RMF) File            KW20190206_T13763_1.rmf for Source 1
# Using Auxiliary Response (ARF) File  KW20190206_T13763.arf
#
#
#Fit statistic  : Chi-Squared              1.614109e+06     using 32 bins.
#
#Test statistic : Chi-Squared              1.614109e+06     using 32 bins.
# Null hypothesis probability of 0.000000e+00 with 29 degrees of freedom
# Current data and model not fit yet.
#
!XSPEC12>data 1:2 KW20190206_T13763_2_sp1_gr20.pha
#Error: cannot read spectrum file KW20190206_T13763_2_sp1_gr20.pha
#
#1 spectrum  in use
# 
#
#Fit statistic  : Chi-Squared              1.614109e+06     using 32 bins.
#
#Test statistic : Chi-Squared              1.614109e+06     using 32 bins.
# Null hypothesis probability of 0.000000e+00 with 29 degrees of freedom
# Current data and model not fit yet.
#
!XSPEC12>data 2:3 HED_PHA_1_grp.fits
#***Warning: Data file HED_PHA_1_grp.fits has both POISSERR key set to 'true' and a STAT_ERR column.
#   XSPEC will assume Poisson errors.
#Warning: RMF INSTRUMENT keyword (MXGS) is not consistent with spectrum (MXGS: HED)
#***Warning: Background file HED_Bak_1.fits has both POISSERR key set to 'true' and a STAT_ERR column.
#   XSPEC will use assume Poisson errors.
#
#***Warning: invalid input spectrum number:
#            Correcting from 3 to 2
#
#2 spectra  in use
# 
#Spectral Data File: HED_PHA_1_grp.fits  Spectrum 2
#Net count rate (cts/s) for Spectrum:2  3.393e+04 +/- 8.442e+02 (75.8 % total)
# Assigned to Data Group 2 and Plot Group 2
#  Noticed Channels:  1-29
#  Telescope: ASIM Instrument: MXGS: HED  Channel Type: PI
#  Exposure Time: 0.064 sec
# Using fit statistic: chi
# Using Background File                HED_Bak_1.fits
#  Background Exposure Time: 0.8 sec
# Using Response (RMF) File            HED_RMF_1.fits for Source 1
#
#
#Fit statistic  : Chi-Squared              1.614109e+06     using 32 bins.
#                 Chi-Squared              3.059145e+07     using 29 bins.
#
#***Warning: Chi-square may not be valid due to bins with zero variance
#            in spectrum number: 2
#Total fit statistic                       3.220556e+07     with 58 d.o.f.
#
#Test statistic : Chi-Squared              3.220556e+07     using 61 bins.
#
#***Warning: Chi-square may not be valid due to bins with zero variance
#            in spectrum number(s): 2 
#
# Null hypothesis probability of 0.000000e+00 with 58 degrees of freedom
# Current data and model not fit yet.
#
!XSPEC12>ignore 1:28-32 2:13-28 3:1-17
#     5 channels (28,32) ignored in spectrum #     1
#    16 channels (13,28) ignored in spectrum #     2
#
#Fit statistic  : Chi-Squared                 2449.05     using 27 bins.
#                 Chi-Squared              1.786606e+07     using 13 bins.
#
#***Warning: Chi-square may not be valid due to bins with zero variance
#            in spectrum number: 2
#Total fit statistic                       1.786850e+07     with 37 d.o.f.
#
#Test statistic : Chi-Squared              1.786850e+07     using 40 bins.
#
#***Warning: Chi-square may not be valid due to bins with zero variance
#            in spectrum number(s): 2 
#
# Null hypothesis probability of 0.000000e+00 with 37 degrees of freedom
# Current data and model not fit yet.
#
#
!XSPEC12>lmod ngrbep /Users/andreas/phys/master/GRB_local/local_mod
#
!XSPEC12>lappend auto_path /Users/andreas/phys/master/GRB_local/local_mod
#Model package ngrbep successfully loaded.
#
!XSPEC12>method leven 10000 0.01
#
#Fit statistic  : Chi-Squared                 2449.05     using 27 bins.
#                 Chi-Squared              1.786606e+07     using 13 bins.
#
#***Warning: Chi-square may not be valid due to bins with zero variance
#            in spectrum number: 2
#Total fit statistic                       1.786850e+07     with 37 d.o.f.
#
#Test statistic : Chi-Squared              1.786850e+07     using 40 bins.
#
#***Warning: Chi-square may not be valid due to bins with zero variance
#            in spectrum number(s): 2 
#
# Null hypothesis probability of 0.000000e+00 with 37 degrees of freedom
# Current data and model not fit yet.
#
!XSPEC12>abund angr
# Solar Abundance Vector set to angr:  Anders E. & Grevesse N. Geochimica et Cosmochimica Acta 53, 197 (1989)
#
#Fit statistic  : Chi-Squared                 2449.05     using 27 bins.
#                 Chi-Squared              1.786606e+07     using 13 bins.
#
#***Warning: Chi-square may not be valid due to bins with zero variance
#            in spectrum number: 2
#Total fit statistic                       1.786850e+07     with 37 d.o.f.
#
#Test statistic : Chi-Squared              1.786850e+07     using 40 bins.
#
#***Warning: Chi-square may not be valid due to bins with zero variance
#            in spectrum number(s): 2 
#
# Null hypothesis probability of 0.000000e+00 with 37 degrees of freedom
# Current data and model not fit yet.
#
!XSPEC12>xsect vern
# Cross Section Table set to vern:  Verner, Ferland, Korista, and Yakovlev 1996
#
#Fit statistic  : Chi-Squared                 2449.05     using 27 bins.
#                 Chi-Squared              1.786606e+07     using 13 bins.
#
#***Warning: Chi-square may not be valid due to bins with zero variance
#            in spectrum number: 2
#Total fit statistic                       1.786850e+07     with 37 d.o.f.
#
#Test statistic : Chi-Squared              1.786850e+07     using 40 bins.
#
#***Warning: Chi-square may not be valid due to bins with zero variance
#            in spectrum number(s): 2 
#
# Null hypothesis probability of 0.000000e+00 with 37 degrees of freedom
# Current data and model not fit yet.
#
!XSPEC12>cosmo 70 0 0.73
#
#Fit statistic  : Chi-Squared                 2449.05     using 27 bins.
#                 Chi-Squared              1.786606e+07     using 13 bins.
#
#***Warning: Chi-square may not be valid due to bins with zero variance
#            in spectrum number: 2
#Total fit statistic                       1.786850e+07     with 37 d.o.f.
#
#Test statistic : Chi-Squared              1.786850e+07     using 40 bins.
#
#***Warning: Chi-square may not be valid due to bins with zero variance
#            in spectrum number(s): 2 
#
# Null hypothesis probability of 0.000000e+00 with 37 degrees of freedom
# Current data and model not fit yet.
#
!XSPEC12>xset delta 0.01
#Parameter delta values for fits will now be 0.01 * parValue
#
!XSPEC12>systematic 0
# Model systematic error set to 0
#
!XSPEC12>model  constant*cflux*cutplep  ;                1         -1          0          0      1e+10      1e+10  ;               20         -1          0          0      1e+06      1e+06  ;            10000         -1          0          0      1e+06      1e+06  ;         -3.68639       0.01       -100       -100        100        100  ;          0.46692       0.01         -3         -2          9         10  ;          1248.19        0.1       0.01          1       1000      10000  ;                1         -1          0          0      1e+20      1e+24  ;          2.73966       0.01          0          0      1e+10      1e+10  ;  = p2  ;  = p3  ;  = p4  ;  = p5  ;  = p6  ;  = p7
#
#========================================================================
#Model constant<1>*cflux<2>*cutplep<3> Source No.: 1   Active/On
#Model Model Component  Parameter  Unit     Value
# par  comp
#                           Data group: 1
#   1    1   constant   factor              1.00000      frozen
#   2    2   cflux      Emin       keV      20.0000      frozen
#   3    2   cflux      Emax       keV      1.00000E+04  frozen
#   4    2   cflux      lg10Flux   cgs      -3.68639     +/-  0.0          
#   5    3   cutplep    PhoIndex            0.466920     +/-  0.0          
#   6    3   cutplep    Epeak      keV      1248.19      +/-  0.0          
#   7    3   cutplep    norm                1.00000      frozen
#                           Data group: 2
#   8    1   constant   factor              2.73966      +/-  0.0          
#   9    2   cflux      Emin       keV      20.0000      = p2
#  10    2   cflux      Emax       keV      1.00000E+04  = p3
#  11    2   cflux      lg10Flux   cgs      -3.68639     = p4
#  12    3   cutplep    PhoIndex            0.466920     = p5
#  13    3   cutplep    Epeak      keV      1248.19      = p6
#  14    3   cutplep    norm                1.00000      = p7
#________________________________________________________________________
#
#
#Fit statistic  : Chi-Squared                   29.79     using 27 bins.
#                 Chi-Squared              1.618441e+07     using 13 bins.
#
#***Warning: Chi-square may not be valid due to bins with zero variance
#            in spectrum number: 2
#Total fit statistic                       1.618444e+07     with 36 d.o.f.
#
#Test statistic : Chi-Squared              1.618444e+07     using 40 bins.
#
#***Warning: Chi-square may not be valid due to bins with zero variance
#            in spectrum number(s): 2 
#
# Null hypothesis probability of 0.000000e+00 with 36 degrees of freedom
# Current data and model not fit yet.
#
!XSPEC12> cpd /xw
#