#XSPEC version: 12.12.1
#Build Date/Time: Fri Jul  1 23:38:21 2022
#
!XSPEC12> show all
#
#XSPEC version: 12.12.1
#
#Tue Jul  5 16:11:10 2022
# Auto-saving is done after every command.
# Fit statistic in use: Chi-Squared
# Minimization technique: Levenberg-Marquardt
#    Convergence criterion = 0.01
#    Parameter fit deltas: 0.01 * parValue
#Using chain rule to calculate statistic derivatives (faster method).
# Querying enabled.
# Prefit-renorming enabled.
# Solar abundance table: angr
# Photoionization Cross-Section Table:
#    vern:  Verner, Ferland, Korista, and Yakovlev 1996
# Cosmology in use: H0 = 70 q0 = 0 Lambda0 = 0.73
# Model data directory: /Users/andreas/phys/master/GRB_local/heasoft-6.30.1/x86_64-apple-darwin21.5.0/../spectral/manager/../modelData/
# Plot settings:
#   Showing of individual additive components is OFF.
#   Showing of background spectra is OFF.
#   Effective area normalization is OFF.
#   Current unit settings:
#      Energy     = keV
#      Wavelength = angstrom, with Y-Axis displayed per Hz
#   X-Axis data display mode: Energy
#   Spectra plots will be shifted to source frame by redshift value z: 0
#   Device: /xw
#   Plotting of line IDs is OFF.
#   Splashpage is ON.
#   xlog for data plots is ON.
#   ylog for data plots is OFF.
#
#   Default plot rebin settings for all plot groups:
#   Min. Signif.   Max. # Bins   Error Type
#        0.00000             1         quad
#
# Responses read: 
#   KW20190206_T13763_1.rmf associated with spectrum 1 source 1
#      energies: 263 channels: 32
#   KW20190206_T13763_2.rmf associated with spectrum 2 source 1
#      energies: 263 channels: 28
# Distinct RMF files: 
#     /Users/andreas/phys/master/GRB_local/kw_data_190206a/KW20190206_T13763_1.rmf     /Users/andreas/phys/master/GRB_local/kw_data_190206a/KW20190206_T13763_2.rmf
#
#2 files 2 spectra 
#Spectrum 1  Spectral Data File: KW20190206_T13763_1_sp1_GR20.pha
#Net count rate (cts/s) for Spectrum:1  1.894e+04 +/- 8.054e+02 (93.8 % total)
# Assigned to Data Group 1 and Plot Group 1
#  Noticed Channels:  1-21
#  Telescope: WIND Instrument: KONUS  Channel Type: PHA
#  Exposure Time: 0.03111 sec
# Using fit statistic: chi
# Using Background File                KW20190206_T13763_1_bg.pha
#  Background Exposure Time: 162.4 sec
# Using Response (RMF) File            KW20190206_T13763_1.rmf for Source 1
# Using Auxiliary Response (ARF) File  KW20190206_T13763.arf
#
# Spectral data counts: 628
# Model predicted rate: 1.80522E+04
#
#Spectrum 2  Spectral Data File: KW20190206_T13763_2_sp1_gr_20.pha
#Net count rate (cts/s) for Spectrum:2  6.474e+03 +/- 3.821e+02 (95.3 % total)
# Assigned to Data Group 1 and Plot Group 2
#  Noticed Channels:  1-12
#  Telescope: WIND Instrument: KONUS  Channel Type: PHA
#  Exposure Time: 0.04653 sec
# Using fit statistic: chi
# Using Background File                KW20190206_T13763_2_bg.pha
#  Background Exposure Time: 168.8 sec
# Using Response (RMF) File            KW20190206_T13763_2.rmf for Source 1
# Using Auxiliary Response (ARF) File  KW20190206_T13763.arf
#
# Spectral data counts: 316
# Model predicted rate: 6424.11
#
#
#Current model list:
#
#========================================================================
#Model grbm<1> Source No.: 1   Active/On
#Model Model Component  Parameter  Unit     Value
# par  comp
#   1    1   grbm       alpha               -0.518540    +/-  8.45593E-02  
#   2    1   grbm       beta                -2.98398     +/-  0.528866     
#   3    1   grbm       tem        keV      965.172      +/-  165.780      
#   4    1   grbm       norm                0.560322     +/-  3.27595E-02  
#________________________________________________________________________
#
#   Using energies from responses.
#
#Fit statistic  : Chi-Squared                   25.16     using 21 bins.
#                 Chi-Squared                    5.14     using 12 bins.
#Total fit statistic                            30.30     with 29 d.o.f.
#
#Test statistic : Chi-Squared                   30.30     using 33 bins.
# Null hypothesis probability of 3.99e-01 with 29 degrees of freedom
#
#Bayes is off
#
#
!XSPEC12> error 1
# Parameter   Confidence Range (2.706)
#     1     -0.59118    -0.343147    (-0.0726399,0.175393)
#
!XSPEC12> error 1. 1
# Parameter   Confidence Range (1)
#     1    -0.568115    -0.418055    (-0.0495752,0.100485)
#
!XSPEC12> error 2
# Parameter   Confidence Range (1)
#     2     -3.90461     -2.54449    (-0.920627,0.439495)
#
!XSPEC12> error 3
# Parameter   Confidence Range (1)
#***Warning: Zero alpha-matrix diagonal element for parameter 2
# Parameter 2 is pegged at -8.36215 due to zero or negative pivot element, likely
# caused by the fit being insensitive to the parameter.
#***Warning: Zero alpha-matrix diagonal element for parameter 2
# Parameter 2 is pegged at -8.36215 due to zero or negative pivot element, likely
# caused by the fit being insensitive to the parameter.
#***Warning: Zero alpha-matrix diagonal element for parameter 2
# Parameter 2 is pegged at -8.20714 due to zero or negative pivot element, likely
# caused by the fit being insensitive to the parameter.
#***Warning: Zero alpha-matrix diagonal element for parameter 2
# Parameter 2 is pegged at -8.20714 due to zero or negative pivot element, likely
# caused by the fit being insensitive to the parameter.
#***Warning: Zero alpha-matrix diagonal element for parameter 2
# Parameter 2 is pegged at -9.27456 due to zero or negative pivot element, likely
# caused by the fit being insensitive to the parameter.
#***Warning: Zero alpha-matrix diagonal element for parameter 2
# Parameter 2 is pegged at -9.27456 due to zero or negative pivot element, likely
# caused by the fit being insensitive to the parameter.
#***Warning: Zero alpha-matrix diagonal element for parameter 2
# Parameter 2 is pegged at -8.50995 due to zero or negative pivot element, likely
# caused by the fit being insensitive to the parameter.
#***Warning: Zero alpha-matrix diagonal element for parameter 2
# Parameter 2 is pegged at -8.50995 due to zero or negative pivot element, likely
# caused by the fit being insensitive to the parameter.
#***Warning: Zero alpha-matrix diagonal element for parameter 2
# Parameter 2 is pegged at -8.49767 due to zero or negative pivot element, likely
# caused by the fit being insensitive to the parameter.
#***Warning: Zero alpha-matrix diagonal element for parameter 2
# Parameter 2 is pegged at -8.49767 due to zero or negative pivot element, likely
# caused by the fit being insensitive to the parameter.
#***Warning: Zero alpha-matrix diagonal element for parameter 2
# Parameter 2 is pegged at -9.23039 due to zero or negative pivot element, likely
# caused by the fit being insensitive to the parameter.
#***Warning: Zero alpha-matrix diagonal element for parameter 2
# Parameter 2 is pegged at -9.23039 due to zero or negative pivot element, likely
# caused by the fit being insensitive to the parameter.
#
#***Warning: Number of trials exceeded before convergence.
#Current trial values 999.985, 1000.08
#and delta statistic 0.0316494, 6.15314
#
#     3      781.055      1033.35    (-184.117,68.1734)
#
!XSPEC12> steppar
#No parameters yet specified: summary of command:
#Perform fits while stepping the value of parameters through given range(s)
#    Syntax: steppar  <step spec> [ <step spec> ... ]
#     where  <step spec> ::= [log|nolog] [current|best] <param index> <low> <high> <# steps>
#
!XSPEC12> steppar log 3 100 5000 50
#
#     Chi-Squared    Delta              tem
#                 Chi-Squared             3
#
#          88.462      58.159    0         100
#          85.876      55.573    1      108.14
#          83.282      52.979    2      116.94
#          80.707      50.404    3      126.46
#          78.173       47.87    4      136.75
#          75.677      45.374    5      147.88
#          73.198      42.895    6      159.91
#          70.723      40.419    7      172.92
#          68.243       37.94    8         187
#          65.756      35.453    9      202.22
#          63.263      32.959   10      218.67
#          60.766      30.463   11      236.47
#          58.272      27.969   12      255.71
#          55.788      25.485   13      276.52
#          53.328      23.025   14      299.03
#           50.91      20.606   15      323.36
#          48.549      18.246   16      349.68
#          46.265      15.962   17      378.14
#          44.063       13.76   18      408.91
#          41.931      11.628   19      442.19
#          39.888      9.5844   20      478.18
#          37.977      7.6736   21      517.09
#          36.248      5.9445   22      559.17
#          34.729      4.4256   23      604.68
#          33.428      3.1246   24      653.89
#          32.349      2.0459   25      707.11
#          31.491      1.1874   26      764.65
#          30.848     0.54489   27      826.88
#          30.443     0.13994   28      894.18
#          30.303  0.00010664   29      966.95
#          30.472     0.16827   30      1045.6
#           30.99     0.68648   31      1130.7
#          31.868      1.5645   32      1222.8
#          33.161      2.8579   33      1322.3
#          35.272      4.9691   34      1429.9
#          38.258      7.9551   35      1546.2
#              43      12.697   36      1672.1
#          48.675      18.372   37      1808.2
#          55.734      25.431   38      1955.3
#          64.312      34.008   39      2114.4
#          65.768      35.465   40      2286.5
#          73.369      43.065   41      2472.6
#          81.437      51.133   42      2673.8
#          89.851      59.547   43      2891.4
#           98.49      68.187   44      3126.8
#          102.44      72.139   45      3381.2
#***Warning: Zero alpha-matrix diagonal element for parameter 2
# Parameter 2 is pegged at -9.37167 due to zero or negative pivot element, likely
# caused by the fit being insensitive to the parameter.
#           110.3      79.998   46      3656.4
#***Warning: Zero alpha-matrix diagonal element for parameter 2
# Parameter 2 is pegged at -9.37167 due to zero or negative pivot element, likely
# caused by the fit being insensitive to the parameter.
#***Warning: Zero alpha-matrix diagonal element for parameter 2
# Parameter 2 is pegged at -9.37167 due to zero or negative pivot element, likely
# caused by the fit being insensitive to the parameter.
#          118.36      88.059   47        3954
#***Warning: Zero alpha-matrix diagonal element for parameter 2
# Parameter 2 is pegged at -9.37167 due to zero or negative pivot element, likely
# caused by the fit being insensitive to the parameter.
#***Warning: Zero alpha-matrix diagonal element for parameter 2
# Parameter 2 is pegged at -9.37167 due to zero or negative pivot element, likely
# caused by the fit being insensitive to the parameter.
#          126.32      96.019   48      4275.7
#***Warning: Zero alpha-matrix diagonal element for parameter 2
# Parameter 2 is pegged at -9.37167 due to zero or negative pivot element, likely
# caused by the fit being insensitive to the parameter.
#***Warning: Zero alpha-matrix diagonal element for parameter 2
# Parameter 2 is pegged at -9.37167 due to zero or negative pivot element, likely
# caused by the fit being insensitive to the parameter.
#          134.13      103.82   49      4623.7
#***Warning: Zero alpha-matrix diagonal element for parameter 2
# Parameter 2 is pegged at -9.37167 due to zero or negative pivot element, likely
# caused by the fit being insensitive to the parameter.
#***Warning: Zero alpha-matrix diagonal element for parameter 2
# Parameter 2 is pegged at -9.37167 due to zero or negative pivot element, likely
# caused by the fit being insensitive to the parameter.
#          141.73      111.43   50        5000
#
!XSPEC12> log none
#