#XSPEC version: 12.13.0c
#Build Date/Time: Thu Jan 12 14:41:02 2023
#
!XSPEC12> fit 1000
#                                   Parameters
#Chi-Squared  |beta|/N    Lvl       1:alpha        2:beta       3:epeak        5:norm
#54.0609      0.000314577  -1     -0.543873      -2.30973       667.257      0.140819
#==================================================
# Variances and Principal Axes
#                 1        2        3        5  
# 2.1763E-05|  0.0472   0.0079   0.0002   0.9989  
# 3.4744E-03| -0.9943  -0.0955  -0.0011   0.0477  
# 3.7807E-02|  0.0957  -0.9954  -0.0012   0.0033  
# 8.4522E+03|  0.0010   0.0013  -1.0000   0.0001  
#--------------------------------------------------
#
#================================================
#  Covariance Matrix
#        1           2           3           4   
#   1.214e-02   7.639e-03  -8.407e+00   6.585e-04
#   7.639e-03   5.173e-02  -1.097e+01   9.165e-04
#  -8.407e+00  -1.097e+01   8.452e+03  -8.147e-01
#   6.585e-04   9.165e-04  -8.147e-01   1.086e-04
#------------------------------------------------
#
#========================================================================
#Model ngrbep<1> Source No.: 1   Active/On
#Model Model Component  Parameter  Unit     Value
# par  comp
#   1    1   ngrbep     alpha               -0.543873    +/-  0.110197     
#   2    1   ngrbep     beta                -2.30973     +/-  0.227444     
#   3    1   ngrbep     epeak      keV      667.257      +/-  91.9358      
#   4    1   ngrbep     enorm      keV      100.000      frozen
#   5    1   ngrbep     norm                0.140819     +/-  1.04201E-02  
#________________________________________________________________________
#
#
#Fit statistic  : Chi-Squared                   44.21     using 40 bins, spectrum 1.
#                 Chi-Squared                    9.86     using 12 bins, spectrum 2.
#Total fit statistic                            54.06     with 48 d.o.f.
#
#Test statistic : Chi-Squared                   54.06     using 52 bins.
# Null hypothesis probability of 2.54e-01 with 48 degrees of freedom
#
!XSPEC12> err 1-3
# Parameter   Confidence Range (2.706)
#     1    -0.707151    -0.336305    (-0.163274,0.207571)
#     2      -2.9296     -2.02573    (-0.61986,0.28401)
#     3      514.097      847.359    (-153.162,180.099)
#
!XSPEC12> log none
#