#XSPEC version: 12.13.0c
#Build Date/Time: Thu Jan 12 14:41:02 2023
#
!XSPEC12> show da
#
#4 files 4 spectra 
#Spectrum 1  Spectral Data File: FERMI_GRB211211A_n2_4_gr20.pha
#Net count rate (cts/s) for Spectrum:1  3.601e+04 +/- 3.999e+02 (97.1 % total)
# Assigned to Data Group 1 and Plot Group 1
#  Noticed Channels:  6-104
#  Telescope: GLAST Instrument: GBM  Channel Type: PHA
#  Exposure Time: 0.2321 sec
# Using fit statistic: chi
# Using Background File                FERMI_GRB211211A_n2.bak
#  Background Exposure Time: 0.2911 sec
# Using Response (RMF) File            FERMI_GRB211211A_n2.rsp for Source 1
#
#Spectrum 2  Spectral Data File: FERMI_GRB211211A_na_4_gr20.pha
#Net count rate (cts/s) for Spectrum:2  2.703e+04 +/- 3.450e+02 (95.9 % total)
# Assigned to Data Group 1 and Plot Group 2
#  Noticed Channels:  7-103
#  Telescope: GLAST Instrument: GBM  Channel Type: PHA
#  Exposure Time: 0.2371 sec
# Using fit statistic: chi
# Using Background File                FERMI_GRB211211A_na.bak
#  Background Exposure Time: 0.2973 sec
# Using Response (RMF) File            FERMI_GRB211211A_na.rsp for Source 1
#
#Spectrum 3  Spectral Data File: FERMI_GRB211211A_b0_4_gr20.pha
#Net count rate (cts/s) for Spectrum:3  1.325e+04 +/- 2.480e+02 (90.3 % total)
# Assigned to Data Group 1 and Plot Group 3
#  Noticed Channels:  6-55
#  Telescope: GLAST Instrument: GBM  Channel Type: PHA
#  Exposure Time: 0.2389 sec
# Using fit statistic: chi
# Using Background File                FERMI_GRB211211A_b0.bak
#  Background Exposure Time: 0.2996 sec
# Using Response (RMF) File            FERMI_GRB211211A_b0.rsp for Source 1
#
#Spectrum 4  Spectral Data File: HED_GRB211211A_4_gr20.pha
#Net count rate (cts/s) for Spectrum:4  5.194e+03 +/- 2.022e+02 (48.0 % total)
# Assigned to Data Group 2 and Plot Group 4
#  Noticed Channels:  4-22
#  Telescope: ASIM Instrument: MXGS: HED  Channel Type: PI
#  Exposure Time: 0.32 sec
# Using fit statistic: chi
# Using Background File                HED_GRB211211A.bak
#  Background Exposure Time: 0.8 sec
# Using Response (RMF) File            HED_GRB211211A_4.rsp for Source 1
#
#
!XSPEC12> fit 1000
#                                   Parameters
#Chi-Squared  |beta|/N    Lvl       2:alpha        3:beta       4:epeak        6:norm      7:factor
#394.296      0.225629      2     -0.807298      -2.46998       897.744       1.05131      0.481106
#============================================================
# Variances and Principal Axes
#                 2        3        4        6        7  
# 5.5832E-05|  0.5563   0.0660   0.0006   0.8092   0.1770  
# 7.9585E-05|  0.8126   0.0222   0.0001  -0.5773   0.0770  
# 3.1447E-04| -0.1679   0.0597   0.0003  -0.1034   0.9785  
# 1.6808E-03| -0.0449   0.9958   0.0006  -0.0345  -0.0721  
# 9.5175E+02|  0.0004   0.0006  -1.0000   0.0004   0.0004  
#------------------------------------------------------------
#
#============================================================
#  Covariance Matrix
#        1           2           3           4           5   
#   2.039e-04   1.419e-04  -3.406e-01   1.373e-04   9.199e-05
#   1.419e-04   2.053e-03  -6.055e-01   1.937e-04   1.255e-04
#  -3.406e-01  -6.055e-01   9.517e+02  -3.953e-01  -3.570e-01
#   1.373e-04   1.937e-04  -3.953e-01   2.326e-04   1.251e-04
#   9.199e-05   1.255e-04  -3.570e-01   1.251e-04   4.460e-04
#------------------------------------------------------------
#
#========================================================================
#Model constant<1>*ngrbep<2> Source No.: 1   Active/On
#Model Model Component  Parameter  Unit     Value
# par  comp
#                           Data group: 1
#   1    1   constant   factor              1.00000      frozen
#   2    2   ngrbep     alpha               -0.807298    +/-  1.42808E-02  
#   3    2   ngrbep     beta                -2.46998     +/-  4.53130E-02  
#   4    2   ngrbep     epeak      keV      897.744      +/-  30.8504      
#   5    2   ngrbep     enorm      keV      100.000      frozen
#   6    2   ngrbep     norm                1.05131      +/-  1.52528E-02  
#                           Data group: 2
#   7    1   constant   factor              0.481106     +/-  2.11182E-02  
#   8    2   ngrbep     alpha               -0.807298    = p2
#   9    2   ngrbep     beta                -2.46998     = p3
#  10    2   ngrbep     epeak      keV      897.744      = p4
#  11    2   ngrbep     enorm      keV      100.000      = p5
#  12    2   ngrbep     norm                1.05131      = p6
#________________________________________________________________________
#
#
#Fit statistic  : Chi-Squared                  143.23     using 99 bins, spectrum 1, group 1.
#                 Chi-Squared                  145.72     using 97 bins, spectrum 2, group 1.
#                 Chi-Squared                   87.11     using 50 bins, spectrum 3, group 1.
#                 Chi-Squared                   18.24     using 19 bins, spectrum 4, group 2.
#Total fit statistic                           394.30     with 260 d.o.f.
#
#Test statistic : Chi-Squared                  394.30     using 265 bins.
# Null hypothesis probability of 1.45e-07 with 260 degrees of freedom
#
!XSPEC12> err 2-4
# Parameter   Confidence Range (2.706)
#     2    -0.836492    -0.780033    (-0.0291937,0.027265)
#     3      -2.5751     -2.39263    (-0.105118,0.0773522)
#     4      832.635      978.717    (-65.1088,80.9731)
#
!XSPEC12> log none
#