#XSPEC version: 12.13.0c
#Build Date/Time: Thu Jan 12 14:41:02 2023
#
!XSPEC12> show da
#
#4 files 4 spectra 
#Spectrum 1  Spectral Data File: FERMI_GRB211211A_n2_gr20.pha
#Net count rate (cts/s) for Spectrum:1  3.082e+04 +/- 3.297e+02 (96.6 % total)
# Assigned to Data Group 1 and Plot Group 1
#  Noticed Channels:  6-105
#  Telescope: GLAST Instrument: GBM  Channel Type: PHA
#  Exposure Time: 0.2938 sec
# Using fit statistic: chi
# Using Background File                FERMI_GRB211211A_n2.bak
#  Background Exposure Time: 0.3551 sec
# Using Response (RMF) File            FERMI_GRB211211A_n2.rsp for Source 1
#
#Spectrum 2  Spectral Data File: FERMI_GRB211211A_na_1_gr20.pha
#Net count rate (cts/s) for Spectrum:2  2.318e+04 +/- 2.855e+02 (95.2 % total)
# Assigned to Data Group 1 and Plot Group 2
#  Noticed Channels:  7-104
#  Telescope: GLAST Instrument: GBM  Channel Type: PHA
#  Exposure Time: 0.299 sec
# Using fit statistic: chi
# Using Background File                FERMI_GRB211211A_na.bak
#  Background Exposure Time: 0.3613 sec
# Using Response (RMF) File            FERMI_GRB211211A_na.rsp for Source 1
#
#Spectrum 3  Spectral Data File: FERMI_GRB211211A_b0_1_gr20.pha
#Net count rate (cts/s) for Spectrum:3  1.017e+04 +/- 1.951e+02 (88.6 % total)
# Assigned to Data Group 1 and Plot Group 3
#  Noticed Channels:  6-56
#  Telescope: GLAST Instrument: GBM  Channel Type: PHA
#  Exposure Time: 0.302 sec
# Using fit statistic: chi
# Using Background File                FERMI_GRB211211A_b0_1.bak
#  Background Exposure Time: 0.3649 sec
# Using Response (RMF) File            FERMI_GRB211211A_b0_1.rsp for Source 1
#
#Spectrum 4  Spectral Data File: HED_GRB211211A_1_gr20.pha
#Net count rate (cts/s) for Spectrum:4  4.271e+03 +/- 1.766e+02 (45.1 % total)
# Assigned to Data Group 2 and Plot Group 4
#  Noticed Channels:  5-22
#  Telescope: ASIM Instrument: MXGS: HED  Channel Type: PI
#  Exposure Time: 0.384 sec
# Using fit statistic: chi
# Using Background File                HED_GRB211211A.bak
#  Background Exposure Time: 0.8 sec
# Using Response (RMF) File            HED_GRB211211A_1.rsp for Source 1
#
#
!XSPEC12> fit 1000
#                                   Parameters
#Chi-Squared  |beta|/N    Lvl       2:alpha        3:beta       4:epeak        6:norm      7:factor
#457.079      0.0026391     2     -0.849262      -2.41880       801.643      0.922292      0.538846
#============================================================
# Variances and Principal Axes
#                 2        3        4        6        7  
# 4.5800E-05|  0.0621   0.0531   0.0005   0.9932   0.0834  
# 7.2057E-05|  0.9878   0.0664   0.0004  -0.0752   0.1188  
# 4.2865E-04|  0.1352  -0.1826  -0.0003   0.0827  -0.9703  
# 1.5513E-03| -0.0451   0.9795   0.0006  -0.0333  -0.1934  
# 9.6226E+02|  0.0004   0.0007  -1.0000   0.0004   0.0003  
#------------------------------------------------------------
#
#============================================================
#  Covariance Matrix
#        1           2           3           4           5   
#   2.297e-04   1.978e-04  -3.776e-01   1.650e-04   7.012e-05
#   1.978e-04   2.002e-03  -6.930e-01   2.394e-04  -2.608e-05
#  -3.776e-01  -6.930e-01   9.623e+02  -4.088e-01  -2.654e-01
#   1.650e-04   2.394e-04  -4.088e-01   2.239e-04   9.147e-05
#   7.012e-05  -2.608e-05  -2.654e-01   9.147e-05   5.362e-04
#------------------------------------------------------------
#
#========================================================================
#Model constant<1>*ngrbep<2> Source No.: 1   Active/On
#Model Model Component  Parameter  Unit     Value
# par  comp
#                           Data group: 1
#   1    1   constant   factor              1.00000      frozen
#   2    2   ngrbep     alpha               -0.849262    +/-  1.51554E-02  
#   3    2   ngrbep     beta                -2.41880     +/-  4.47454E-02  
#   4    2   ngrbep     epeak      keV      801.643      +/-  31.0203      
#   5    2   ngrbep     enorm      keV      100.000      frozen
#   6    2   ngrbep     norm                0.922292     +/-  1.49635E-02  
#                           Data group: 2
#   7    1   constant   factor              0.538846     +/-  2.31552E-02  
#   8    2   ngrbep     alpha               -0.849262    = p2
#   9    2   ngrbep     beta                -2.41880     = p3
#  10    2   ngrbep     epeak      keV      801.643      = p4
#  11    2   ngrbep     enorm      keV      100.000      = p5
#  12    2   ngrbep     norm                0.922292     = p6
#________________________________________________________________________
#
#
#Fit statistic  : Chi-Squared                  150.62     using 100 bins, spectrum 1, group 1.
#                 Chi-Squared                  172.40     using 98 bins, spectrum 2, group 1.
#                 Chi-Squared                  118.49     using 51 bins, spectrum 3, group 1.
#                 Chi-Squared                   15.57     using 18 bins, spectrum 4, group 2.
#Total fit statistic                           457.08     with 262 d.o.f.
#
#Test statistic : Chi-Squared                  457.08     using 267 bins.
# Null hypothesis probability of 9.13e-13 with 262 degrees of freedom
#
!XSPEC12> err 2-4
# Parameter   Confidence Range (2.706)
#     2    -0.877205    -0.818493    (-0.027943,0.0307693)
#     3     -2.50529     -2.34314    (-0.0864938,0.0756607)
#     4      736.391      870.368    (-65.252,68.7251)
#
!XSPEC12> log none
#