#XSPEC version: 12.12.1
#Build Date/Time: Fri Jul  1 23:38:21 2022
#
!XSPEC12> show all
#
#XSPEC version: 12.12.1
#
#Sat Aug  6 12:30:47 2022
# Auto-saving is done after every command.
# Fit statistic in use: Chi-Squared
# Minimization technique: Levenberg-Marquardt
#    Convergence criterion = 0.01
#    Parameter fit deltas: 0.01 * parValue
#Using chain rule to calculate statistic derivatives (faster method).
# Querying enabled.
# Prefit-renorming enabled.
# Solar abundance table: angr
# Photoionization Cross-Section Table:
#    vern:  Verner, Ferland, Korista, and Yakovlev 1996
# Cosmology in use: H0 = 70 q0 = 0 Lambda0 = 0.73
# Model data directory: /Users/andreas/phys/master/GRB_local/heasoft-6.30.1/x86_64-apple-darwin21.5.0/../spectral/manager/../modelData/
# Plot settings:
#   Showing of individual additive components is OFF.
#   Showing of background spectra is OFF.
#   Effective area normalization is OFF.
#   Current unit settings:
#      Energy     = keV
#      Wavelength = angstrom, with Y-Axis displayed per Hz
#   X-Axis data display mode: Energy
#   Spectra plots will be shifted to source frame by redshift value z: 0
#   Device: /xw
#   Plotting of line IDs is OFF.
#   Splashpage is ON.
#   xlog for data plots is ON.
#   ylog for data plots is OFF.
#
#   Default plot rebin settings for all plot groups:
#   Min. Signif.   Max. # Bins   Error Type
#        0.00000             1         quad
#
# Responses read: 
#   GRB211211A_n2_2main.rsp associated with spectrum 1 source 1
#      energies: 140 channels: 128
# Distinct RMF files: 
#     /Users/andreas/phys/master/FERMI/GRB211211A/GRB211211A_n2_2main.rsp
#
#1 file 1 spectrum 
#Spectrum 1  Spectral Data File: GRB211211A_n2_2main_gr50.pha
#Net count rate (cts/s) for Spectrum:1  1.138e+04 +/- 4.165e+01 (96.1 % total)
# Assigned to Data Group 1 and Plot Group 1
#  Noticed Channels:  34-127
#  Telescope: GLAST Instrument: GBM  Channel Type: PHA
#  Exposure Time: 6.833 sec
# Using fit statistic: chi
# Using Background File                GRB211211A_n2_2main.bak
#  Background Exposure Time: 6.927 sec
# Using Response (RMF) File            GRB211211A_n2_2main.rsp for Source 1
#
# Spectral data counts: 80984
# Model predicted rate: 1.13618E+04
#
#
#Current model list:
#
#========================================================================
#Model ngrbep<1> Source No.: 1   Active/On
#Model Model Component  Parameter  Unit     Value
# par  comp
#   1    1   ngrbep     alpha               -0.729500    +/-  6.44137E-02  
#   2    1   ngrbep     beta                -1.59724     +/-  1.84006E-02  
#   3    1   ngrbep     epeak      keV      313.637      +/-  27.7691      
#   4    1   ngrbep     enorm      keV      100.000      frozen
#   5    1   ngrbep     norm                0.774011     +/-  4.73303E-02  
#________________________________________________________________________
#
#   Using energies from responses.
#
#Fit statistic  : Chi-Squared                  115.05     using 94 bins.
#
#Test statistic : Chi-Squared                  115.05     using 94 bins.
# Null hypothesis probability of 3.87e-02 with 90 degrees of freedom
#
#Bayes is off
#
#
!XSPEC12> show data
#
#1 file 1 spectrum 
#Spectrum 1  Spectral Data File: GRB211211A_n2_2main_gr50.pha
#Net count rate (cts/s) for Spectrum:1  1.138e+04 +/- 4.165e+01 (96.1 % total)
# Assigned to Data Group 1 and Plot Group 1
#  Noticed Channels:  34-127
#  Telescope: GLAST Instrument: GBM  Channel Type: PHA
#  Exposure Time: 6.833 sec
# Using fit statistic: chi
# Using Background File                GRB211211A_n2_2main.bak
#  Background Exposure Time: 6.927 sec
# Using Response (RMF) File            GRB211211A_n2_2main.rsp for Source 1
#
#
!XSPEC12> error 1 2 3 
# Parameter   Confidence Range (2.706)
#     1    -0.819023    -0.619638    (-0.0895226,0.109862)
#     2      -1.6268     -1.57007    (-0.0295544,0.0271686)
#     3      273.752      357.726    (-39.8853,44.0888)
#
!XSPEC12> log none
#