#XSPEC version: 12.13.0c
#Build Date/Time: Thu Jan 12 14:41:02 2023
#
!XSPEC12> show da
#
#4 files 4 spectra 
#Spectrum 1  Spectral Data File: FERMI_GRB211211A_n2_2_gr20.pha
#Net count rate (cts/s) for Spectrum:1  3.230e+04 +/- 4.361e+02 (96.8 % total)
# Assigned to Data Group 1 and Plot Group 1
#  Noticed Channels:  4-94
#  Telescope: GLAST Instrument: GBM  Channel Type: PHA
#  Exposure Time: 0.1756 sec
# Using fit statistic: chi
# Using Background File                FERMI_GRB211211A_n2.bak
#  Background Exposure Time: 0.2336 sec
# Using Response (RMF) File            FERMI_GRB211211A_n2.rsp for Source 1
#
#Spectrum 2  Spectral Data File: FERMI_GRB211211A_na_2_gr20.pha
#Net count rate (cts/s) for Spectrum:2  2.345e+04 +/- 3.705e+02 (95.3 % total)
# Assigned to Data Group 1 and Plot Group 2
#  Noticed Channels:  5-92
#  Telescope: GLAST Instrument: GBM  Channel Type: PHA
#  Exposure Time: 0.1794 sec
# Using fit statistic: chi
# Using Background File                FERMI_GRB211211A_na.bak
#  Background Exposure Time: 0.239 sec
# Using Response (RMF) File            FERMI_GRB211211A_na.rsp for Source 1
#
#Spectrum 3  Spectral Data File: FERMI_GRB211211A_b0_2_gr20.pha
#Net count rate (cts/s) for Spectrum:3  1.062e+04 +/- 2.559e+02 (89.7 % total)
# Assigned to Data Group 1 and Plot Group 3
#  Noticed Channels:  6-49
#  Telescope: GLAST Instrument: GBM  Channel Type: PHA
#  Exposure Time: 0.181 sec
# Using fit statistic: chi
# Using Background File                FERMI_GRB211211A_b0.bak
#  Background Exposure Time: 0.2414 sec
# Using Response (RMF) File            FERMI_GRB211211A_b0.rsp for Source 1
#
#Spectrum 4  Spectral Data File: HED_GRB211211A_2_gr20.pha
#Net count rate (cts/s) for Spectrum:4  4.502e+03 +/- 1.873e+02 (57.0 % total)
# Assigned to Data Group 2 and Plot Group 4
#  Noticed Channels:  4-14
#  Telescope: ASIM Instrument: MXGS: HED  Channel Type: PI
#  Exposure Time: 0.256 sec
# Using fit statistic: chi
# Using Background File                HED_GRB211211A.bak
#  Background Exposure Time: 0.8 sec
# Using Response (RMF) File            HED_GRB211211A_2.rsp for Source 1
#
#
!XSPEC12> fit 1000
#                                   Parameters
#Chi-Squared  |beta|/N    Lvl       2:alpha        3:beta       4:epeak        6:norm      7:factor
#332.165      0.0264017    -3     -0.678892      -1.81982       434.733       1.22050      0.483107
#============================================================
# Variances and Principal Axes
#                 2        3        4        6        7  
# 9.9164E-05| -0.2194   0.4637   0.0014   0.8311   0.2149  
# 1.4011E-04|  0.7913   0.5171   0.0008  -0.1540   0.2877  
# 4.3300E-04|  0.5306  -0.3251   0.0011   0.4811  -0.6176  
# 9.9704E-04| -0.2103   0.6418  -0.0002  -0.2327  -0.6998  
# 9.6810E+02|  0.0009   0.0006  -1.0000   0.0016  -0.0001  
#------------------------------------------------------------
#
#============================================================
#  Covariance Matrix
#        1           2           3           4           5   
#   1.065e-03   3.430e-04  -8.839e-01   1.544e-03  -2.289e-05
#   3.430e-04   8.313e-04  -5.531e-01   6.992e-04  -3.646e-04
#  -8.839e-01  -5.531e-01   9.681e+02  -1.555e+00   6.020e-02
#   1.544e-03   6.992e-04  -1.555e+00   2.725e-03  -5.153e-05
#  -2.289e-05  -3.646e-04   6.020e-02  -5.153e-05   6.733e-04
#------------------------------------------------------------
#
#========================================================================
#Model constant<1>*ngrbep<2> Source No.: 1   Active/On
#Model Model Component  Parameter  Unit     Value
# par  comp
#                           Data group: 1
#   1    1   constant   factor              1.00000      frozen
#   2    2   ngrbep     alpha               -0.678892    +/-  3.26417E-02  
#   3    2   ngrbep     beta                -1.81982     +/-  2.88328E-02  
#   4    2   ngrbep     epeak      keV      434.733      +/-  31.1143      
#   5    2   ngrbep     enorm      keV      100.000      frozen
#   6    2   ngrbep     norm                1.22050      +/-  5.22021E-02  
#                           Data group: 2
#   7    1   constant   factor              0.483107     +/-  2.59479E-02  
#   8    2   ngrbep     alpha               -0.678892    = p2
#   9    2   ngrbep     beta                -1.81982     = p3
#  10    2   ngrbep     epeak      keV      434.733      = p4
#  11    2   ngrbep     enorm      keV      100.000      = p5
#  12    2   ngrbep     norm                1.22050      = p6
#________________________________________________________________________
#
#
#Fit statistic  : Chi-Squared                  118.33     using 91 bins, spectrum 1, group 1.
#                 Chi-Squared                  125.26     using 88 bins, spectrum 2, group 1.
#                 Chi-Squared                   64.64     using 44 bins, spectrum 3, group 1.
#                 Chi-Squared                   23.94     using 11 bins, spectrum 4, group 2.
#Total fit statistic                           332.17     with 229 d.o.f.
#
#Test statistic : Chi-Squared                  332.17     using 234 bins.
# Null hypothesis probability of 9.66e-06 with 229 degrees of freedom
#
!XSPEC12> err 2-4
# Parameter   Confidence Range (2.706)
#     2    -0.741514    -0.604448    (-0.0628279,0.0742374)
#     3     -1.88255     -1.76341    (-0.0629097,0.0562309)
#     4      366.169      509.747    (-68.3189,75.2586)
#
!XSPEC12> log none
#